mode: set
2019_1_undefined_penguins/internal/app/game/engine.go:8.36,9.27 1 0
2019_1_undefined_penguins/internal/app/game/engine.go:9.27,11.3 1 0
2019_1_undefined_penguins/internal/app/game/engine.go:11.8,13.3 1 0
2019_1_undefined_penguins/internal/app/game/engine.go:16.50,18.15 2 0
2019_1_undefined_penguins/internal/app/game/engine.go:22.2,26.32 3 0
2019_1_undefined_penguins/internal/app/game/engine.go:18.15,20.3 1 0
2019_1_undefined_penguins/internal/app/game/engine.go:26.32,29.3 2 0
2019_1_undefined_penguins/internal/app/game/engine.go:32.53,34.27 2 0
2019_1_undefined_penguins/internal/app/game/engine.go:41.2,42.61 2 0
2019_1_undefined_penguins/internal/app/game/engine.go:34.27,37.3 1 0
2019_1_undefined_penguins/internal/app/game/engine.go:37.8,39.3 1 0
2019_1_undefined_penguins/internal/app/game/engine.go:45.40,52.2 1 0
2019_1_undefined_penguins/internal/app/game/game.go:15.35,20.2 1 0
2019_1_undefined_penguins/internal/app/game/game.go:22.23,27.6 2 0
2019_1_undefined_penguins/internal/app/game/game.go:27.6,30.32 2 0
2019_1_undefined_penguins/internal/app/game/game.go:38.3,42.25 4 0
2019_1_undefined_penguins/internal/app/game/game.go:30.32,31.48 1 0
2019_1_undefined_penguins/internal/app/game/game.go:31.48,33.18 2 0
2019_1_undefined_penguins/internal/app/game/game.go:46.43,49.2 2 0
2019_1_undefined_penguins/internal/app/game/game.go:51.37,53.2 1 0
2019_1_undefined_penguins/internal/pkg/database/tools.go:9.48,11.18 2 0
2019_1_undefined_penguins/internal/pkg/database/tools.go:18.2,18.14 1 0
2019_1_undefined_penguins/internal/pkg/database/tools.go:11.18,13.77 2 0
2019_1_undefined_penguins/internal/pkg/database/tools.go:16.3,16.31 1 0
2019_1_undefined_penguins/internal/pkg/database/tools.go:13.77,15.4 1 0
2019_1_undefined_penguins/internal/pkg/fileserver/fileserver.go:8.20,18.2 4 0
2019_1_undefined_penguins/internal/pkg/middleware/middleware.go:14.53,15.71 1 0
2019_1_undefined_penguins/internal/pkg/middleware/middleware.go:15.71,24.28 7 0
2019_1_undefined_penguins/internal/pkg/middleware/middleware.go:28.3,28.23 1 0
2019_1_undefined_penguins/internal/pkg/middleware/middleware.go:24.28,26.4 1 0
2019_1_undefined_penguins/internal/pkg/middleware/middleware.go:32.54,33.71 1 0
2019_1_undefined_penguins/internal/pkg/middleware/middleware.go:33.71,34.16 1 0
2019_1_undefined_penguins/internal/pkg/middleware/middleware.go:40.3,40.23 1 0
2019_1_undefined_penguins/internal/pkg/middleware/middleware.go:34.16,35.36 1 0
2019_1_undefined_penguins/internal/pkg/middleware/middleware.go:35.36,38.5 2 0
2019_1_undefined_penguins/internal/pkg/middleware/middleware.go:44.53,45.71 1 0
2019_1_undefined_penguins/internal/pkg/middleware/middleware.go:45.71,46.28 1 0
2019_1_undefined_penguins/internal/pkg/middleware/middleware.go:50.3,52.39 2 0
2019_1_undefined_penguins/internal/pkg/middleware/middleware.go:57.3,57.85 1 0
2019_1_undefined_penguins/internal/pkg/middleware/middleware.go:66.3,66.66 1 0
2019_1_undefined_penguins/internal/pkg/middleware/middleware.go:71.3,71.23 1 0
2019_1_undefined_penguins/internal/pkg/middleware/middleware.go:46.28,49.4 2 0
2019_1_undefined_penguins/internal/pkg/middleware/middleware.go:52.39,55.4 2 0
2019_1_undefined_penguins/internal/pkg/middleware/middleware.go:57.85,58.59 1 0
2019_1_undefined_penguins/internal/pkg/middleware/middleware.go:63.4,63.22 1 0
2019_1_undefined_penguins/internal/pkg/middleware/middleware.go:58.59,62.5 3 0
2019_1_undefined_penguins/internal/pkg/middleware/middleware.go:66.66,70.4 3 0
2019_1_undefined_penguins/internal/pkg/helpers/passwords.go:7.52,10.2 2 0
2019_1_undefined_penguins/internal/pkg/helpers/passwords.go:12.52,15.2 2 0
2019_1_undefined_penguins/internal/pkg/helpers/logs.go:5.33,7.2 1 1
2019_1_undefined_penguins/internal/app/game/main.go:10.20,14.70 3 0
2019_1_undefined_penguins/internal/app/game/main.go:38.2,40.42 2 0
2019_1_undefined_penguins/internal/app/game/main.go:14.70,18.17 3 0
2019_1_undefined_penguins/internal/app/game/main.go:24.3,25.17 2 0
2019_1_undefined_penguins/internal/app/game/main.go:31.3,35.29 4 0
2019_1_undefined_penguins/internal/app/game/main.go:18.17,22.4 3 0
2019_1_undefined_penguins/internal/app/game/main.go:25.17,29.4 3 0
2019_1_undefined_penguins/internal/pkg/controllers/auth.go:19.53,22.16 2 0
2019_1_undefined_penguins/internal/pkg/controllers/auth.go:27.2,30.16 4 0
2019_1_undefined_penguins/internal/pkg/controllers/auth.go:35.2,37.18 2 0
2019_1_undefined_penguins/internal/pkg/controllers/auth.go:42.2,42.67 1 0
2019_1_undefined_penguins/internal/pkg/controllers/auth.go:46.2,55.16 4 0
2019_1_undefined_penguins/internal/pkg/controllers/auth.go:61.2,70.16 3 0
2019_1_undefined_penguins/internal/pkg/controllers/auth.go:75.2,76.16 2 0
2019_1_undefined_penguins/internal/pkg/controllers/auth.go:22.16,25.3 2 0
2019_1_undefined_penguins/internal/pkg/controllers/auth.go:30.16,33.3 2 0
2019_1_undefined_penguins/internal/pkg/controllers/auth.go:37.18,40.3 2 0
2019_1_undefined_penguins/internal/pkg/controllers/auth.go:42.67,45.3 2 0
2019_1_undefined_penguins/internal/pkg/controllers/auth.go:55.16,59.3 3 0
2019_1_undefined_penguins/internal/pkg/controllers/auth.go:70.16,73.3 2 0
2019_1_undefined_penguins/internal/pkg/controllers/auth.go:79.53,81.16 2 0
2019_1_undefined_penguins/internal/pkg/controllers/auth.go:86.2,90.16 4 0
2019_1_undefined_penguins/internal/pkg/controllers/auth.go:95.2,96.18 2 0
2019_1_undefined_penguins/internal/pkg/controllers/auth.go:101.2,104.16 3 0
2019_1_undefined_penguins/internal/pkg/controllers/auth.go:110.2,119.16 4 0
2019_1_undefined_penguins/internal/pkg/controllers/auth.go:125.2,135.16 5 0
2019_1_undefined_penguins/internal/pkg/controllers/auth.go:140.2,141.16 2 0
2019_1_undefined_penguins/internal/pkg/controllers/auth.go:81.16,85.3 3 0
2019_1_undefined_penguins/internal/pkg/controllers/auth.go:90.16,94.3 3 0
2019_1_undefined_penguins/internal/pkg/controllers/auth.go:96.18,99.3 2 0
2019_1_undefined_penguins/internal/pkg/controllers/auth.go:104.16,108.3 3 0
2019_1_undefined_penguins/internal/pkg/controllers/auth.go:119.16,123.3 3 0
2019_1_undefined_penguins/internal/pkg/controllers/auth.go:135.16,138.3 2 0
2019_1_undefined_penguins/internal/pkg/controllers/auth.go:144.54,146.16 2 0
2019_1_undefined_penguins/internal/pkg/controllers/auth.go:152.2,154.30 3 0
2019_1_undefined_penguins/internal/pkg/controllers/auth.go:146.16,150.3 3 0
2019_1_undefined_penguins/internal/pkg/controllers/auth.go:157.58,159.2 1 0
2019_1_undefined_penguins/cmd/main.go:9.13,11.23 2 0
2019_1_undefined_penguins/cmd/main.go:15.2,16.16 2 0
2019_1_undefined_penguins/cmd/main.go:11.23,13.3 1 0
2019_1_undefined_penguins/cmd/main.go:16.16,18.3 1 0
2019_1_undefined_penguins/internal/app/server/server.go:23.36,25.16 2 1
2019_1_undefined_penguins/internal/app/server/server.go:29.2,47.12 16 0
2019_1_undefined_penguins/internal/app/server/server.go:51.2,51.89 1 0
2019_1_undefined_penguins/internal/app/server/server.go:25.16,28.3 2 1
2019_1_undefined_penguins/internal/app/server/server.go:47.12,49.3 1 0
2019_1_undefined_penguins/internal/pkg/models/user.go:22.13,24.2 1 1
2019_1_undefined_penguins/internal/pkg/models/user.go:26.34,28.2 1 0
2019_1_undefined_penguins/internal/app/game/player.go:18.57,25.2 1 0
2019_1_undefined_penguins/internal/app/game/player.go:27.27,28.12 1 0
2019_1_undefined_penguins/internal/app/game/player.go:46.2,46.6 1 0
2019_1_undefined_penguins/internal/app/game/player.go:28.12,29.7 1 0
2019_1_undefined_penguins/internal/app/game/player.go:29.7,32.45 3 0
2019_1_undefined_penguins/internal/app/game/player.go:37.4,37.18 1 0
2019_1_undefined_penguins/internal/app/game/player.go:42.4,42.19 1 0
2019_1_undefined_penguins/internal/app/game/player.go:32.45,36.5 3 0
2019_1_undefined_penguins/internal/app/game/player.go:37.18,39.13 2 0
2019_1_undefined_penguins/internal/app/game/player.go:46.6,47.10 1 0
2019_1_undefined_penguins/internal/app/game/player.go:48.27,49.29 1 0
2019_1_undefined_penguins/internal/app/game/player.go:50.26,51.38 1 0
2019_1_undefined_penguins/internal/app/game/player.go:56.46,57.18 1 0
2019_1_undefined_penguins/internal/app/game/player.go:57.18,59.3 1 0
2019_1_undefined_penguins/internal/app/game/player.go:62.48,64.2 1 0
2019_1_undefined_penguins/internal/app/game/room.go:41.37,53.2 1 0
2019_1_undefined_penguins/internal/app/game/room.go:55.22,58.6 3 0
2019_1_undefined_penguins/internal/app/game/room.go:58.6,59.10 1 0
2019_1_undefined_penguins/internal/app/game/room.go:60.33,62.68 2 0
2019_1_undefined_penguins/internal/app/game/room.go:63.31,66.50 3 0
2019_1_undefined_penguins/internal/app/game/room.go:67.21,68.37 1 0
2019_1_undefined_penguins/internal/app/game/room.go:68.37,70.24 2 0
2019_1_undefined_penguins/internal/app/game/room.go:76.5,77.30 2 0
2019_1_undefined_penguins/internal/app/game/room.go:71.17,72.61 1 0
2019_1_undefined_penguins/internal/app/game/room.go:73.19,74.45 1 0
2019_1_undefined_penguins/internal/app/game/room.go:83.42,95.2 4 0
2019_1_undefined_penguins/internal/app/game/room.go:97.45,99.2 1 0
2019_1_undefined_penguins/internal/pkg/database/db.go:9.64,10.23 1 0
2019_1_undefined_penguins/internal/pkg/database/db.go:14.2,15.16 2 0
2019_1_undefined_penguins/internal/pkg/database/db.go:19.2,20.18 2 0
2019_1_undefined_penguins/internal/pkg/database/db.go:10.23,12.3 1 0
2019_1_undefined_penguins/internal/pkg/database/db.go:15.16,17.3 1 0
2019_1_undefined_penguins/internal/pkg/database/db.go:23.79,29.16 4 0
2019_1_undefined_penguins/internal/pkg/database/db.go:32.2,33.16 2 0
2019_1_undefined_penguins/internal/pkg/database/db.go:37.2,37.17 1 0
2019_1_undefined_penguins/internal/pkg/database/db.go:29.16,31.3 1 0
2019_1_undefined_penguins/internal/pkg/database/db.go:33.16,35.3 1 0
2019_1_undefined_penguins/internal/pkg/database/init_config.go:22.25,24.16 2 1
2019_1_undefined_penguins/internal/pkg/database/init_config.go:29.2,30.16 2 1
2019_1_undefined_penguins/internal/pkg/database/init_config.go:34.2,36.16 3 0
2019_1_undefined_penguins/internal/pkg/database/init_config.go:40.2,41.40 2 0
2019_1_undefined_penguins/internal/pkg/database/init_config.go:44.2,46.16 3 0
2019_1_undefined_penguins/internal/pkg/database/init_config.go:50.2,50.12 1 0
2019_1_undefined_penguins/internal/pkg/database/init_config.go:24.16,28.3 2 0
2019_1_undefined_penguins/internal/pkg/database/init_config.go:30.16,33.3 2 1
2019_1_undefined_penguins/internal/pkg/database/init_config.go:36.16,39.3 2 0
2019_1_undefined_penguins/internal/pkg/database/init_config.go:41.40,43.3 1 0
2019_1_undefined_penguins/internal/pkg/database/init_config.go:46.16,49.3 2 0
2019_1_undefined_penguins/internal/pkg/database/init_config.go:53.35,55.2 1 0
2019_1_undefined_penguins/internal/pkg/database/init_config.go:57.22,58.23 1 1
2019_1_undefined_penguins/internal/pkg/database/init_config.go:61.2,62.16 2 1
2019_1_undefined_penguins/internal/pkg/database/init_config.go:65.2,65.12 1 0
2019_1_undefined_penguins/internal/pkg/database/init_config.go:58.23,60.3 1 0
2019_1_undefined_penguins/internal/pkg/database/init_config.go:62.16,64.3 1 1
2019_1_undefined_penguins/internal/pkg/database/init_config.go:68.19,69.23 1 0
2019_1_undefined_penguins/internal/pkg/database/init_config.go:69.23,72.3 2 0
2019_1_undefined_penguins/internal/pkg/controllers/leaderboard.go:13.65,17.16 3 0
2019_1_undefined_penguins/internal/pkg/controllers/leaderboard.go:23.2,24.21 2 0
2019_1_undefined_penguins/internal/pkg/controllers/leaderboard.go:29.2,29.54 1 0
2019_1_undefined_penguins/internal/pkg/controllers/leaderboard.go:17.16,21.3 2 0
2019_1_undefined_penguins/internal/pkg/controllers/leaderboard.go:24.21,28.3 2 0
2019_1_undefined_penguins/internal/pkg/controllers/leaderboard.go:29.54,31.3 1 0
2019_1_undefined_penguins/internal/pkg/controllers/leaderboard.go:31.8,33.3 1 0
2019_1_undefined_penguins/internal/pkg/controllers/profile.go:21.49,24.84 2 0
2019_1_undefined_penguins/internal/pkg/controllers/profile.go:28.2,34.17 5 0
2019_1_undefined_penguins/internal/pkg/controllers/profile.go:38.2,39.16 2 0
2019_1_undefined_penguins/internal/pkg/controllers/profile.go:43.2,44.8 2 0
2019_1_undefined_penguins/internal/pkg/controllers/profile.go:24.84,26.3 1 0
2019_1_undefined_penguins/internal/pkg/controllers/profile.go:34.17,37.3 2 0
2019_1_undefined_penguins/internal/pkg/controllers/profile.go:39.16,42.3 2 0
2019_1_undefined_penguins/internal/pkg/controllers/profile.go:47.60,50.84 2 0
2019_1_undefined_penguins/internal/pkg/controllers/profile.go:54.2,56.16 3 0
2019_1_undefined_penguins/internal/pkg/controllers/profile.go:60.2,64.16 4 0
2019_1_undefined_penguins/internal/pkg/controllers/profile.go:69.2,72.16 4 0
2019_1_undefined_penguins/internal/pkg/controllers/profile.go:78.2,79.16 2 0
2019_1_undefined_penguins/internal/pkg/controllers/profile.go:83.2,84.8 2 0
2019_1_undefined_penguins/internal/pkg/controllers/profile.go:50.84,52.3 1 0
2019_1_undefined_penguins/internal/pkg/controllers/profile.go:56.16,59.3 2 0
2019_1_undefined_penguins/internal/pkg/controllers/profile.go:64.16,67.3 2 0
2019_1_undefined_penguins/internal/pkg/controllers/profile.go:72.16,76.3 3 0
2019_1_undefined_penguins/internal/pkg/controllers/profile.go:79.16,82.3 2 0
2019_1_undefined_penguins/internal/pkg/controllers/profile.go:87.58,90.84 2 0
2019_1_undefined_penguins/internal/pkg/controllers/profile.go:94.2,96.17 3 0
2019_1_undefined_penguins/internal/pkg/controllers/profile.go:101.2,102.16 2 0
2019_1_undefined_penguins/internal/pkg/controllers/profile.go:107.2,108.16 2 0
2019_1_undefined_penguins/internal/pkg/controllers/profile.go:113.2,115.21 3 0
2019_1_undefined_penguins/internal/pkg/controllers/profile.go:122.2,127.16 5 0
2019_1_undefined_penguins/internal/pkg/controllers/profile.go:132.2,135.16 3 0
2019_1_undefined_penguins/internal/pkg/controllers/profile.go:141.2,142.16 2 0
2019_1_undefined_penguins/internal/pkg/controllers/profile.go:148.2,148.8 1 0
2019_1_undefined_penguins/internal/pkg/controllers/profile.go:90.84,92.3 1 0
2019_1_undefined_penguins/internal/pkg/controllers/profile.go:96.17,99.3 2 0
2019_1_undefined_penguins/internal/pkg/controllers/profile.go:102.16,106.3 3 0
2019_1_undefined_penguins/internal/pkg/controllers/profile.go:108.16,112.3 3 0
2019_1_undefined_penguins/internal/pkg/controllers/profile.go:115.21,120.3 3 0
2019_1_undefined_penguins/internal/pkg/controllers/profile.go:127.16,131.3 3 0
2019_1_undefined_penguins/internal/pkg/controllers/profile.go:135.16,139.3 3 0
2019_1_undefined_penguins/internal/pkg/controllers/profile.go:142.16,147.3 3 0
2019_1_undefined_penguins/internal/pkg/helpers/cookies.go:10.64,20.2 2 0
2019_1_undefined_penguins/internal/pkg/database/users.go:15.45,17.23 1 0
2019_1_undefined_penguins/internal/pkg/database/users.go:21.2,21.158 1 0
2019_1_undefined_penguins/internal/pkg/database/users.go:26.2,26.12 1 0
2019_1_undefined_penguins/internal/pkg/database/users.go:17.23,19.3 1 0
2019_1_undefined_penguins/internal/pkg/database/users.go:21.158,24.3 2 0
2019_1_undefined_penguins/internal/pkg/database/users.go:39.73,42.16 3 0
2019_1_undefined_penguins/internal/pkg/database/users.go:46.2,47.18 2 0
2019_1_undefined_penguins/internal/pkg/database/users.go:42.16,45.3 2 0
2019_1_undefined_penguins/internal/pkg/database/users.go:60.69,63.16 3 0
2019_1_undefined_penguins/internal/pkg/database/users.go:67.2,68.18 2 0
2019_1_undefined_penguins/internal/pkg/database/users.go:63.16,66.3 2 0
2019_1_undefined_penguins/internal/pkg/database/users.go:75.53,77.16 2 0
2019_1_undefined_penguins/internal/pkg/database/users.go:81.2,81.12 1 0
2019_1_undefined_penguins/internal/pkg/database/users.go:77.16,80.3 2 0
2019_1_undefined_penguins/internal/pkg/database/users.go:90.57,93.16 3 0
2019_1_undefined_penguins/internal/pkg/database/users.go:96.2,97.19 2 0
2019_1_undefined_penguins/internal/pkg/database/users.go:93.16,95.3 1 0
2019_1_undefined_penguins/internal/pkg/database/users.go:106.49,109.16 3 0
2019_1_undefined_penguins/internal/pkg/database/users.go:113.2,114.19 2 0
2019_1_undefined_penguins/internal/pkg/database/users.go:109.16,112.3 2 0
2019_1_undefined_penguins/internal/pkg/database/users.go:123.48,126.16 3 0
2019_1_undefined_penguins/internal/pkg/database/users.go:129.2,132.19 3 0
2019_1_undefined_penguins/internal/pkg/database/users.go:126.16,128.3 1 0
2019_1_undefined_penguins/internal/pkg/database/users.go:146.34,148.16 2 0
2019_1_undefined_penguins/internal/pkg/database/users.go:152.2,152.12 1 0
2019_1_undefined_penguins/internal/pkg/database/users.go:148.16,151.3 2 0
2019_1_undefined_penguins/internal/pkg/database/users.go:155.48,157.16 2 0
2019_1_undefined_penguins/internal/pkg/database/users.go:161.2,161.12 1 0
2019_1_undefined_penguins/internal/pkg/database/users.go:157.16,160.3 2 0
2019_1_undefined_penguins/internal/pkg/controllers/game.go:11.54,19.16 5 0
2019_1_undefined_penguins/internal/pkg/controllers/game.go:24.2,24.52 1 0
2019_1_undefined_penguins/internal/pkg/controllers/game.go:25.2,26.16 2 0
2019_1_undefined_penguins/internal/pkg/controllers/game.go:32.2,36.28 4 0
2019_1_undefined_penguins/internal/pkg/controllers/game.go:19.16,23.3 3 0
2019_1_undefined_penguins/internal/pkg/controllers/game.go:24.52,24.67 1 0
2019_1_undefined_penguins/internal/pkg/controllers/game.go:26.16,30.3 3 0
2019_1_undefined_penguins/internal/app/game/player.go:18.57,25.2 1 0
2019_1_undefined_penguins/internal/app/game/player.go:27.27,28.12 1 0
2019_1_undefined_penguins/internal/app/game/player.go:46.2,46.6 1 0
2019_1_undefined_penguins/internal/app/game/player.go:28.12,29.7 1 0
2019_1_undefined_penguins/internal/app/game/player.go:29.7,32.45 3 0
2019_1_undefined_penguins/internal/app/game/player.go:37.4,37.18 1 0
2019_1_undefined_penguins/internal/app/game/player.go:42.4,42.19 1 0
2019_1_undefined_penguins/internal/app/game/player.go:32.45,36.5 3 0
2019_1_undefined_penguins/internal/app/game/player.go:37.18,39.13 2 0
2019_1_undefined_penguins/internal/app/game/player.go:46.6,47.10 1 0
2019_1_undefined_penguins/internal/app/game/player.go:48.27,49.29 1 0
2019_1_undefined_penguins/internal/app/game/player.go:50.26,51.38 1 0
2019_1_undefined_penguins/internal/app/game/player.go:56.46,57.18 1 0
2019_1_undefined_penguins/internal/app/game/player.go:57.18,59.3 1 0
2019_1_undefined_penguins/internal/app/game/player.go:62.48,64.2 1 0
2019_1_undefined_penguins/internal/pkg/database/tools.go:9.48,11.18 2 0
2019_1_undefined_penguins/internal/pkg/database/tools.go:18.2,18.14 1 0
2019_1_undefined_penguins/internal/pkg/database/tools.go:11.18,13.77 2 0
2019_1_undefined_penguins/internal/pkg/database/tools.go:16.3,16.31 1 0
2019_1_undefined_penguins/internal/pkg/database/tools.go:13.77,15.4 1 0
2019_1_undefined_penguins/cmd/main.go:9.13,11.23 2 0
2019_1_undefined_penguins/cmd/main.go:15.2,16.16 2 0
2019_1_undefined_penguins/cmd/main.go:11.23,13.3 1 0
2019_1_undefined_penguins/cmd/main.go:16.16,18.3 1 0
2019_1_undefined_penguins/internal/pkg/helpers/passwords.go:7.52,10.2 2 0
2019_1_undefined_penguins/internal/pkg/helpers/passwords.go:12.52,15.2 2 0
2019_1_undefined_penguins/internal/app/game/main.go:10.20,14.70 3 0
2019_1_undefined_penguins/internal/app/game/main.go:38.2,40.42 2 0
2019_1_undefined_penguins/internal/app/game/main.go:14.70,18.17 3 0
2019_1_undefined_penguins/internal/app/game/main.go:24.3,25.17 2 0
2019_1_undefined_penguins/internal/app/game/main.go:31.3,35.29 4 0
2019_1_undefined_penguins/internal/app/game/main.go:18.17,22.4 3 0
2019_1_undefined_penguins/internal/app/game/main.go:25.17,29.4 3 0
2019_1_undefined_penguins/internal/pkg/database/init_config.go:22.25,24.16 2 0
2019_1_undefined_penguins/internal/pkg/database/init_config.go:29.2,30.16 2 0
2019_1_undefined_penguins/internal/pkg/database/init_config.go:34.2,36.16 3 0
2019_1_undefined_penguins/internal/pkg/database/init_config.go:40.2,41.40 2 0
2019_1_undefined_penguins/internal/pkg/database/init_config.go:44.2,46.16 3 0
2019_1_undefined_penguins/internal/pkg/database/init_config.go:50.2,50.12 1 0
2019_1_undefined_penguins/internal/pkg/database/init_config.go:24.16,28.3 2 0
2019_1_undefined_penguins/internal/pkg/database/init_config.go:30.16,33.3 2 0
2019_1_undefined_penguins/internal/pkg/database/init_config.go:36.16,39.3 2 0
2019_1_undefined_penguins/internal/pkg/database/init_config.go:41.40,43.3 1 0
2019_1_undefined_penguins/internal/pkg/database/init_config.go:46.16,49.3 2 0
2019_1_undefined_penguins/internal/pkg/database/init_config.go:53.35,55.2 1 0
2019_1_undefined_penguins/internal/pkg/database/init_config.go:57.22,58.23 1 0
2019_1_undefined_penguins/internal/pkg/database/init_config.go:61.2,62.16 2 0
2019_1_undefined_penguins/internal/pkg/database/init_config.go:65.2,65.12 1 0
2019_1_undefined_penguins/internal/pkg/database/init_config.go:58.23,60.3 1 0
2019_1_undefined_penguins/internal/pkg/database/init_config.go:62.16,64.3 1 0
2019_1_undefined_penguins/internal/pkg/database/init_config.go:68.19,69.23 1 0
2019_1_undefined_penguins/internal/pkg/database/init_config.go:69.23,72.3 2 0
2019_1_undefined_penguins/internal/pkg/database/users.go:15.45,17.23 1 0
2019_1_undefined_penguins/internal/pkg/database/users.go:21.2,21.158 1 0
2019_1_undefined_penguins/internal/pkg/database/users.go:26.2,26.12 1 0
2019_1_undefined_penguins/internal/pkg/database/users.go:17.23,19.3 1 0
2019_1_undefined_penguins/internal/pkg/database/users.go:21.158,24.3 2 0
2019_1_undefined_penguins/internal/pkg/database/users.go:39.73,42.16 3 0
2019_1_undefined_penguins/internal/pkg/database/users.go:46.2,47.18 2 0
2019_1_undefined_penguins/internal/pkg/database/users.go:42.16,45.3 2 0
2019_1_undefined_penguins/internal/pkg/database/users.go:60.69,63.16 3 0
2019_1_undefined_penguins/internal/pkg/database/users.go:67.2,68.18 2 0
2019_1_undefined_penguins/internal/pkg/database/users.go:63.16,66.3 2 0
2019_1_undefined_penguins/internal/pkg/database/users.go:75.53,77.16 2 0
2019_1_undefined_penguins/internal/pkg/database/users.go:81.2,81.12 1 0
2019_1_undefined_penguins/internal/pkg/database/users.go:77.16,80.3 2 0
2019_1_undefined_penguins/internal/pkg/database/users.go:90.57,93.16 3 0
2019_1_undefined_penguins/internal/pkg/database/users.go:96.2,97.19 2 0
2019_1_undefined_penguins/internal/pkg/database/users.go:93.16,95.3 1 0
2019_1_undefined_penguins/internal/pkg/database/users.go:106.49,109.16 3 0
2019_1_undefined_penguins/internal/pkg/database/users.go:113.2,114.19 2 0
2019_1_undefined_penguins/internal/pkg/database/users.go:109.16,112.3 2 0
2019_1_undefined_penguins/internal/pkg/database/users.go:123.48,126.16 3 0
2019_1_undefined_penguins/internal/pkg/database/users.go:129.2,132.19 3 0
2019_1_undefined_penguins/internal/pkg/database/users.go:126.16,128.3 1 0
2019_1_undefined_penguins/internal/pkg/database/users.go:146.34,148.16 2 0
2019_1_undefined_penguins/internal/pkg/database/users.go:152.2,152.12 1 0
2019_1_undefined_penguins/internal/pkg/database/users.go:148.16,151.3 2 0
2019_1_undefined_penguins/internal/pkg/database/users.go:155.48,157.16 2 0
2019_1_undefined_penguins/internal/pkg/database/users.go:161.2,161.12 1 0
2019_1_undefined_penguins/internal/pkg/database/users.go:157.16,160.3 2 0
2019_1_undefined_penguins/internal/pkg/controllers/auth.go:19.53,22.16 2 0
2019_1_undefined_penguins/internal/pkg/controllers/auth.go:27.2,30.16 4 0
2019_1_undefined_penguins/internal/pkg/controllers/auth.go:35.2,37.18 2 0
2019_1_undefined_penguins/internal/pkg/controllers/auth.go:42.2,42.67 1 0
2019_1_undefined_penguins/internal/pkg/controllers/auth.go:46.2,55.16 4 0
2019_1_undefined_penguins/internal/pkg/controllers/auth.go:61.2,70.16 3 0
2019_1_undefined_penguins/internal/pkg/controllers/auth.go:75.2,76.16 2 0
2019_1_undefined_penguins/internal/pkg/controllers/auth.go:22.16,25.3 2 0
2019_1_undefined_penguins/internal/pkg/controllers/auth.go:30.16,33.3 2 0
2019_1_undefined_penguins/internal/pkg/controllers/auth.go:37.18,40.3 2 0
2019_1_undefined_penguins/internal/pkg/controllers/auth.go:42.67,45.3 2 0
2019_1_undefined_penguins/internal/pkg/controllers/auth.go:55.16,59.3 3 0
2019_1_undefined_penguins/internal/pkg/controllers/auth.go:70.16,73.3 2 0
2019_1_undefined_penguins/internal/pkg/controllers/auth.go:79.53,81.16 2 0
2019_1_undefined_penguins/internal/pkg/controllers/auth.go:86.2,90.16 4 0
2019_1_undefined_penguins/internal/pkg/controllers/auth.go:95.2,96.18 2 0
2019_1_undefined_penguins/internal/pkg/controllers/auth.go:101.2,104.16 3 0
2019_1_undefined_penguins/internal/pkg/controllers/auth.go:110.2,119.16 4 0
2019_1_undefined_penguins/internal/pkg/controllers/auth.go:125.2,135.16 5 0
2019_1_undefined_penguins/internal/pkg/controllers/auth.go:140.2,141.16 2 0
2019_1_undefined_penguins/internal/pkg/controllers/auth.go:81.16,85.3 3 0
2019_1_undefined_penguins/internal/pkg/controllers/auth.go:90.16,94.3 3 0
2019_1_undefined_penguins/internal/pkg/controllers/auth.go:96.18,99.3 2 0
2019_1_undefined_penguins/internal/pkg/controllers/auth.go:104.16,108.3 3 0
2019_1_undefined_penguins/internal/pkg/controllers/auth.go:119.16,123.3 3 0
2019_1_undefined_penguins/internal/pkg/controllers/auth.go:135.16,138.3 2 0
2019_1_undefined_penguins/internal/pkg/controllers/auth.go:144.54,146.16 2 0
2019_1_undefined_penguins/internal/pkg/controllers/auth.go:152.2,154.30 3 0
2019_1_undefined_penguins/internal/pkg/controllers/auth.go:146.16,150.3 3 0
2019_1_undefined_penguins/internal/pkg/controllers/auth.go:157.58,159.2 1 0
2019_1_undefined_penguins/internal/pkg/helpers/cookies.go:10.64,20.2 2 0
2019_1_undefined_penguins/internal/app/game/game.go:15.35,20.2 1 0
2019_1_undefined_penguins/internal/app/game/game.go:22.23,27.6 2 0
2019_1_undefined_penguins/internal/app/game/game.go:27.6,30.32 2 0
2019_1_undefined_penguins/internal/app/game/game.go:38.3,42.25 4 0
2019_1_undefined_penguins/internal/app/game/game.go:30.32,31.48 1 0
2019_1_undefined_penguins/internal/app/game/game.go:31.48,33.18 2 0
2019_1_undefined_penguins/internal/app/game/game.go:46.43,49.2 2 0
2019_1_undefined_penguins/internal/app/game/game.go:51.37,53.2 1 0
2019_1_undefined_penguins/internal/app/game/room.go:41.37,53.2 1 0
2019_1_undefined_penguins/internal/app/game/room.go:55.22,58.6 3 0
2019_1_undefined_penguins/internal/app/game/room.go:58.6,59.10 1 0
2019_1_undefined_penguins/internal/app/game/room.go:60.33,62.68 2 0
2019_1_undefined_penguins/internal/app/game/room.go:63.31,66.50 3 0
2019_1_undefined_penguins/internal/app/game/room.go:67.21,68.37 1 0
2019_1_undefined_penguins/internal/app/game/room.go:68.37,70.24 2 0
2019_1_undefined_penguins/internal/app/game/room.go:76.5,77.30 2 0
2019_1_undefined_penguins/internal/app/game/room.go:71.17,72.61 1 0
2019_1_undefined_penguins/internal/app/game/room.go:73.19,74.45 1 0
2019_1_undefined_penguins/internal/app/game/room.go:83.42,95.2 4 0
2019_1_undefined_penguins/internal/app/game/room.go:97.45,99.2 1 0
2019_1_undefined_penguins/internal/pkg/controllers/game.go:11.54,19.16 5 0
2019_1_undefined_penguins/internal/pkg/controllers/game.go:24.2,24.52 1 0
2019_1_undefined_penguins/internal/pkg/controllers/game.go:25.2,26.16 2 0
2019_1_undefined_penguins/internal/pkg/controllers/game.go:32.2,36.28 4 0
2019_1_undefined_penguins/internal/pkg/controllers/game.go:19.16,23.3 3 0
2019_1_undefined_penguins/internal/pkg/controllers/game.go:24.52,24.67 1 0
2019_1_undefined_penguins/internal/pkg/controllers/game.go:26.16,30.3 3 0
2019_1_undefined_penguins/internal/pkg/fileserver/fileserver.go:8.20,18.2 4 0
2019_1_undefined_penguins/internal/pkg/middleware/middleware.go:14.53,15.71 1 0
2019_1_undefined_penguins/internal/pkg/middleware/middleware.go:15.71,24.28 7 0
2019_1_undefined_penguins/internal/pkg/middleware/middleware.go:28.3,28.23 1 0
2019_1_undefined_penguins/internal/pkg/middleware/middleware.go:24.28,26.4 1 0
2019_1_undefined_penguins/internal/pkg/middleware/middleware.go:32.54,33.71 1 0
2019_1_undefined_penguins/internal/pkg/middleware/middleware.go:33.71,34.16 1 0
2019_1_undefined_penguins/internal/pkg/middleware/middleware.go:40.3,40.23 1 0
2019_1_undefined_penguins/internal/pkg/middleware/middleware.go:34.16,35.36 1 0
2019_1_undefined_penguins/internal/pkg/middleware/middleware.go:35.36,38.5 2 0
2019_1_undefined_penguins/internal/pkg/middleware/middleware.go:44.53,45.71 1 0
2019_1_undefined_penguins/internal/pkg/middleware/middleware.go:45.71,46.28 1 0
2019_1_undefined_penguins/internal/pkg/middleware/middleware.go:50.3,52.39 2 0
2019_1_undefined_penguins/internal/pkg/middleware/middleware.go:57.3,57.85 1 0
2019_1_undefined_penguins/internal/pkg/middleware/middleware.go:66.3,66.66 1 0
2019_1_undefined_penguins/internal/pkg/middleware/middleware.go:71.3,71.23 1 0
2019_1_undefined_penguins/internal/pkg/middleware/middleware.go:46.28,49.4 2 0
2019_1_undefined_penguins/internal/pkg/middleware/middleware.go:52.39,55.4 2 0
2019_1_undefined_penguins/internal/pkg/middleware/middleware.go:57.85,58.59 1 0
2019_1_undefined_penguins/internal/pkg/middleware/middleware.go:63.4,63.22 1 0
2019_1_undefined_penguins/internal/pkg/middleware/middleware.go:58.59,62.5 3 0
2019_1_undefined_penguins/internal/pkg/middleware/middleware.go:66.66,70.4 3 0
2019_1_undefined_penguins/internal/app/server/server.go:23.36,25.16 2 0
2019_1_undefined_penguins/internal/app/server/server.go:29.2,47.12 16 0
2019_1_undefined_penguins/internal/app/server/server.go:51.2,51.89 1 0
2019_1_undefined_penguins/internal/app/server/server.go:25.16,28.3 2 0
2019_1_undefined_penguins/internal/app/server/server.go:47.12,49.3 1 0
2019_1_undefined_penguins/internal/pkg/helpers/logs.go:5.33,7.2 1 0
2019_1_undefined_penguins/internal/app/game/engine.go:8.36,9.27 1 0
2019_1_undefined_penguins/internal/app/game/engine.go:9.27,11.3 1 0
2019_1_undefined_penguins/internal/app/game/engine.go:11.8,13.3 1 0
2019_1_undefined_penguins/internal/app/game/engine.go:16.50,18.15 2 0
2019_1_undefined_penguins/internal/app/game/engine.go:22.2,26.32 3 0
2019_1_undefined_penguins/internal/app/game/engine.go:18.15,20.3 1 0
2019_1_undefined_penguins/internal/app/game/engine.go:26.32,29.3 2 0
2019_1_undefined_penguins/internal/app/game/engine.go:32.53,34.27 2 0
2019_1_undefined_penguins/internal/app/game/engine.go:41.2,42.61 2 0
2019_1_undefined_penguins/internal/app/game/engine.go:34.27,37.3 1 0
2019_1_undefined_penguins/internal/app/game/engine.go:37.8,39.3 1 0
2019_1_undefined_penguins/internal/app/game/engine.go:45.40,52.2 1 0
2019_1_undefined_penguins/internal/pkg/database/db.go:9.64,10.23 1 0
2019_1_undefined_penguins/internal/pkg/database/db.go:14.2,15.16 2 0
2019_1_undefined_penguins/internal/pkg/database/db.go:19.2,20.18 2 0
2019_1_undefined_penguins/internal/pkg/database/db.go:10.23,12.3 1 0
2019_1_undefined_penguins/internal/pkg/database/db.go:15.16,17.3 1 0
2019_1_undefined_penguins/internal/pkg/database/db.go:23.79,29.16 4 0
2019_1_undefined_penguins/internal/pkg/database/db.go:32.2,33.16 2 0
2019_1_undefined_penguins/internal/pkg/database/db.go:37.2,37.17 1 0
2019_1_undefined_penguins/internal/pkg/database/db.go:29.16,31.3 1 0
2019_1_undefined_penguins/internal/pkg/database/db.go:33.16,35.3 1 0
2019_1_undefined_penguins/internal/pkg/controllers/leaderboard.go:13.65,17.16 3 0
2019_1_undefined_penguins/internal/pkg/controllers/leaderboard.go:23.2,24.21 2 0
2019_1_undefined_penguins/internal/pkg/controllers/leaderboard.go:29.2,29.54 1 0
2019_1_undefined_penguins/internal/pkg/controllers/leaderboard.go:17.16,21.3 2 0
2019_1_undefined_penguins/internal/pkg/controllers/leaderboard.go:24.21,28.3 2 0
2019_1_undefined_penguins/internal/pkg/controllers/leaderboard.go:29.54,31.3 1 0
2019_1_undefined_penguins/internal/pkg/controllers/leaderboard.go:31.8,33.3 1 0
2019_1_undefined_penguins/internal/pkg/controllers/profile.go:21.49,24.84 2 0
2019_1_undefined_penguins/internal/pkg/controllers/profile.go:28.2,34.17 5 0
2019_1_undefined_penguins/internal/pkg/controllers/profile.go:38.2,39.16 2 0
2019_1_undefined_penguins/internal/pkg/controllers/profile.go:43.2,44.8 2 0
2019_1_undefined_penguins/internal/pkg/controllers/profile.go:24.84,26.3 1 0
2019_1_undefined_penguins/internal/pkg/controllers/profile.go:34.17,37.3 2 0
2019_1_undefined_penguins/internal/pkg/controllers/profile.go:39.16,42.3 2 0
2019_1_undefined_penguins/internal/pkg/controllers/profile.go:47.60,50.84 2 0
2019_1_undefined_penguins/internal/pkg/controllers/profile.go:54.2,56.16 3 0
2019_1_undefined_penguins/internal/pkg/controllers/profile.go:60.2,64.16 4 0
2019_1_undefined_penguins/internal/pkg/controllers/profile.go:69.2,72.16 4 0
2019_1_undefined_penguins/internal/pkg/controllers/profile.go:78.2,79.16 2 0
2019_1_undefined_penguins/internal/pkg/controllers/profile.go:83.2,84.8 2 0
2019_1_undefined_penguins/internal/pkg/controllers/profile.go:50.84,52.3 1 0
2019_1_undefined_penguins/internal/pkg/controllers/profile.go:56.16,59.3 2 0
2019_1_undefined_penguins/internal/pkg/controllers/profile.go:64.16,67.3 2 0
2019_1_undefined_penguins/internal/pkg/controllers/profile.go:72.16,76.3 3 0
2019_1_undefined_penguins/internal/pkg/controllers/profile.go:79.16,82.3 2 0
2019_1_undefined_penguins/internal/pkg/controllers/profile.go:87.58,90.84 2 0
2019_1_undefined_penguins/internal/pkg/controllers/profile.go:94.2,96.17 3 0
2019_1_undefined_penguins/internal/pkg/controllers/profile.go:101.2,102.16 2 0
2019_1_undefined_penguins/internal/pkg/controllers/profile.go:107.2,108.16 2 0
2019_1_undefined_penguins/internal/pkg/controllers/profile.go:113.2,115.21 3 0
2019_1_undefined_penguins/internal/pkg/controllers/profile.go:122.2,127.16 5 0
2019_1_undefined_penguins/internal/pkg/controllers/profile.go:132.2,135.16 3 0
2019_1_undefined_penguins/internal/pkg/controllers/profile.go:141.2,142.16 2 0
2019_1_undefined_penguins/internal/pkg/controllers/profile.go:148.2,148.8 1 0
2019_1_undefined_penguins/internal/pkg/controllers/profile.go:90.84,92.3 1 0
2019_1_undefined_penguins/internal/pkg/controllers/profile.go:96.17,99.3 2 0
2019_1_undefined_penguins/internal/pkg/controllers/profile.go:102.16,106.3 3 0
2019_1_undefined_penguins/internal/pkg/controllers/profile.go:108.16,112.3 3 0
2019_1_undefined_penguins/internal/pkg/controllers/profile.go:115.21,120.3 3 0
2019_1_undefined_penguins/internal/pkg/controllers/profile.go:127.16,131.3 3 0
2019_1_undefined_penguins/internal/pkg/controllers/profile.go:135.16,139.3 3 0
2019_1_undefined_penguins/internal/pkg/controllers/profile.go:142.16,147.3 3 0
2019_1_undefined_penguins/internal/pkg/models/user.go:22.13,24.2 1 1
2019_1_undefined_penguins/internal/pkg/models/user.go:26.34,28.2 1 0
2019_1_undefined_penguins/internal/pkg/helpers/cookies.go:10.64,20.2 2 0
2019_1_undefined_penguins/internal/pkg/helpers/logs.go:5.33,7.2 1 0
2019_1_undefined_penguins/internal/pkg/database/init_config.go:22.25,24.16 2 0
2019_1_undefined_penguins/internal/pkg/database/init_config.go:29.2,30.16 2 0
2019_1_undefined_penguins/internal/pkg/database/init_config.go:34.2,36.16 3 0
2019_1_undefined_penguins/internal/pkg/database/init_config.go:40.2,41.40 2 0
2019_1_undefined_penguins/internal/pkg/database/init_config.go:44.2,46.16 3 0
2019_1_undefined_penguins/internal/pkg/database/init_config.go:50.2,50.12 1 0
2019_1_undefined_penguins/internal/pkg/database/init_config.go:24.16,28.3 2 0
2019_1_undefined_penguins/internal/pkg/database/init_config.go:30.16,33.3 2 0
2019_1_undefined_penguins/internal/pkg/database/init_config.go:36.16,39.3 2 0
2019_1_undefined_penguins/internal/pkg/database/init_config.go:41.40,43.3 1 0
2019_1_undefined_penguins/internal/pkg/database/init_config.go:46.16,49.3 2 0
2019_1_undefined_penguins/internal/pkg/database/init_config.go:53.35,55.2 1 0
2019_1_undefined_penguins/internal/pkg/database/init_config.go:57.22,58.23 1 0
2019_1_undefined_penguins/internal/pkg/database/init_config.go:61.2,62.16 2 0
2019_1_undefined_penguins/internal/pkg/database/init_config.go:65.2,65.12 1 0
2019_1_undefined_penguins/internal/pkg/database/init_config.go:58.23,60.3 1 0
2019_1_undefined_penguins/internal/pkg/database/init_config.go:62.16,64.3 1 0
2019_1_undefined_penguins/internal/pkg/database/init_config.go:68.19,69.23 1 0
2019_1_undefined_penguins/internal/pkg/database/init_config.go:69.23,72.3 2 0
2019_1_undefined_penguins/internal/pkg/database/tools.go:9.48,11.18 2 0
2019_1_undefined_penguins/internal/pkg/database/tools.go:18.2,18.14 1 0
2019_1_undefined_penguins/internal/pkg/database/tools.go:11.18,13.77 2 0
2019_1_undefined_penguins/internal/pkg/database/tools.go:16.3,16.31 1 0
2019_1_undefined_penguins/internal/pkg/database/tools.go:13.77,15.4 1 0
2019_1_undefined_penguins/internal/app/game/player.go:18.57,25.2 1 0
2019_1_undefined_penguins/internal/app/game/player.go:27.27,28.12 1 0
2019_1_undefined_penguins/internal/app/game/player.go:46.2,46.6 1 0
2019_1_undefined_penguins/internal/app/game/player.go:28.12,29.7 1 0
2019_1_undefined_penguins/internal/app/game/player.go:29.7,32.45 3 0
2019_1_undefined_penguins/internal/app/game/player.go:37.4,37.18 1 0
2019_1_undefined_penguins/internal/app/game/player.go:42.4,42.19 1 0
2019_1_undefined_penguins/internal/app/game/player.go:32.45,36.5 3 0
2019_1_undefined_penguins/internal/app/game/player.go:37.18,39.13 2 0
2019_1_undefined_penguins/internal/app/game/player.go:46.6,47.10 1 0
2019_1_undefined_penguins/internal/app/game/player.go:48.27,49.29 1 0
2019_1_undefined_penguins/internal/app/game/player.go:50.26,51.38 1 0
2019_1_undefined_penguins/internal/app/game/player.go:56.46,57.18 1 0
2019_1_undefined_penguins/internal/app/game/player.go:57.18,59.3 1 0
2019_1_undefined_penguins/internal/app/game/player.go:62.48,64.2 1 0
2019_1_undefined_penguins/internal/app/game/room.go:41.37,53.2 1 1
2019_1_undefined_penguins/internal/app/game/room.go:55.22,58.6 3 0
2019_1_undefined_penguins/internal/app/game/room.go:58.6,59.10 1 0
2019_1_undefined_penguins/internal/app/game/room.go:60.33,62.68 2 0
2019_1_undefined_penguins/internal/app/game/room.go:63.31,66.50 3 0
2019_1_undefined_penguins/internal/app/game/room.go:67.21,68.37 1 0
2019_1_undefined_penguins/internal/app/game/room.go:68.37,70.24 2 0
2019_1_undefined_penguins/internal/app/game/room.go:76.5,77.30 2 0
2019_1_undefined_penguins/internal/app/game/room.go:71.17,72.61 1 0
2019_1_undefined_penguins/internal/app/game/room.go:73.19,74.45 1 0
2019_1_undefined_penguins/internal/app/game/room.go:83.42,95.2 4 0
2019_1_undefined_penguins/internal/app/game/room.go:97.45,99.2 1 0
2019_1_undefined_penguins/internal/pkg/database/db.go:9.64,10.23 1 0
2019_1_undefined_penguins/internal/pkg/database/db.go:14.2,15.16 2 0
2019_1_undefined_penguins/internal/pkg/database/db.go:19.2,20.18 2 0
2019_1_undefined_penguins/internal/pkg/database/db.go:10.23,12.3 1 0
2019_1_undefined_penguins/internal/pkg/database/db.go:15.16,17.3 1 0
2019_1_undefined_penguins/internal/pkg/database/db.go:23.79,29.16 4 0
2019_1_undefined_penguins/internal/pkg/database/db.go:32.2,33.16 2 0
2019_1_undefined_penguins/internal/pkg/database/db.go:37.2,37.17 1 0
2019_1_undefined_penguins/internal/pkg/database/db.go:29.16,31.3 1 0
2019_1_undefined_penguins/internal/pkg/database/db.go:33.16,35.3 1 0
2019_1_undefined_penguins/internal/app/game/game.go:15.35,20.2 1 1
2019_1_undefined_penguins/internal/app/game/game.go:22.23,27.6 2 0
2019_1_undefined_penguins/internal/app/game/game.go:27.6,30.32 2 0
2019_1_undefined_penguins/internal/app/game/game.go:38.3,42.25 4 0
2019_1_undefined_penguins/internal/app/game/game.go:30.32,31.48 1 0
2019_1_undefined_penguins/internal/app/game/game.go:31.48,33.18 2 0
2019_1_undefined_penguins/internal/app/game/game.go:46.43,49.2 2 0
2019_1_undefined_penguins/internal/app/game/game.go:51.37,53.2 1 1
2019_1_undefined_penguins/internal/app/game/main.go:10.20,14.70 3 0
2019_1_undefined_penguins/internal/app/game/main.go:38.2,40.42 2 0
2019_1_undefined_penguins/internal/app/game/main.go:14.70,18.17 3 0
2019_1_undefined_penguins/internal/app/game/main.go:24.3,25.17 2 0
2019_1_undefined_penguins/internal/app/game/main.go:31.3,35.29 4 0
2019_1_undefined_penguins/internal/app/game/main.go:18.17,22.4 3 0
2019_1_undefined_penguins/internal/app/game/main.go:25.17,29.4 3 0
2019_1_undefined_penguins/internal/pkg/models/user.go:22.13,24.2 1 1
2019_1_undefined_penguins/internal/pkg/models/user.go:26.34,28.2 1 0
2019_1_undefined_penguins/internal/pkg/database/users.go:15.45,17.23 1 0
2019_1_undefined_penguins/internal/pkg/database/users.go:21.2,21.158 1 0
2019_1_undefined_penguins/internal/pkg/database/users.go:26.2,26.12 1 0
2019_1_undefined_penguins/internal/pkg/database/users.go:17.23,19.3 1 0
2019_1_undefined_penguins/internal/pkg/database/users.go:21.158,24.3 2 0
2019_1_undefined_penguins/internal/pkg/database/users.go:39.73,42.16 3 0
2019_1_undefined_penguins/internal/pkg/database/users.go:46.2,47.18 2 0
2019_1_undefined_penguins/internal/pkg/database/users.go:42.16,45.3 2 0
2019_1_undefined_penguins/internal/pkg/database/users.go:60.69,63.16 3 0
2019_1_undefined_penguins/internal/pkg/database/users.go:67.2,68.18 2 0
2019_1_undefined_penguins/internal/pkg/database/users.go:63.16,66.3 2 0
2019_1_undefined_penguins/internal/pkg/database/users.go:75.53,77.16 2 0
2019_1_undefined_penguins/internal/pkg/database/users.go:81.2,81.12 1 0
2019_1_undefined_penguins/internal/pkg/database/users.go:77.16,80.3 2 0
2019_1_undefined_penguins/internal/pkg/database/users.go:90.57,93.16 3 0
2019_1_undefined_penguins/internal/pkg/database/users.go:96.2,97.19 2 0
2019_1_undefined_penguins/internal/pkg/database/users.go:93.16,95.3 1 0
2019_1_undefined_penguins/internal/pkg/database/users.go:106.49,109.16 3 0
2019_1_undefined_penguins/internal/pkg/database/users.go:113.2,114.19 2 0
2019_1_undefined_penguins/internal/pkg/database/users.go:109.16,112.3 2 0
2019_1_undefined_penguins/internal/pkg/database/users.go:123.48,126.16 3 0
2019_1_undefined_penguins/internal/pkg/database/users.go:129.2,132.19 3 0
2019_1_undefined_penguins/internal/pkg/database/users.go:126.16,128.3 1 0
2019_1_undefined_penguins/internal/pkg/database/users.go:146.34,148.16 2 0
2019_1_undefined_penguins/internal/pkg/database/users.go:152.2,152.12 1 0
2019_1_undefined_penguins/internal/pkg/database/users.go:148.16,151.3 2 0
2019_1_undefined_penguins/internal/pkg/database/users.go:155.48,157.16 2 0
2019_1_undefined_penguins/internal/pkg/database/users.go:161.2,161.12 1 0
2019_1_undefined_penguins/internal/pkg/database/users.go:157.16,160.3 2 0
2019_1_undefined_penguins/internal/pkg/controllers/game.go:11.54,19.16 5 0
2019_1_undefined_penguins/internal/pkg/controllers/game.go:24.2,24.52 1 0
2019_1_undefined_penguins/internal/pkg/controllers/game.go:25.2,26.16 2 0
2019_1_undefined_penguins/internal/pkg/controllers/game.go:32.2,36.28 4 0
2019_1_undefined_penguins/internal/pkg/controllers/game.go:19.16,23.3 3 0
2019_1_undefined_penguins/internal/pkg/controllers/game.go:24.52,24.67 1 0
2019_1_undefined_penguins/internal/pkg/controllers/game.go:26.16,30.3 3 0
2019_1_undefined_penguins/internal/pkg/controllers/leaderboard.go:13.65,17.16 3 0
2019_1_undefined_penguins/internal/pkg/controllers/leaderboard.go:23.2,24.21 2 0
2019_1_undefined_penguins/internal/pkg/controllers/leaderboard.go:29.2,29.54 1 0
2019_1_undefined_penguins/internal/pkg/controllers/leaderboard.go:17.16,21.3 2 0
2019_1_undefined_penguins/internal/pkg/controllers/leaderboard.go:24.21,28.3 2 0
2019_1_undefined_penguins/internal/pkg/controllers/leaderboard.go:29.54,31.3 1 0
2019_1_undefined_penguins/internal/pkg/controllers/leaderboard.go:31.8,33.3 1 0
2019_1_undefined_penguins/internal/pkg/controllers/profile.go:21.49,24.84 2 0
2019_1_undefined_penguins/internal/pkg/controllers/profile.go:28.2,34.17 5 0
2019_1_undefined_penguins/internal/pkg/controllers/profile.go:38.2,39.16 2 0
2019_1_undefined_penguins/internal/pkg/controllers/profile.go:43.2,44.8 2 0
2019_1_undefined_penguins/internal/pkg/controllers/profile.go:24.84,26.3 1 0
2019_1_undefined_penguins/internal/pkg/controllers/profile.go:34.17,37.3 2 0
2019_1_undefined_penguins/internal/pkg/controllers/profile.go:39.16,42.3 2 0
2019_1_undefined_penguins/internal/pkg/controllers/profile.go:47.60,50.84 2 0
2019_1_undefined_penguins/internal/pkg/controllers/profile.go:54.2,56.16 3 0
2019_1_undefined_penguins/internal/pkg/controllers/profile.go:60.2,64.16 4 0
2019_1_undefined_penguins/internal/pkg/controllers/profile.go:69.2,72.16 4 0
2019_1_undefined_penguins/internal/pkg/controllers/profile.go:78.2,79.16 2 0
2019_1_undefined_penguins/internal/pkg/controllers/profile.go:83.2,84.8 2 0
2019_1_undefined_penguins/internal/pkg/controllers/profile.go:50.84,52.3 1 0
2019_1_undefined_penguins/internal/pkg/controllers/profile.go:56.16,59.3 2 0
2019_1_undefined_penguins/internal/pkg/controllers/profile.go:64.16,67.3 2 0
2019_1_undefined_penguins/internal/pkg/controllers/profile.go:72.16,76.3 3 0
2019_1_undefined_penguins/internal/pkg/controllers/profile.go:79.16,82.3 2 0
2019_1_undefined_penguins/internal/pkg/controllers/profile.go:87.58,90.84 2 0
2019_1_undefined_penguins/internal/pkg/controllers/profile.go:94.2,96.17 3 0
2019_1_undefined_penguins/internal/pkg/controllers/profile.go:101.2,102.16 2 0
2019_1_undefined_penguins/internal/pkg/controllers/profile.go:107.2,108.16 2 0
2019_1_undefined_penguins/internal/pkg/controllers/profile.go:113.2,115.21 3 0
2019_1_undefined_penguins/internal/pkg/controllers/profile.go:122.2,127.16 5 0
2019_1_undefined_penguins/internal/pkg/controllers/profile.go:132.2,135.16 3 0
2019_1_undefined_penguins/internal/pkg/controllers/profile.go:141.2,142.16 2 0
2019_1_undefined_penguins/internal/pkg/controllers/profile.go:148.2,148.8 1 0
2019_1_undefined_penguins/internal/pkg/controllers/profile.go:90.84,92.3 1 0
2019_1_undefined_penguins/internal/pkg/controllers/profile.go:96.17,99.3 2 0
2019_1_undefined_penguins/internal/pkg/controllers/profile.go:102.16,106.3 3 0
2019_1_undefined_penguins/internal/pkg/controllers/profile.go:108.16,112.3 3 0
2019_1_undefined_penguins/internal/pkg/controllers/profile.go:115.21,120.3 3 0
2019_1_undefined_penguins/internal/pkg/controllers/profile.go:127.16,131.3 3 0
2019_1_undefined_penguins/internal/pkg/controllers/profile.go:135.16,139.3 3 0
2019_1_undefined_penguins/internal/pkg/controllers/profile.go:142.16,147.3 3 0
2019_1_undefined_penguins/internal/app/server/server.go:23.36,25.16 2 0
2019_1_undefined_penguins/internal/app/server/server.go:29.2,47.12 16 0
2019_1_undefined_penguins/internal/app/server/server.go:51.2,51.89 1 0
2019_1_undefined_penguins/internal/app/server/server.go:25.16,28.3 2 0
2019_1_undefined_penguins/internal/app/server/server.go:47.12,49.3 1 0
2019_1_undefined_penguins/cmd/main.go:9.13,11.23 2 0
2019_1_undefined_penguins/cmd/main.go:15.2,16.16 2 0
2019_1_undefined_penguins/cmd/main.go:11.23,13.3 1 0
2019_1_undefined_penguins/cmd/main.go:16.16,18.3 1 0
2019_1_undefined_penguins/internal/pkg/helpers/passwords.go:7.52,10.2 2 0
2019_1_undefined_penguins/internal/pkg/helpers/passwords.go:12.52,15.2 2 0
2019_1_undefined_penguins/internal/pkg/controllers/auth.go:19.53,22.16 2 0
2019_1_undefined_penguins/internal/pkg/controllers/auth.go:27.2,30.16 4 0
2019_1_undefined_penguins/internal/pkg/controllers/auth.go:35.2,37.18 2 0
2019_1_undefined_penguins/internal/pkg/controllers/auth.go:42.2,42.67 1 0
2019_1_undefined_penguins/internal/pkg/controllers/auth.go:46.2,55.16 4 0
2019_1_undefined_penguins/internal/pkg/controllers/auth.go:61.2,70.16 3 0
2019_1_undefined_penguins/internal/pkg/controllers/auth.go:75.2,76.16 2 0
2019_1_undefined_penguins/internal/pkg/controllers/auth.go:22.16,25.3 2 0
2019_1_undefined_penguins/internal/pkg/controllers/auth.go:30.16,33.3 2 0
2019_1_undefined_penguins/internal/pkg/controllers/auth.go:37.18,40.3 2 0
2019_1_undefined_penguins/internal/pkg/controllers/auth.go:42.67,45.3 2 0
2019_1_undefined_penguins/internal/pkg/controllers/auth.go:55.16,59.3 3 0
2019_1_undefined_penguins/internal/pkg/controllers/auth.go:70.16,73.3 2 0
2019_1_undefined_penguins/internal/pkg/controllers/auth.go:79.53,81.16 2 0
2019_1_undefined_penguins/internal/pkg/controllers/auth.go:86.2,90.16 4 0
2019_1_undefined_penguins/internal/pkg/controllers/auth.go:95.2,96.18 2 0
2019_1_undefined_penguins/internal/pkg/controllers/auth.go:101.2,104.16 3 0
2019_1_undefined_penguins/internal/pkg/controllers/auth.go:110.2,119.16 4 0
2019_1_undefined_penguins/internal/pkg/controllers/auth.go:125.2,135.16 5 0
2019_1_undefined_penguins/internal/pkg/controllers/auth.go:140.2,141.16 2 0
2019_1_undefined_penguins/internal/pkg/controllers/auth.go:81.16,85.3 3 0
2019_1_undefined_penguins/internal/pkg/controllers/auth.go:90.16,94.3 3 0
2019_1_undefined_penguins/internal/pkg/controllers/auth.go:96.18,99.3 2 0
2019_1_undefined_penguins/internal/pkg/controllers/auth.go:104.16,108.3 3 0
2019_1_undefined_penguins/internal/pkg/controllers/auth.go:119.16,123.3 3 0
2019_1_undefined_penguins/internal/pkg/controllers/auth.go:135.16,138.3 2 0
2019_1_undefined_penguins/internal/pkg/controllers/auth.go:144.54,146.16 2 0
2019_1_undefined_penguins/internal/pkg/controllers/auth.go:152.2,154.30 3 0
2019_1_undefined_penguins/internal/pkg/controllers/auth.go:146.16,150.3 3 0
2019_1_undefined_penguins/internal/pkg/controllers/auth.go:157.58,159.2 1 0
2019_1_undefined_penguins/internal/pkg/fileserver/fileserver.go:8.20,18.2 4 0
2019_1_undefined_penguins/internal/pkg/middleware/middleware.go:14.53,15.71 1 0
2019_1_undefined_penguins/internal/pkg/middleware/middleware.go:15.71,24.28 7 0
2019_1_undefined_penguins/internal/pkg/middleware/middleware.go:28.3,28.23 1 0
2019_1_undefined_penguins/internal/pkg/middleware/middleware.go:24.28,26.4 1 0
2019_1_undefined_penguins/internal/pkg/middleware/middleware.go:32.54,33.71 1 0
2019_1_undefined_penguins/internal/pkg/middleware/middleware.go:33.71,34.16 1 0
2019_1_undefined_penguins/internal/pkg/middleware/middleware.go:40.3,40.23 1 0
2019_1_undefined_penguins/internal/pkg/middleware/middleware.go:34.16,35.36 1 0
2019_1_undefined_penguins/internal/pkg/middleware/middleware.go:35.36,38.5 2 0
2019_1_undefined_penguins/internal/pkg/middleware/middleware.go:44.53,45.71 1 0
2019_1_undefined_penguins/internal/pkg/middleware/middleware.go:45.71,46.28 1 0
2019_1_undefined_penguins/internal/pkg/middleware/middleware.go:50.3,52.39 2 0
2019_1_undefined_penguins/internal/pkg/middleware/middleware.go:57.3,57.85 1 0
2019_1_undefined_penguins/internal/pkg/middleware/middleware.go:66.3,66.66 1 0
2019_1_undefined_penguins/internal/pkg/middleware/middleware.go:71.3,71.23 1 0
2019_1_undefined_penguins/internal/pkg/middleware/middleware.go:46.28,49.4 2 0
2019_1_undefined_penguins/internal/pkg/middleware/middleware.go:52.39,55.4 2 0
2019_1_undefined_penguins/internal/pkg/middleware/middleware.go:57.85,58.59 1 0
2019_1_undefined_penguins/internal/pkg/middleware/middleware.go:63.4,63.22 1 0
2019_1_undefined_penguins/internal/pkg/middleware/middleware.go:58.59,62.5 3 0
2019_1_undefined_penguins/internal/pkg/middleware/middleware.go:66.66,70.4 3 0
2019_1_undefined_penguins/internal/app/game/engine.go:8.36,9.27 1 0
2019_1_undefined_penguins/internal/app/game/engine.go:9.27,11.3 1 0
2019_1_undefined_penguins/internal/app/game/engine.go:11.8,13.3 1 0
2019_1_undefined_penguins/internal/app/game/engine.go:16.50,18.15 2 0
2019_1_undefined_penguins/internal/app/game/engine.go:22.2,26.32 3 0
2019_1_undefined_penguins/internal/app/game/engine.go:18.15,20.3 1 0
2019_1_undefined_penguins/internal/app/game/engine.go:26.32,29.3 2 0
2019_1_undefined_penguins/internal/app/game/engine.go:32.53,34.27 2 0
2019_1_undefined_penguins/internal/app/game/engine.go:41.2,42.61 2 0
2019_1_undefined_penguins/internal/app/game/engine.go:34.27,37.3 1 0
2019_1_undefined_penguins/internal/app/game/engine.go:37.8,39.3 1 0
2019_1_undefined_penguins/internal/app/game/engine.go:45.40,52.2 1 0
2019_1_undefined_penguins/internal/app/game/engine.go:8.36,9.27 1 0
2019_1_undefined_penguins/internal/app/game/engine.go:9.27,11.3 1 0
2019_1_undefined_penguins/internal/app/game/engine.go:11.8,13.3 1 0
2019_1_undefined_penguins/internal/app/game/engine.go:16.50,18.15 2 0
2019_1_undefined_penguins/internal/app/game/engine.go:22.2,26.32 3 0
2019_1_undefined_penguins/internal/app/game/engine.go:18.15,20.3 1 0
2019_1_undefined_penguins/internal/app/game/engine.go:26.32,29.3 2 0
2019_1_undefined_penguins/internal/app/game/engine.go:32.53,34.27 2 0
2019_1_undefined_penguins/internal/app/game/engine.go:41.2,42.61 2 0
2019_1_undefined_penguins/internal/app/game/engine.go:34.27,37.3 1 0
2019_1_undefined_penguins/internal/app/game/engine.go:37.8,39.3 1 0
2019_1_undefined_penguins/internal/app/game/engine.go:45.40,52.2 1 0
2019_1_undefined_penguins/internal/app/server/server.go:23.36,25.16 2 0
2019_1_undefined_penguins/internal/app/server/server.go:29.2,47.12 16 0
2019_1_undefined_penguins/internal/app/server/server.go:51.2,51.89 1 0
2019_1_undefined_penguins/internal/app/server/server.go:25.16,28.3 2 0
2019_1_undefined_penguins/internal/app/server/server.go:47.12,49.3 1 0
2019_1_undefined_penguins/internal/pkg/controllers/game.go:11.54,19.16 5 0
2019_1_undefined_penguins/internal/pkg/controllers/game.go:24.2,24.52 1 0
2019_1_undefined_penguins/internal/pkg/controllers/game.go:25.2,26.16 2 0
2019_1_undefined_penguins/internal/pkg/controllers/game.go:32.2,36.28 4 0
2019_1_undefined_penguins/internal/pkg/controllers/game.go:19.16,23.3 3 0
2019_1_undefined_penguins/internal/pkg/controllers/game.go:24.52,24.67 1 0
2019_1_undefined_penguins/internal/pkg/controllers/game.go:26.16,30.3 3 0
2019_1_undefined_penguins/internal/pkg/fileserver/fileserver.go:8.20,18.2 4 0
2019_1_undefined_penguins/internal/pkg/middleware/middleware.go:14.53,15.71 1 0
2019_1_undefined_penguins/internal/pkg/middleware/middleware.go:15.71,24.28 7 0
2019_1_undefined_penguins/internal/pkg/middleware/middleware.go:28.3,28.23 1 0
2019_1_undefined_penguins/internal/pkg/middleware/middleware.go:24.28,26.4 1 0
2019_1_undefined_penguins/internal/pkg/middleware/middleware.go:32.54,33.71 1 0
2019_1_undefined_penguins/internal/pkg/middleware/middleware.go:33.71,34.16 1 0
2019_1_undefined_penguins/internal/pkg/middleware/middleware.go:40.3,40.23 1 0
2019_1_undefined_penguins/internal/pkg/middleware/middleware.go:34.16,35.36 1 0
2019_1_undefined_penguins/internal/pkg/middleware/middleware.go:35.36,38.5 2 0
2019_1_undefined_penguins/internal/pkg/middleware/middleware.go:44.53,45.71 1 0
2019_1_undefined_penguins/internal/pkg/middleware/middleware.go:45.71,46.28 1 0
2019_1_undefined_penguins/internal/pkg/middleware/middleware.go:50.3,52.39 2 0
2019_1_undefined_penguins/internal/pkg/middleware/middleware.go:57.3,57.85 1 0
2019_1_undefined_penguins/internal/pkg/middleware/middleware.go:66.3,66.66 1 0
2019_1_undefined_penguins/internal/pkg/middleware/middleware.go:71.3,71.23 1 0
2019_1_undefined_penguins/internal/pkg/middleware/middleware.go:46.28,49.4 2 0
2019_1_undefined_penguins/internal/pkg/middleware/middleware.go:52.39,55.4 2 0
2019_1_undefined_penguins/internal/pkg/middleware/middleware.go:57.85,58.59 1 0
2019_1_undefined_penguins/internal/pkg/middleware/middleware.go:63.4,63.22 1 0
2019_1_undefined_penguins/internal/pkg/middleware/middleware.go:58.59,62.5 3 0
2019_1_undefined_penguins/internal/pkg/middleware/middleware.go:66.66,70.4 3 0
2019_1_undefined_penguins/internal/pkg/controllers/auth.go:19.53,22.16 2 1
2019_1_undefined_penguins/internal/pkg/controllers/auth.go:27.2,30.16 4 1
2019_1_undefined_penguins/internal/pkg/controllers/auth.go:35.2,37.18 2 1
2019_1_undefined_penguins/internal/pkg/controllers/auth.go:42.2,42.67 1 1
2019_1_undefined_penguins/internal/pkg/controllers/auth.go:46.2,55.16 4 1
2019_1_undefined_penguins/internal/pkg/controllers/auth.go:61.2,70.16 3 1
2019_1_undefined_penguins/internal/pkg/controllers/auth.go:75.2,76.16 2 1
2019_1_undefined_penguins/internal/pkg/controllers/auth.go:22.16,25.3 2 0
2019_1_undefined_penguins/internal/pkg/controllers/auth.go:30.16,33.3 2 1
2019_1_undefined_penguins/internal/pkg/controllers/auth.go:37.18,40.3 2 1
2019_1_undefined_penguins/internal/pkg/controllers/auth.go:42.67,45.3 2 1
2019_1_undefined_penguins/internal/pkg/controllers/auth.go:55.16,59.3 3 0
2019_1_undefined_penguins/internal/pkg/controllers/auth.go:70.16,73.3 2 0
2019_1_undefined_penguins/internal/pkg/controllers/auth.go:79.53,81.16 2 1
2019_1_undefined_penguins/internal/pkg/controllers/auth.go:86.2,90.16 4 1
2019_1_undefined_penguins/internal/pkg/controllers/auth.go:95.2,96.18 2 1
2019_1_undefined_penguins/internal/pkg/controllers/auth.go:101.2,104.16 3 1
2019_1_undefined_penguins/internal/pkg/controllers/auth.go:110.2,119.16 4 1
2019_1_undefined_penguins/internal/pkg/controllers/auth.go:125.2,135.16 5 1
2019_1_undefined_penguins/internal/pkg/controllers/auth.go:140.2,141.16 2 1
2019_1_undefined_penguins/internal/pkg/controllers/auth.go:81.16,85.3 3 0
2019_1_undefined_penguins/internal/pkg/controllers/auth.go:90.16,94.3 3 1
2019_1_undefined_penguins/internal/pkg/controllers/auth.go:96.18,99.3 2 1
2019_1_undefined_penguins/internal/pkg/controllers/auth.go:104.16,108.3 3 1
2019_1_undefined_penguins/internal/pkg/controllers/auth.go:119.16,123.3 3 0
2019_1_undefined_penguins/internal/pkg/controllers/auth.go:135.16,138.3 2 0
2019_1_undefined_penguins/internal/pkg/controllers/auth.go:144.54,146.16 2 1
2019_1_undefined_penguins/internal/pkg/controllers/auth.go:152.2,154.30 3 1
2019_1_undefined_penguins/internal/pkg/controllers/auth.go:146.16,150.3 3 1
2019_1_undefined_penguins/internal/pkg/controllers/auth.go:157.58,159.2 1 1
2019_1_undefined_penguins/internal/pkg/controllers/profile.go:21.49,24.84 2 1
2019_1_undefined_penguins/internal/pkg/controllers/profile.go:28.2,34.17 5 1
2019_1_undefined_penguins/internal/pkg/controllers/profile.go:38.2,39.16 2 1
2019_1_undefined_penguins/internal/pkg/controllers/profile.go:43.2,44.8 2 1
2019_1_undefined_penguins/internal/pkg/controllers/profile.go:24.84,26.3 1 1
2019_1_undefined_penguins/internal/pkg/controllers/profile.go:34.17,37.3 2 1
2019_1_undefined_penguins/internal/pkg/controllers/profile.go:39.16,42.3 2 0
2019_1_undefined_penguins/internal/pkg/controllers/profile.go:47.60,50.84 2 1
2019_1_undefined_penguins/internal/pkg/controllers/profile.go:54.2,56.16 3 1
2019_1_undefined_penguins/internal/pkg/controllers/profile.go:60.2,64.16 4 1
2019_1_undefined_penguins/internal/pkg/controllers/profile.go:69.2,72.16 4 1
2019_1_undefined_penguins/internal/pkg/controllers/profile.go:78.2,79.16 2 1
2019_1_undefined_penguins/internal/pkg/controllers/profile.go:83.2,84.8 2 1
2019_1_undefined_penguins/internal/pkg/controllers/profile.go:50.84,52.3 1 1
2019_1_undefined_penguins/internal/pkg/controllers/profile.go:56.16,59.3 2 0
2019_1_undefined_penguins/internal/pkg/controllers/profile.go:64.16,67.3 2 0
2019_1_undefined_penguins/internal/pkg/controllers/profile.go:72.16,76.3 3 1
2019_1_undefined_penguins/internal/pkg/controllers/profile.go:79.16,82.3 2 0
2019_1_undefined_penguins/internal/pkg/controllers/profile.go:87.58,90.84 2 1
2019_1_undefined_penguins/internal/pkg/controllers/profile.go:94.2,96.17 3 1
2019_1_undefined_penguins/internal/pkg/controllers/profile.go:101.2,102.16 2 0
2019_1_undefined_penguins/internal/pkg/controllers/profile.go:107.2,108.16 2 0
2019_1_undefined_penguins/internal/pkg/controllers/profile.go:113.2,115.21 3 0
2019_1_undefined_penguins/internal/pkg/controllers/profile.go:122.2,127.16 5 0
2019_1_undefined_penguins/internal/pkg/controllers/profile.go:132.2,135.16 3 0
2019_1_undefined_penguins/internal/pkg/controllers/profile.go:141.2,142.16 2 0
2019_1_undefined_penguins/internal/pkg/controllers/profile.go:148.2,148.8 1 0
2019_1_undefined_penguins/internal/pkg/controllers/profile.go:90.84,92.3 1 1
2019_1_undefined_penguins/internal/pkg/controllers/profile.go:96.17,99.3 2 1
2019_1_undefined_penguins/internal/pkg/controllers/profile.go:102.16,106.3 3 0
2019_1_undefined_penguins/internal/pkg/controllers/profile.go:108.16,112.3 3 0
2019_1_undefined_penguins/internal/pkg/controllers/profile.go:115.21,120.3 3 0
2019_1_undefined_penguins/internal/pkg/controllers/profile.go:127.16,131.3 3 0
2019_1_undefined_penguins/internal/pkg/controllers/profile.go:135.16,139.3 3 0
2019_1_undefined_penguins/internal/pkg/controllers/profile.go:142.16,147.3 3 0
2019_1_undefined_penguins/internal/pkg/models/user.go:22.13,24.2 1 1
2019_1_undefined_penguins/internal/pkg/models/user.go:26.34,28.2 1 0
2019_1_undefined_penguins/internal/app/game/main.go:10.20,14.70 3 0
2019_1_undefined_penguins/internal/app/game/main.go:38.2,40.42 2 0
2019_1_undefined_penguins/internal/app/game/main.go:14.70,18.17 3 0
2019_1_undefined_penguins/internal/app/game/main.go:24.3,25.17 2 0
2019_1_undefined_penguins/internal/app/game/main.go:31.3,35.29 4 0
2019_1_undefined_penguins/internal/app/game/main.go:18.17,22.4 3 0
2019_1_undefined_penguins/internal/app/game/main.go:25.17,29.4 3 0
2019_1_undefined_penguins/internal/pkg/database/db.go:9.64,10.23 1 0
2019_1_undefined_penguins/internal/pkg/database/db.go:14.2,15.16 2 0
2019_1_undefined_penguins/internal/pkg/database/db.go:19.2,20.18 2 0
2019_1_undefined_penguins/internal/pkg/database/db.go:10.23,12.3 1 0
2019_1_undefined_penguins/internal/pkg/database/db.go:15.16,17.3 1 0
2019_1_undefined_penguins/internal/pkg/database/db.go:23.79,29.16 4 0
2019_1_undefined_penguins/internal/pkg/database/db.go:32.2,33.16 2 0
2019_1_undefined_penguins/internal/pkg/database/db.go:37.2,37.17 1 0
2019_1_undefined_penguins/internal/pkg/database/db.go:29.16,31.3 1 0
2019_1_undefined_penguins/internal/pkg/database/db.go:33.16,35.3 1 0
2019_1_undefined_penguins/internal/pkg/database/init_config.go:22.25,24.16 2 0
2019_1_undefined_penguins/internal/pkg/database/init_config.go:29.2,30.16 2 0
2019_1_undefined_penguins/internal/pkg/database/init_config.go:34.2,36.16 3 0
2019_1_undefined_penguins/internal/pkg/database/init_config.go:40.2,41.40 2 0
2019_1_undefined_penguins/internal/pkg/database/init_config.go:44.2,46.16 3 0
2019_1_undefined_penguins/internal/pkg/database/init_config.go:50.2,50.12 1 0
2019_1_undefined_penguins/internal/pkg/database/init_config.go:24.16,28.3 2 0
2019_1_undefined_penguins/internal/pkg/database/init_config.go:30.16,33.3 2 0
2019_1_undefined_penguins/internal/pkg/database/init_config.go:36.16,39.3 2 0
2019_1_undefined_penguins/internal/pkg/database/init_config.go:41.40,43.3 1 0
2019_1_undefined_penguins/internal/pkg/database/init_config.go:46.16,49.3 2 0
2019_1_undefined_penguins/internal/pkg/database/init_config.go:53.35,55.2 1 1
2019_1_undefined_penguins/internal/pkg/database/init_config.go:57.22,58.23 1 0
2019_1_undefined_penguins/internal/pkg/database/init_config.go:61.2,62.16 2 0
2019_1_undefined_penguins/internal/pkg/database/init_config.go:65.2,65.12 1 0
2019_1_undefined_penguins/internal/pkg/database/init_config.go:58.23,60.3 1 0
2019_1_undefined_penguins/internal/pkg/database/init_config.go:62.16,64.3 1 0
2019_1_undefined_penguins/internal/pkg/database/init_config.go:68.19,69.23 1 0
2019_1_undefined_penguins/internal/pkg/database/init_config.go:69.23,72.3 2 0
2019_1_undefined_penguins/cmd/main.go:9.13,11.23 2 0
2019_1_undefined_penguins/cmd/main.go:15.2,16.16 2 0
2019_1_undefined_penguins/cmd/main.go:11.23,13.3 1 0
2019_1_undefined_penguins/cmd/main.go:16.16,18.3 1 0
2019_1_undefined_penguins/internal/pkg/controllers/leaderboard.go:13.65,17.16 3 0
2019_1_undefined_penguins/internal/pkg/controllers/leaderboard.go:23.2,24.21 2 0
2019_1_undefined_penguins/internal/pkg/controllers/leaderboard.go:29.2,29.54 1 0
2019_1_undefined_penguins/internal/pkg/controllers/leaderboard.go:17.16,21.3 2 0
2019_1_undefined_penguins/internal/pkg/controllers/leaderboard.go:24.21,28.3 2 0
2019_1_undefined_penguins/internal/pkg/controllers/leaderboard.go:29.54,31.3 1 0
2019_1_undefined_penguins/internal/pkg/controllers/leaderboard.go:31.8,33.3 1 0
2019_1_undefined_penguins/internal/pkg/helpers/cookies.go:10.64,20.2 2 1
2019_1_undefined_penguins/internal/pkg/helpers/passwords.go:7.52,10.2 2 1
2019_1_undefined_penguins/internal/pkg/helpers/passwords.go:12.52,15.2 2 1
2019_1_undefined_penguins/internal/app/game/game.go:15.35,20.2 1 0
2019_1_undefined_penguins/internal/app/game/game.go:22.23,27.6 2 0
2019_1_undefined_penguins/internal/app/game/game.go:27.6,30.32 2 0
2019_1_undefined_penguins/internal/app/game/game.go:38.3,42.25 4 0
2019_1_undefined_penguins/internal/app/game/game.go:30.32,31.48 1 0
2019_1_undefined_penguins/internal/app/game/game.go:31.48,33.18 2 0
2019_1_undefined_penguins/internal/app/game/game.go:46.43,49.2 2 0
2019_1_undefined_penguins/internal/app/game/game.go:51.37,53.2 1 0
2019_1_undefined_penguins/internal/app/game/room.go:41.37,53.2 1 0
2019_1_undefined_penguins/internal/app/game/room.go:55.22,58.6 3 0
2019_1_undefined_penguins/internal/app/game/room.go:58.6,59.10 1 0
2019_1_undefined_penguins/internal/app/game/room.go:60.33,62.68 2 0
2019_1_undefined_penguins/internal/app/game/room.go:63.31,66.50 3 0
2019_1_undefined_penguins/internal/app/game/room.go:67.21,68.37 1 0
2019_1_undefined_penguins/internal/app/game/room.go:68.37,70.24 2 0
2019_1_undefined_penguins/internal/app/game/room.go:76.5,77.30 2 0
2019_1_undefined_penguins/internal/app/game/room.go:71.17,72.61 1 0
2019_1_undefined_penguins/internal/app/game/room.go:73.19,74.45 1 0
2019_1_undefined_penguins/internal/app/game/room.go:83.42,95.2 4 0
2019_1_undefined_penguins/internal/app/game/room.go:97.45,99.2 1 0
2019_1_undefined_penguins/internal/pkg/database/users.go:15.45,17.23 1 1
2019_1_undefined_penguins/internal/pkg/database/users.go:21.2,21.158 1 1
2019_1_undefined_penguins/internal/pkg/database/users.go:26.2,26.12 1 1
2019_1_undefined_penguins/internal/pkg/database/users.go:17.23,19.3 1 0
2019_1_undefined_penguins/internal/pkg/database/users.go:21.158,24.3 2 1
2019_1_undefined_penguins/internal/pkg/database/users.go:39.73,42.16 3 0
2019_1_undefined_penguins/internal/pkg/database/users.go:46.2,47.18 2 0
2019_1_undefined_penguins/internal/pkg/database/users.go:42.16,45.3 2 0
2019_1_undefined_penguins/internal/pkg/database/users.go:60.69,63.16 3 1
2019_1_undefined_penguins/internal/pkg/database/users.go:67.2,68.18 2 1
2019_1_undefined_penguins/internal/pkg/database/users.go:63.16,66.3 2 1
2019_1_undefined_penguins/internal/pkg/database/users.go:75.53,77.16 2 0
2019_1_undefined_penguins/internal/pkg/database/users.go:81.2,81.12 1 0
2019_1_undefined_penguins/internal/pkg/database/users.go:77.16,80.3 2 0
2019_1_undefined_penguins/internal/pkg/database/users.go:90.57,93.16 3 1
2019_1_undefined_penguins/internal/pkg/database/users.go:96.2,97.19 2 1
2019_1_undefined_penguins/internal/pkg/database/users.go:93.16,95.3 1 1
2019_1_undefined_penguins/internal/pkg/database/users.go:106.49,109.16 3 1
2019_1_undefined_penguins/internal/pkg/database/users.go:113.2,114.19 2 1
2019_1_undefined_penguins/internal/pkg/database/users.go:109.16,112.3 2 1
2019_1_undefined_penguins/internal/pkg/database/users.go:123.48,126.16 3 0
2019_1_undefined_penguins/internal/pkg/database/users.go:129.2,132.19 3 0
2019_1_undefined_penguins/internal/pkg/database/users.go:126.16,128.3 1 0
2019_1_undefined_penguins/internal/pkg/database/users.go:146.34,148.16 2 0
2019_1_undefined_penguins/internal/pkg/database/users.go:152.2,152.12 1 0
2019_1_undefined_penguins/internal/pkg/database/users.go:148.16,151.3 2 0
2019_1_undefined_penguins/internal/pkg/database/users.go:155.48,157.16 2 0
2019_1_undefined_penguins/internal/pkg/database/users.go:161.2,161.12 1 0
2019_1_undefined_penguins/internal/pkg/database/users.go:157.16,160.3 2 0
2019_1_undefined_penguins/internal/pkg/helpers/logs.go:5.33,7.2 1 1
2019_1_undefined_penguins/internal/app/game/player.go:18.57,25.2 1 0
2019_1_undefined_penguins/internal/app/game/player.go:27.27,28.12 1 0
2019_1_undefined_penguins/internal/app/game/player.go:46.2,46.6 1 0
2019_1_undefined_penguins/internal/app/game/player.go:28.12,29.7 1 0
2019_1_undefined_penguins/internal/app/game/player.go:29.7,32.45 3 0
2019_1_undefined_penguins/internal/app/game/player.go:37.4,37.18 1 0
2019_1_undefined_penguins/internal/app/game/player.go:42.4,42.19 1 0
2019_1_undefined_penguins/internal/app/game/player.go:32.45,36.5 3 0
2019_1_undefined_penguins/internal/app/game/player.go:37.18,39.13 2 0
2019_1_undefined_penguins/internal/app/game/player.go:46.6,47.10 1 0
2019_1_undefined_penguins/internal/app/game/player.go:48.27,49.29 1 0
2019_1_undefined_penguins/internal/app/game/player.go:50.26,51.38 1 0
2019_1_undefined_penguins/internal/app/game/player.go:56.46,57.18 1 0
2019_1_undefined_penguins/internal/app/game/player.go:57.18,59.3 1 0
2019_1_undefined_penguins/internal/app/game/player.go:62.48,64.2 1 0
2019_1_undefined_penguins/internal/pkg/database/tools.go:9.48,11.18 2 0
2019_1_undefined_penguins/internal/pkg/database/tools.go:18.2,18.14 1 0
2019_1_undefined_penguins/internal/pkg/database/tools.go:11.18,13.77 2 0
2019_1_undefined_penguins/internal/pkg/database/tools.go:16.3,16.31 1 0
2019_1_undefined_penguins/internal/pkg/database/tools.go:13.77,15.4 1 0
2019_1_undefined_penguins/internal/app/server/server.go:23.36,25.16 2 0
2019_1_undefined_penguins/internal/app/server/server.go:29.2,47.12 16 0
2019_1_undefined_penguins/internal/app/server/server.go:51.2,51.89 1 0
2019_1_undefined_penguins/internal/app/server/server.go:25.16,28.3 2 0
2019_1_undefined_penguins/internal/app/server/server.go:47.12,49.3 1 0
2019_1_undefined_penguins/internal/pkg/helpers/cookies.go:10.64,20.2 2 0
2019_1_undefined_penguins/internal/pkg/database/db.go:9.64,10.23 1 0
2019_1_undefined_penguins/internal/pkg/database/db.go:14.2,15.16 2 0
2019_1_undefined_penguins/internal/pkg/database/db.go:19.2,20.18 2 0
2019_1_undefined_penguins/internal/pkg/database/db.go:10.23,12.3 1 0
2019_1_undefined_penguins/internal/pkg/database/db.go:15.16,17.3 1 0
2019_1_undefined_penguins/internal/pkg/database/db.go:23.79,29.16 4 0
2019_1_undefined_penguins/internal/pkg/database/db.go:32.2,33.16 2 0
2019_1_undefined_penguins/internal/pkg/database/db.go:37.2,37.17 1 0
2019_1_undefined_penguins/internal/pkg/database/db.go:29.16,31.3 1 0
2019_1_undefined_penguins/internal/pkg/database/db.go:33.16,35.3 1 0
2019_1_undefined_penguins/internal/pkg/database/init_config.go:22.25,24.16 2 0
2019_1_undefined_penguins/internal/pkg/database/init_config.go:29.2,30.16 2 0
2019_1_undefined_penguins/internal/pkg/database/init_config.go:34.2,36.16 3 0
2019_1_undefined_penguins/internal/pkg/database/init_config.go:40.2,41.40 2 0
2019_1_undefined_penguins/internal/pkg/database/init_config.go:44.2,46.16 3 0
2019_1_undefined_penguins/internal/pkg/database/init_config.go:50.2,50.12 1 0
2019_1_undefined_penguins/internal/pkg/database/init_config.go:24.16,28.3 2 0
2019_1_undefined_penguins/internal/pkg/database/init_config.go:30.16,33.3 2 0
2019_1_undefined_penguins/internal/pkg/database/init_config.go:36.16,39.3 2 0
2019_1_undefined_penguins/internal/pkg/database/init_config.go:41.40,43.3 1 0
2019_1_undefined_penguins/internal/pkg/database/init_config.go:46.16,49.3 2 0
2019_1_undefined_penguins/internal/pkg/database/init_config.go:53.35,55.2 1 0
2019_1_undefined_penguins/internal/pkg/database/init_config.go:57.22,58.23 1 0
2019_1_undefined_penguins/internal/pkg/database/init_config.go:61.2,62.16 2 0
2019_1_undefined_penguins/internal/pkg/database/init_config.go:65.2,65.12 1 0
2019_1_undefined_penguins/internal/pkg/database/init_config.go:58.23,60.3 1 0
2019_1_undefined_penguins/internal/pkg/database/init_config.go:62.16,64.3 1 0
2019_1_undefined_penguins/internal/pkg/database/init_config.go:68.19,69.23 1 0
2019_1_undefined_penguins/internal/pkg/database/init_config.go:69.23,72.3 2 0
2019_1_undefined_penguins/internal/pkg/controllers/game.go:11.54,19.16 5 0
2019_1_undefined_penguins/internal/pkg/controllers/game.go:24.2,24.52 1 0
2019_1_undefined_penguins/internal/pkg/controllers/game.go:25.2,26.16 2 0
2019_1_undefined_penguins/internal/pkg/controllers/game.go:32.2,36.28 4 0
2019_1_undefined_penguins/internal/pkg/controllers/game.go:19.16,23.3 3 0
2019_1_undefined_penguins/internal/pkg/controllers/game.go:24.52,24.67 1 0
2019_1_undefined_penguins/internal/pkg/controllers/game.go:26.16,30.3 3 0
2019_1_undefined_penguins/internal/pkg/controllers/profile.go:21.49,24.84 2 0
2019_1_undefined_penguins/internal/pkg/controllers/profile.go:28.2,34.17 5 0
2019_1_undefined_penguins/internal/pkg/controllers/profile.go:38.2,39.16 2 0
2019_1_undefined_penguins/internal/pkg/controllers/profile.go:43.2,44.8 2 0
2019_1_undefined_penguins/internal/pkg/controllers/profile.go:24.84,26.3 1 0
2019_1_undefined_penguins/internal/pkg/controllers/profile.go:34.17,37.3 2 0
2019_1_undefined_penguins/internal/pkg/controllers/profile.go:39.16,42.3 2 0
2019_1_undefined_penguins/internal/pkg/controllers/profile.go:47.60,50.84 2 0
2019_1_undefined_penguins/internal/pkg/controllers/profile.go:54.2,56.16 3 0
2019_1_undefined_penguins/internal/pkg/controllers/profile.go:60.2,64.16 4 0
2019_1_undefined_penguins/internal/pkg/controllers/profile.go:69.2,72.16 4 0
2019_1_undefined_penguins/internal/pkg/controllers/profile.go:78.2,79.16 2 0
2019_1_undefined_penguins/internal/pkg/controllers/profile.go:83.2,84.8 2 0
2019_1_undefined_penguins/internal/pkg/controllers/profile.go:50.84,52.3 1 0
2019_1_undefined_penguins/internal/pkg/controllers/profile.go:56.16,59.3 2 0
2019_1_undefined_penguins/internal/pkg/controllers/profile.go:64.16,67.3 2 0
2019_1_undefined_penguins/internal/pkg/controllers/profile.go:72.16,76.3 3 0
2019_1_undefined_penguins/internal/pkg/controllers/profile.go:79.16,82.3 2 0
2019_1_undefined_penguins/internal/pkg/controllers/profile.go:87.58,90.84 2 0
2019_1_undefined_penguins/internal/pkg/controllers/profile.go:94.2,96.17 3 0
2019_1_undefined_penguins/internal/pkg/controllers/profile.go:101.2,102.16 2 0
2019_1_undefined_penguins/internal/pkg/controllers/profile.go:107.2,108.16 2 0
2019_1_undefined_penguins/internal/pkg/controllers/profile.go:113.2,115.21 3 0
2019_1_undefined_penguins/internal/pkg/controllers/profile.go:122.2,127.16 5 0
2019_1_undefined_penguins/internal/pkg/controllers/profile.go:132.2,135.16 3 0
2019_1_undefined_penguins/internal/pkg/controllers/profile.go:141.2,142.16 2 0
2019_1_undefined_penguins/internal/pkg/controllers/profile.go:148.2,148.8 1 0
2019_1_undefined_penguins/internal/pkg/controllers/profile.go:90.84,92.3 1 0
2019_1_undefined_penguins/internal/pkg/controllers/profile.go:96.17,99.3 2 0
2019_1_undefined_penguins/internal/pkg/controllers/profile.go:102.16,106.3 3 0
2019_1_undefined_penguins/internal/pkg/controllers/profile.go:108.16,112.3 3 0
2019_1_undefined_penguins/internal/pkg/controllers/profile.go:115.21,120.3 3 0
2019_1_undefined_penguins/internal/pkg/controllers/profile.go:127.16,131.3 3 0
2019_1_undefined_penguins/internal/pkg/controllers/profile.go:135.16,139.3 3 0
2019_1_undefined_penguins/internal/pkg/controllers/profile.go:142.16,147.3 3 0
2019_1_undefined_penguins/internal/pkg/middleware/middleware.go:14.53,15.71 1 0
2019_1_undefined_penguins/internal/pkg/middleware/middleware.go:15.71,24.28 7 0
2019_1_undefined_penguins/internal/pkg/middleware/middleware.go:28.3,28.23 1 0
2019_1_undefined_penguins/internal/pkg/middleware/middleware.go:24.28,26.4 1 0
2019_1_undefined_penguins/internal/pkg/middleware/middleware.go:32.54,33.71 1 0
2019_1_undefined_penguins/internal/pkg/middleware/middleware.go:33.71,34.16 1 0
2019_1_undefined_penguins/internal/pkg/middleware/middleware.go:40.3,40.23 1 0
2019_1_undefined_penguins/internal/pkg/middleware/middleware.go:34.16,35.36 1 0
2019_1_undefined_penguins/internal/pkg/middleware/middleware.go:35.36,38.5 2 0
2019_1_undefined_penguins/internal/pkg/middleware/middleware.go:44.53,45.71 1 0
2019_1_undefined_penguins/internal/pkg/middleware/middleware.go:45.71,46.28 1 0
2019_1_undefined_penguins/internal/pkg/middleware/middleware.go:50.3,52.39 2 0
2019_1_undefined_penguins/internal/pkg/middleware/middleware.go:57.3,57.85 1 0
2019_1_undefined_penguins/internal/pkg/middleware/middleware.go:66.3,66.66 1 0
2019_1_undefined_penguins/internal/pkg/middleware/middleware.go:71.3,71.23 1 0
2019_1_undefined_penguins/internal/pkg/middleware/middleware.go:46.28,49.4 2 0
2019_1_undefined_penguins/internal/pkg/middleware/middleware.go:52.39,55.4 2 0
2019_1_undefined_penguins/internal/pkg/middleware/middleware.go:57.85,58.59 1 0
2019_1_undefined_penguins/internal/pkg/middleware/middleware.go:63.4,63.22 1 0
2019_1_undefined_penguins/internal/pkg/middleware/middleware.go:58.59,62.5 3 0
2019_1_undefined_penguins/internal/pkg/middleware/middleware.go:66.66,70.4 3 0
2019_1_undefined_penguins/internal/pkg/helpers/passwords.go:7.52,10.2 2 0
2019_1_undefined_penguins/internal/pkg/helpers/passwords.go:12.52,15.2 2 0
2019_1_undefined_penguins/cmd/main.go:9.13,11.23 2 0
2019_1_undefined_penguins/cmd/main.go:15.2,16.16 2 0
2019_1_undefined_penguins/cmd/main.go:11.23,13.3 1 0
2019_1_undefined_penguins/cmd/main.go:16.16,18.3 1 0
2019_1_undefined_penguins/internal/pkg/models/user.go:22.13,24.2 1 1
2019_1_undefined_penguins/internal/pkg/models/user.go:26.34,28.2 1 0
2019_1_undefined_penguins/internal/pkg/helpers/logs.go:5.33,7.2 1 0
2019_1_undefined_penguins/internal/app/game/main.go:10.20,14.70 3 0
2019_1_undefined_penguins/internal/app/game/main.go:38.2,40.42 2 0
2019_1_undefined_penguins/internal/app/game/main.go:14.70,18.17 3 0
2019_1_undefined_penguins/internal/app/game/main.go:24.3,25.17 2 0
2019_1_undefined_penguins/internal/app/game/main.go:31.3,35.29 4 0
2019_1_undefined_penguins/internal/app/game/main.go:18.17,22.4 3 0
2019_1_undefined_penguins/internal/app/game/main.go:25.17,29.4 3 0
2019_1_undefined_penguins/internal/app/game/player.go:18.57,25.2 1 0
2019_1_undefined_penguins/internal/app/game/player.go:27.27,28.12 1 0
2019_1_undefined_penguins/internal/app/game/player.go:46.2,46.6 1 0
2019_1_undefined_penguins/internal/app/game/player.go:28.12,29.7 1 0
2019_1_undefined_penguins/internal/app/game/player.go:29.7,32.45 3 0
2019_1_undefined_penguins/internal/app/game/player.go:37.4,37.18 1 0
2019_1_undefined_penguins/internal/app/game/player.go:42.4,42.19 1 0
2019_1_undefined_penguins/internal/app/game/player.go:32.45,36.5 3 0
2019_1_undefined_penguins/internal/app/game/player.go:37.18,39.13 2 0
2019_1_undefined_penguins/internal/app/game/player.go:46.6,47.10 1 0
2019_1_undefined_penguins/internal/app/game/player.go:48.27,49.29 1 0
2019_1_undefined_penguins/internal/app/game/player.go:50.26,51.38 1 0
2019_1_undefined_penguins/internal/app/game/player.go:56.46,57.18 1 0
2019_1_undefined_penguins/internal/app/game/player.go:57.18,59.3 1 0
2019_1_undefined_penguins/internal/app/game/player.go:62.48,64.2 1 0
2019_1_undefined_penguins/internal/app/game/room.go:41.37,53.2 1 0
2019_1_undefined_penguins/internal/app/game/room.go:55.22,58.6 3 0
2019_1_undefined_penguins/internal/app/game/room.go:58.6,59.10 1 0
2019_1_undefined_penguins/internal/app/game/room.go:60.33,62.68 2 0
2019_1_undefined_penguins/internal/app/game/room.go:63.31,66.50 3 0
2019_1_undefined_penguins/internal/app/game/room.go:67.21,68.37 1 0
2019_1_undefined_penguins/internal/app/game/room.go:68.37,70.24 2 0
2019_1_undefined_penguins/internal/app/game/room.go:76.5,77.30 2 0
2019_1_undefined_penguins/internal/app/game/room.go:71.17,72.61 1 0
2019_1_undefined_penguins/internal/app/game/room.go:73.19,74.45 1 0
2019_1_undefined_penguins/internal/app/game/room.go:83.42,95.2 4 0
2019_1_undefined_penguins/internal/app/game/room.go:97.45,99.2 1 0
2019_1_undefined_penguins/internal/pkg/fileserver/fileserver.go:8.20,18.2 4 0
2019_1_undefined_penguins/internal/pkg/controllers/leaderboard.go:13.65,17.16 3 0
2019_1_undefined_penguins/internal/pkg/controllers/leaderboard.go:23.2,24.21 2 0
2019_1_undefined_penguins/internal/pkg/controllers/leaderboard.go:29.2,29.54 1 0
2019_1_undefined_penguins/internal/pkg/controllers/leaderboard.go:17.16,21.3 2 0
2019_1_undefined_penguins/internal/pkg/controllers/leaderboard.go:24.21,28.3 2 0
2019_1_undefined_penguins/internal/pkg/controllers/leaderboard.go:29.54,31.3 1 0
2019_1_undefined_penguins/internal/pkg/controllers/leaderboard.go:31.8,33.3 1 0
2019_1_undefined_penguins/internal/app/game/engine.go:8.36,9.27 1 0
2019_1_undefined_penguins/internal/app/game/engine.go:9.27,11.3 1 0
2019_1_undefined_penguins/internal/app/game/engine.go:11.8,13.3 1 0
2019_1_undefined_penguins/internal/app/game/engine.go:16.50,18.15 2 0
2019_1_undefined_penguins/internal/app/game/engine.go:22.2,26.32 3 0
[...]
2019_1_undefined_penguins/internal/pkg/controllers/auth.go:79.53,81.16 2 0
2019_1_undefined_penguins/internal/pkg/controllers/auth.go:86.2,90.16 4 0
2019_1_undefined_penguins/internal/pkg/controllers/auth.go:95.2,96.18 2 0
2019_1_undefined_penguins/internal/pkg/controllers/auth.go:101.2,104.16 3 0
2019_1_undefined_penguins/internal/pkg/controllers/auth.go:110.2,119.16 4 0
2019_1_undefined_penguins/internal/pkg/controllers/auth.go:125.2,135.16 5 0
2019_1_undefined_penguins/internal/pkg/controllers/auth.go:140.2,141.16 2 0
2019_1_undefined_penguins/internal/pkg/controllers/auth.go:81.16,85.3 3 0
2019_1_undefined_penguins/internal/pkg/controllers/auth.go:90.16,94.3 3 0
2019_1_undefined_penguins/internal/pkg/controllers/auth.go:96.18,99.3 2 0
2019_1_undefined_penguins/internal/pkg/controllers/auth.go:104.16,108.3 3 0
2019_1_undefined_penguins/internal/pkg/controllers/auth.go:119.16,123.3 3 0
2019_1_undefined_penguins/internal/pkg/controllers/auth.go:135.16,138.3 2 0
2019_1_undefined_penguins/internal/pkg/controllers/auth.go:144.54,146.16 2 0
2019_1_undefined_penguins/internal/pkg/controllers/auth.go:152.2,154.30 3 0
2019_1_undefined_penguins/internal/pkg/controllers/auth.go:146.16,150.3 3 0
2019_1_undefined_penguins/internal/pkg/controllers/auth.go:157.58,159.2 1 0
2019_1_undefined_penguins/internal/app/game/game.go:15.35,20.2 1 0
2019_1_undefined_penguins/internal/app/game/game.go:22.23,27.6 2 0
2019_1_undefined_penguins/internal/app/game/game.go:27.6,30.32 2 0
2019_1_undefined_penguins/internal/app/game/game.go:38.3,42.25 4 0
2019_1_undefined_penguins/internal/app/game/game.go:30.32,31.48 1 0
2019_1_undefined_penguins/internal/app/game/game.go:31.48,33.18 2 0
2019_1_undefined_penguins/internal/app/game/game.go:46.43,49.2 2 0
2019_1_undefined_penguins/internal/app/game/game.go:51.37,53.2 1 0
2019_1_undefined_penguins/internal/app/game/player.go:18.57,25.2 1 0
2019_1_undefined_penguins/internal/app/game/player.go:27.27,28.12 1 0
2019_1_undefined_penguins/internal/app/game/player.go:46.2,46.6 1 0
2019_1_undefined_penguins/internal/app/game/player.go:28.12,29.7 1 0
2019_1_undefined_penguins/internal/app/game/player.go:29.7,32.45 3 0
2019_1_undefined_penguins/internal/app/game/player.go:37.4,37.18 1 0
2019_1_undefined_penguins/internal/app/game/player.go:42.4,42.19 1 0
2019_1_undefined_penguins/internal/app/game/player.go:32.45,36.5 3 0
2019_1_undefined_penguins/internal/app/game/player.go:37.18,39.13 2 0
2019_1_undefined_penguins/internal/app/game/player.go:46.6,47.10 1 0
2019_1_undefined_penguins/internal/app/game/player.go:48.27,49.29 1 0
2019_1_undefined_penguins/internal/app/game/player.go:50.26,51.38 1 0
2019_1_undefined_penguins/internal/app/game/player.go:56.46,57.18 1 0
2019_1_undefined_penguins/internal/app/game/player.go:57.18,59.3 1 0
2019_1_undefined_penguins/internal/app/game/player.go:62.48,64.2 1 0
2019_1_undefined_penguins/internal/pkg/helpers/logs.go:5.33,7.2 1 0
2019_1_undefined_penguins/internal/app/game/room.go:41.37,53.2 1 0
2019_1_undefined_penguins/internal/app/game/room.go:55.22,58.6 3 0
2019_1_undefined_penguins/internal/app/game/room.go:58.6,59.10 1 0
2019_1_undefined_penguins/internal/app/game/room.go:60.33,62.68 2 0
2019_1_undefined_penguins/internal/app/game/room.go:63.31,66.50 3 0
2019_1_undefined_penguins/internal/app/game/room.go:67.21,68.37 1 0
2019_1_undefined_penguins/internal/app/game/room.go:68.37,70.24 2 0
2019_1_undefined_penguins/internal/app/game/room.go:76.5,77.30 2 0
2019_1_undefined_penguins/internal/app/game/room.go:71.17,72.61 1 0
2019_1_undefined_penguins/internal/app/game/room.go:73.19,74.45 1 0
2019_1_undefined_penguins/internal/app/game/room.go:83.42,95.2 4 0
2019_1_undefined_penguins/internal/app/game/room.go:97.45,99.2 1 0
2019_1_undefined_penguins/internal/pkg/database/db.go:9.64,10.23 1 0
2019_1_undefined_penguins/internal/pkg/database/db.go:14.2,15.16 2 0
2019_1_undefined_penguins/internal/pkg/database/db.go:19.2,20.18 2 0
2019_1_undefined_penguins/internal/pkg/database/db.go:10.23,12.3 1 0
2019_1_undefined_penguins/internal/pkg/database/db.go:15.16,17.3 1 0
2019_1_undefined_penguins/internal/pkg/database/db.go:23.79,29.16 4 0
2019_1_undefined_penguins/internal/pkg/database/db.go:32.2,33.16 2 0
2019_1_undefined_penguins/internal/pkg/database/db.go:37.2,37.17 1 0
2019_1_undefined_penguins/internal/pkg/database/db.go:29.16,31.3 1 0
2019_1_undefined_penguins/internal/pkg/database/db.go:33.16,35.3 1 0
2019_1_undefined_penguins/internal/pkg/database/tools.go:9.48,11.18 2 0
2019_1_undefined_penguins/internal/pkg/database/tools.go:18.2,18.14 1 0
2019_1_undefined_penguins/internal/pkg/database/tools.go:11.18,13.77 2 0
2019_1_undefined_penguins/internal/pkg/database/tools.go:16.3,16.31 1 0
2019_1_undefined_penguins/internal/pkg/database/tools.go:13.77,15.4 1 0
2019_1_undefined_penguins/internal/pkg/helpers/cookies.go:10.64,20.2 2 0
2019_1_undefined_penguins/internal/app/game/game.go:15.35,20.2 1 0
2019_1_undefined_penguins/internal/app/game/game.go:22.23,27.6 2 0
2019_1_undefined_penguins/internal/app/game/game.go:27.6,30.32 2 0
2019_1_undefined_penguins/internal/app/game/game.go:38.3,42.25 4 0
2019_1_undefined_penguins/internal/app/game/game.go:30.32,31.48 1 0
2019_1_undefined_penguins/internal/app/game/game.go:31.48,33.18 2 0
2019_1_undefined_penguins/internal/app/game/game.go:46.43,49.2 2 0
2019_1_undefined_penguins/internal/app/game/game.go:51.37,53.2 1 0
2019_1_undefined_penguins/internal/app/game/main.go:10.20,14.70 3 0
2019_1_undefined_penguins/internal/app/game/main.go:38.2,40.42 2 0
2019_1_undefined_penguins/internal/app/game/main.go:14.70,18.17 3 0
2019_1_undefined_penguins/internal/app/game/main.go:24.3,25.17 2 0
2019_1_undefined_penguins/internal/app/game/main.go:31.3,35.29 4 0
2019_1_undefined_penguins/internal/app/game/main.go:18.17,22.4 3 0
2019_1_undefined_penguins/internal/app/game/main.go:25.17,29.4 3 0
2019_1_undefined_penguins/internal/pkg/database/init_config.go:22.25,24.16 2 0
2019_1_undefined_penguins/internal/pkg/database/init_config.go:29.2,30.16 2 0
2019_1_undefined_penguins/internal/pkg/database/init_config.go:34.2,36.16 3 0
2019_1_undefined_penguins/internal/pkg/database/init_config.go:40.2,41.40 2 0
2019_1_undefined_penguins/internal/pkg/database/init_config.go:44.2,46.16 3 0
2019_1_undefined_penguins/internal/pkg/database/init_config.go:50.2,50.12 1 0
2019_1_undefined_penguins/internal/pkg/database/init_config.go:24.16,28.3 2 0
2019_1_undefined_penguins/internal/pkg/database/init_config.go:30.16,33.3 2 0
2019_1_undefined_penguins/internal/pkg/database/init_config.go:36.16,39.3 2 0
2019_1_undefined_penguins/internal/pkg/database/init_config.go:41.40,43.3 1 0
2019_1_undefined_penguins/internal/pkg/database/init_config.go:46.16,49.3 2 0
2019_1_undefined_penguins/internal/pkg/database/init_config.go:53.35,55.2 1 0
2019_1_undefined_penguins/internal/pkg/database/init_config.go:57.22,58.23 1 0
2019_1_undefined_penguins/internal/pkg/database/init_config.go:61.2,62.16 2 0
2019_1_undefined_penguins/internal/pkg/database/init_config.go:65.2,65.12 1 0
2019_1_undefined_penguins/internal/pkg/database/init_config.go:58.23,60.3 1 0
2019_1_undefined_penguins/internal/pkg/database/init_config.go:62.16,64.3 1 0
2019_1_undefined_penguins/internal/pkg/database/init_config.go:68.19,69.23 1 0
2019_1_undefined_penguins/internal/pkg/database/init_config.go:69.23,72.3 2 0
2019_1_undefined_penguins/internal/pkg/controllers/profile.go:21.49,24.84 2 0
2019_1_undefined_penguins/internal/pkg/controllers/profile.go:28.2,34.17 5 0
2019_1_undefined_penguins/internal/pkg/controllers/profile.go:38.2,39.16 2 0
2019_1_undefined_penguins/internal/pkg/controllers/profile.go:43.2,44.8 2 0
2019_1_undefined_penguins/internal/pkg/controllers/profile.go:24.84,26.3 1 0
2019_1_undefined_penguins/internal/pkg/controllers/profile.go:34.17,37.3 2 0
2019_1_undefined_penguins/internal/pkg/controllers/profile.go:39.16,42.3 2 0
2019_1_undefined_penguins/internal/pkg/controllers/profile.go:47.60,50.84 2 0
2019_1_undefined_penguins/internal/pkg/controllers/profile.go:54.2,56.16 3 0
2019_1_undefined_penguins/internal/pkg/controllers/profile.go:60.2,64.16 4 0
2019_1_undefined_penguins/internal/pkg/controllers/profile.go:69.2,72.16 4 0
2019_1_undefined_penguins/internal/pkg/controllers/profile.go:78.2,79.16 2 0
2019_1_undefined_penguins/internal/pkg/controllers/profile.go:83.2,84.8 2 0
2019_1_undefined_penguins/internal/pkg/controllers/profile.go:50.84,52.3 1 0
2019_1_undefined_penguins/internal/pkg/controllers/profile.go:56.16,59.3 2 0
2019_1_undefined_penguins/internal/pkg/controllers/profile.go:64.16,67.3 2 0
2019_1_undefined_penguins/internal/pkg/controllers/profile.go:72.16,76.3 3 0
2019_1_undefined_penguins/internal/pkg/controllers/profile.go:79.16,82.3 2 0
2019_1_undefined_penguins/internal/pkg/controllers/profile.go:87.58,90.84 2 0
2019_1_undefined_penguins/internal/pkg/controllers/profile.go:94.2,96.17 3 0
2019_1_undefined_penguins/internal/pkg/controllers/profile.go:101.2,102.16 2 0
2019_1_undefined_penguins/internal/pkg/controllers/profile.go:107.2,108.16 2 0
2019_1_undefined_penguins/internal/pkg/controllers/profile.go:113.2,115.21 3 0
2019_1_undefined_penguins/internal/pkg/controllers/profile.go:122.2,127.16 5 0
2019_1_undefined_penguins/internal/pkg/controllers/profile.go:132.2,135.16 3 0
2019_1_undefined_penguins/internal/pkg/controllers/profile.go:141.2,142.16 2 0
2019_1_undefined_penguins/internal/pkg/controllers/profile.go:148.2,148.8 1 0
2019_1_undefined_penguins/internal/pkg/controllers/profile.go:90.84,92.3 1 0
2019_1_undefined_penguins/internal/pkg/controllers/profile.go:96.17,99.3 2 0
2019_1_undefined_penguins/internal/pkg/controllers/profile.go:102.16,106.3 3 0
2019_1_undefined_penguins/internal/pkg/controllers/profile.go:108.16,112.3 3 0
2019_1_undefined_penguins/internal/pkg/controllers/profile.go:115.21,120.3 3 0
2019_1_undefined_penguins/internal/pkg/controllers/profile.go:127.16,131.3 3 0
2019_1_undefined_penguins/internal/pkg/controllers/profile.go:135.16,139.3 3 0
2019_1_undefined_penguins/internal/pkg/controllers/profile.go:142.16,147.3 3 0
2019_1_undefined_penguins/internal/pkg/middleware/middleware.go:14.53,15.71 1 0
2019_1_undefined_penguins/internal/pkg/middleware/middleware.go:15.71,24.28 7 0
2019_1_undefined_penguins/internal/pkg/middleware/middleware.go:28.3,28.23 1 0
2019_1_undefined_penguins/internal/pkg/middleware/middleware.go:24.28,26.4 1 0
2019_1_undefined_penguins/internal/pkg/middleware/middleware.go:32.54,33.71 1 0
2019_1_undefined_penguins/internal/pkg/middleware/middleware.go:33.71,34.16 1 0
2019_1_undefined_penguins/internal/pkg/middleware/middleware.go:40.3,40.23 1 0
2019_1_undefined_penguins/internal/pkg/middleware/middleware.go:34.16,35.36 1 0
2019_1_undefined_penguins/internal/pkg/middleware/middleware.go:35.36,38.5 2 0
2019_1_undefined_penguins/internal/pkg/middleware/middleware.go:44.53,45.71 1 0
2019_1_undefined_penguins/internal/pkg/middleware/middleware.go:45.71,46.28 1 0
2019_1_undefined_penguins/internal/pkg/middleware/middleware.go:50.3,52.39 2 0
2019_1_undefined_penguins/internal/pkg/middleware/middleware.go:57.3,57.85 1 0
2019_1_undefined_penguins/internal/pkg/middleware/middleware.go:66.3,66.66 1 0
2019_1_undefined_penguins/internal/pkg/middleware/middleware.go:71.3,71.23 1 0
2019_1_undefined_penguins/internal/pkg/middleware/middleware.go:46.28,49.4 2 0
2019_1_undefined_penguins/internal/pkg/middleware/middleware.go:52.39,55.4 2 0
2019_1_undefined_penguins/internal/pkg/middleware/middleware.go:57.85,58.59 1 0
2019_1_undefined_penguins/internal/pkg/middleware/middleware.go:63.4,63.22 1 0
2019_1_undefined_penguins/internal/pkg/middleware/middleware.go:58.59,62.5 3 0
2019_1_undefined_penguins/internal/pkg/middleware/middleware.go:66.66,70.4 3 0
2019_1_undefined_penguins/internal/pkg/models/user.go:22.13,24.2 1 1
2019_1_undefined_penguins/internal/pkg/models/user.go:26.34,28.2 1 1
2019_1_undefined_penguins/internal/app/game/engine.go:8.36,9.27 1 0
2019_1_undefined_penguins/internal/app/game/engine.go:9.27,11.3 1 0
2019_1_undefined_penguins/internal/app/game/engine.go:11.8,13.3 1 0
2019_1_undefined_penguins/internal/app/game/engine.go:16.50,18.15 2 0
2019_1_undefined_penguins/internal/app/game/engine.go:22.2,26.32 3 0
2019_1_undefined_penguins/internal/app/game/engine.go:18.15,20.3 1 0
2019_1_undefined_penguins/internal/app/game/engine.go:26.32,29.3 2 0
2019_1_undefined_penguins/internal/app/game/engine.go:32.53,34.27 2 0
2019_1_undefined_penguins/internal/app/game/engine.go:41.2,42.61 2 0
2019_1_undefined_penguins/internal/app/game/engine.go:34.27,37.3 1 0
2019_1_undefined_penguins/internal/app/game/engine.go:37.8,39.3 1 0
2019_1_undefined_penguins/internal/app/game/engine.go:45.40,52.2 1 0
2019_1_undefined_penguins/internal/pkg/controllers/leaderboard.go:13.65,17.16 3 0
2019_1_undefined_penguins/internal/pkg/controllers/leaderboard.go:23.2,24.21 2 0
2019_1_undefined_penguins/internal/pkg/controllers/leaderboard.go:29.2,29.54 1 0
2019_1_undefined_penguins/internal/pkg/controllers/leaderboard.go:17.16,21.3 2 0
2019_1_undefined_penguins/internal/pkg/controllers/leaderboard.go:24.21,28.3 2 0
2019_1_undefined_penguins/internal/pkg/controllers/leaderboard.go:29.54,31.3 1 0
2019_1_undefined_penguins/internal/pkg/controllers/leaderboard.go:31.8,33.3 1 0
2019_1_undefined_penguins/internal/pkg/fileserver/fileserver.go:8.20,18.2 4 0
2019_1_undefined_penguins/cmd/main.go:9.13,11.23 2 0
2019_1_undefined_penguins/cmd/main.go:15.2,16.16 2 0
2019_1_undefined_penguins/cmd/main.go:11.23,13.3 1 0
2019_1_undefined_penguins/cmd/main.go:16.16,18.3 1 0
2019_1_undefined_penguins/internal/pkg/controllers/game.go:11.54,19.16 5 0
2019_1_undefined_penguins/internal/pkg/controllers/game.go:24.2,24.52 1 0
2019_1_undefined_penguins/internal/pkg/controllers/game.go:25.2,26.16 2 0
2019_1_undefined_penguins/internal/pkg/controllers/game.go:32.2,36.28 4 0
2019_1_undefined_penguins/internal/pkg/controllers/game.go:19.16,23.3 3 0
2019_1_undefined_penguins/internal/pkg/controllers/game.go:24.52,24.67 1 0
2019_1_undefined_penguins/internal/pkg/controllers/game.go:26.16,30.3 3 0
2019_1_undefined_penguins/internal/app/game/player.go:18.57,25.2 1 0
2019_1_undefined_penguins/internal/app/game/player.go:27.27,28.12 1 0
2019_1_undefined_penguins/internal/app/game/player.go:46.2,46.6 1 0
2019_1_undefined_penguins/internal/app/game/player.go:28.12,29.7 1 0
2019_1_undefined_penguins/internal/app/game/player.go:29.7,32.45 3 0
2019_1_undefined_penguins/internal/app/game/player.go:37.4,37.18 1 0
2019_1_undefined_penguins/internal/app/game/player.go:42.4,42.19 1 0
2019_1_undefined_penguins/internal/app/game/player.go:32.45,36.5 3 0
2019_1_undefined_penguins/internal/app/game/player.go:37.18,39.13 2 0
2019_1_undefined_penguins/internal/app/game/player.go:46.6,47.10 1 0
2019_1_undefined_penguins/internal/app/game/player.go:48.27,49.29 1 0
2019_1_undefined_penguins/internal/app/game/player.go:50.26,51.38 1 0
2019_1_undefined_penguins/internal/app/game/player.go:56.46,57.18 1 0
2019_1_undefined_penguins/internal/app/game/player.go:57.18,59.3 1 0
2019_1_undefined_penguins/internal/app/game/player.go:62.48,64.2 1 0
2019_1_undefined_penguins/internal/pkg/database/users.go:15.45,17.23 1 0
2019_1_undefined_penguins/internal/pkg/database/users.go:21.2,21.158 1 0
2019_1_undefined_penguins/internal/pkg/database/users.go:26.2,26.12 1 0
2019_1_undefined_penguins/internal/pkg/database/users.go:17.23,19.3 1 0
2019_1_undefined_penguins/internal/pkg/database/users.go:21.158,24.3 2 0
2019_1_undefined_penguins/internal/pkg/database/users.go:39.73,42.16 3 0
2019_1_undefined_penguins/internal/pkg/database/users.go:46.2,47.18 2 0
2019_1_undefined_penguins/internal/pkg/database/users.go:42.16,45.3 2 0
2019_1_undefined_penguins/internal/pkg/database/users.go:60.69,63.16 3 0
2019_1_undefined_penguins/internal/pkg/database/users.go:67.2,68.18 2 0
2019_1_undefined_penguins/internal/pkg/database/users.go:63.16,66.3 2 0
2019_1_undefined_penguins/internal/pkg/database/users.go:75.53,77.16 2 0
2019_1_undefined_penguins/internal/pkg/database/users.go:81.2,81.12 1 0
2019_1_undefined_penguins/internal/pkg/database/users.go:77.16,80.3 2 0
2019_1_undefined_penguins/internal/pkg/database/users.go:90.57,93.16 3 0
2019_1_undefined_penguins/internal/pkg/database/users.go:96.2,97.19 2 0
2019_1_undefined_penguins/internal/pkg/database/users.go:93.16,95.3 1 0
2019_1_undefined_penguins/internal/pkg/database/users.go:106.49,109.16 3 0
2019_1_undefined_penguins/internal/pkg/database/users.go:113.2,114.19 2 0
2019_1_undefined_penguins/internal/pkg/database/users.go:109.16,112.3 2 0
2019_1_undefined_penguins/internal/pkg/database/users.go:123.48,126.16 3 0
2019_1_undefined_penguins/internal/pkg/database/users.go:129.2,132.19 3 0
2019_1_undefined_penguins/internal/pkg/database/users.go:126.16,128.3 1 0
2019_1_undefined_penguins/internal/pkg/database/users.go:146.34,148.16 2 0
2019_1_undefined_penguins/internal/pkg/database/users.go:152.2,152.12 1 0
2019_1_undefined_penguins/internal/pkg/database/users.go:148.16,151.3 2 0
2019_1_undefined_penguins/internal/pkg/database/users.go:155.48,157.16 2 0
2019_1_undefined_penguins/internal/pkg/database/users.go:161.2,161.12 1 0
2019_1_undefined_penguins/internal/pkg/database/users.go:157.16,160.3 2 0
2019_1_undefined_penguins/internal/pkg/controllers/auth.go:19.53,22.16 2 0
2019_1_undefined_penguins/internal/pkg/controllers/auth.go:27.2,30.16 4 0
2019_1_undefined_penguins/internal/pkg/controllers/auth.go:35.2,37.18 2 0
2019_1_undefined_penguins/internal/pkg/controllers/auth.go:42.2,42.67 1 0
2019_1_undefined_penguins/internal/pkg/controllers/auth.go:46.2,55.16 4 0
2019_1_undefined_penguins/internal/pkg/controllers/auth.go:61.2,70.16 3 0
2019_1_undefined_penguins/internal/pkg/controllers/auth.go:75.2,76.16 2 0
2019_1_undefined_penguins/internal/pkg/controllers/auth.go:22.16,25.3 2 0
2019_1_undefined_penguins/internal/pkg/controllers/auth.go:30.16,33.3 2 0
2019_1_undefined_penguins/internal/pkg/controllers/auth.go:37.18,40.3 2 0
2019_1_undefined_penguins/internal/pkg/controllers/auth.go:42.67,45.3 2 0
2019_1_undefined_penguins/internal/pkg/controllers/auth.go:55.16,59.3 3 0
2019_1_undefined_penguins/internal/pkg/controllers/auth.go:70.16,73.3 2 0
2019_1_undefined_penguins/internal/pkg/controllers/auth.go:79.53,81.16 2 0
2019_1_undefined_penguins/internal/pkg/controllers/auth.go:86.2,90.16 4 0
2019_1_undefined_penguins/internal/pkg/controllers/auth.go:95.2,96.18 2 0
2019_1_undefined_penguins/internal/pkg/controllers/auth.go:101.2,104.16 3 0
2019_1_undefined_penguins/internal/pkg/controllers/auth.go:110.2,119.16 4 0
2019_1_undefined_penguins/internal/pkg/controllers/auth.go:125.2,135.16 5 0
2019_1_undefined_penguins/internal/pkg/controllers/auth.go:140.2,141.16 2 0
2019_1_undefined_penguins/internal/pkg/controllers/auth.go:81.16,85.3 3 0
2019_1_undefined_penguins/internal/pkg/controllers/auth.go:90.16,94.3 3 0
2019_1_undefined_penguins/internal/pkg/controllers/auth.go:96.18,99.3 2 0
2019_1_undefined_penguins/internal/pkg/controllers/auth.go:104.16,108.3 3 0
2019_1_undefined_penguins/internal/pkg/controllers/auth.go:119.16,123.3 3 0
2019_1_undefined_penguins/internal/pkg/controllers/auth.go:135.16,138.3 2 0
2019_1_undefined_penguins/internal/pkg/controllers/auth.go:144.54,146.16 2 0
2019_1_undefined_penguins/internal/pkg/controllers/auth.go:152.2,154.30 3 0
2019_1_undefined_penguins/internal/pkg/controllers/auth.go:146.16,150.3 3 0
2019_1_undefined_penguins/internal/pkg/controllers/auth.go:157.58,159.2 1 0
2019_1_undefined_penguins/internal/app/server/server.go:23.36,25.16 2 0
2019_1_undefined_penguins/internal/app/server/server.go:29.2,47.12 16 0
2019_1_undefined_penguins/internal/app/server/server.go:51.2,51.89 1 0
2019_1_undefined_penguins/internal/app/server/server.go:25.16,28.3 2 0
2019_1_undefined_penguins/internal/app/server/server.go:47.12,49.3 1 0
2019_1_undefined_penguins/internal/pkg/helpers/passwords.go:7.52,10.2 2 0
2019_1_undefined_penguins/internal/pkg/helpers/passwords.go:12.52,15.2 2 0
