mode: set
2019_1_undefined_penguins/internal/pkg/middleware/middleware.go:21.53,22.71 1 0
2019_1_undefined_penguins/internal/pkg/middleware/middleware.go:22.71,31.28 6 0
2019_1_undefined_penguins/internal/pkg/middleware/middleware.go:35.3,35.23 1 0
2019_1_undefined_penguins/internal/pkg/middleware/middleware.go:31.28,33.4 1 0
2019_1_undefined_penguins/internal/pkg/middleware/middleware.go:39.54,40.71 1 0
2019_1_undefined_penguins/internal/pkg/middleware/middleware.go:40.71,41.16 1 0
2019_1_undefined_penguins/internal/pkg/middleware/middleware.go:47.3,47.23 1 0
2019_1_undefined_penguins/internal/pkg/middleware/middleware.go:41.16,42.36 1 0
2019_1_undefined_penguins/internal/pkg/middleware/middleware.go:42.36,45.5 2 0
2019_1_undefined_penguins/internal/pkg/middleware/middleware.go:51.53,52.71 1 0
2019_1_undefined_penguins/internal/pkg/middleware/middleware.go:52.71,53.28 1 0
2019_1_undefined_penguins/internal/pkg/middleware/middleware.go:57.3,59.39 2 0
2019_1_undefined_penguins/internal/pkg/middleware/middleware.go:64.3,64.85 1 0
2019_1_undefined_penguins/internal/pkg/middleware/middleware.go:73.3,73.66 1 0
2019_1_undefined_penguins/internal/pkg/middleware/middleware.go:78.3,78.23 1 0
2019_1_undefined_penguins/internal/pkg/middleware/middleware.go:53.28,56.4 2 0
2019_1_undefined_penguins/internal/pkg/middleware/middleware.go:59.39,62.4 2 0
2019_1_undefined_penguins/internal/pkg/middleware/middleware.go:64.85,65.59 1 0
2019_1_undefined_penguins/internal/pkg/middleware/middleware.go:70.4,70.22 1 0
2019_1_undefined_penguins/internal/pkg/middleware/middleware.go:65.59,69.5 3 0
2019_1_undefined_penguins/internal/pkg/middleware/middleware.go:73.66,77.4 3 0
2019_1_undefined_penguins/internal/pkg/middleware/middleware.go:82.59,83.71 1 0
2019_1_undefined_penguins/internal/pkg/middleware/middleware.go:83.71,90.3 3 0
2019_1_undefined_penguins/internal/pkg/middleware/middleware.go:93.60,95.2 1 0
2019_1_undefined_penguins/internal/pkg/middleware/middleware.go:97.42,100.2 2 0
2019_1_undefined_penguins/internal/pkg/middleware/middleware.go:102.50,103.17 1 0
2019_1_undefined_penguins/internal/pkg/middleware/middleware.go:107.2,108.15 2 0
2019_1_undefined_penguins/internal/pkg/middleware/middleware.go:103.17,105.3 1 0
2019_1_undefined_penguins/internal/pkg/middleware/middleware.go:111.39,113.2 1 0
2019_1_undefined_penguins/internal/pkg/helpers/cookies.go:10.64,20.2 2 0
2019_1_undefined_penguins/internal/pkg/controllers/auth.go:17.53,19.16 2 0
2019_1_undefined_penguins/internal/pkg/controllers/auth.go:24.2,30.16 5 0
2019_1_undefined_penguins/internal/pkg/controllers/auth.go:34.2,39.16 5 0
2019_1_undefined_penguins/internal/pkg/controllers/auth.go:57.2,69.16 5 0
2019_1_undefined_penguins/internal/pkg/controllers/auth.go:74.2,75.16 2 0
2019_1_undefined_penguins/internal/pkg/controllers/auth.go:19.16,22.3 2 0
2019_1_undefined_penguins/internal/pkg/controllers/auth.go:30.16,33.3 2 0
2019_1_undefined_penguins/internal/pkg/controllers/auth.go:39.16,40.62 1 0
2019_1_undefined_penguins/internal/pkg/controllers/auth.go:41.10,43.10 2 0
2019_1_undefined_penguins/internal/pkg/controllers/auth.go:44.10,46.10 2 0
2019_1_undefined_penguins/internal/pkg/controllers/auth.go:47.10,49.10 2 0
2019_1_undefined_penguins/internal/pkg/controllers/auth.go:50.11,53.10 3 0
2019_1_undefined_penguins/internal/pkg/controllers/auth.go:69.16,72.3 2 0
2019_1_undefined_penguins/internal/pkg/controllers/auth.go:78.53,80.16 2 0
2019_1_undefined_penguins/internal/pkg/controllers/auth.go:85.2,92.16 5 0
2019_1_undefined_penguins/internal/pkg/controllers/auth.go:98.2,103.16 5 0
2019_1_undefined_penguins/internal/pkg/controllers/auth.go:127.2,140.16 6 0
2019_1_undefined_penguins/internal/pkg/controllers/auth.go:145.2,146.16 2 0
2019_1_undefined_penguins/internal/pkg/controllers/auth.go:80.16,84.3 3 0
2019_1_undefined_penguins/internal/pkg/controllers/auth.go:92.16,96.3 3 0
2019_1_undefined_penguins/internal/pkg/controllers/auth.go:103.16,104.62 1 0
2019_1_undefined_penguins/internal/pkg/controllers/auth.go:105.10,107.10 2 0
2019_1_undefined_penguins/internal/pkg/controllers/auth.go:108.10,110.10 2 0
2019_1_undefined_penguins/internal/pkg/controllers/auth.go:111.10,113.10 2 0
2019_1_undefined_penguins/internal/pkg/controllers/auth.go:114.10,116.10 2 0
2019_1_undefined_penguins/internal/pkg/controllers/auth.go:117.11,119.10 2 0
2019_1_undefined_penguins/internal/pkg/controllers/auth.go:120.11,123.10 3 0
2019_1_undefined_penguins/internal/pkg/controllers/auth.go:140.16,143.3 2 0
2019_1_undefined_penguins/internal/pkg/controllers/auth.go:149.54,151.16 2 0
2019_1_undefined_penguins/internal/pkg/controllers/auth.go:157.2,159.30 3 0
2019_1_undefined_penguins/internal/pkg/controllers/auth.go:151.16,155.3 3 0
2019_1_undefined_penguins/internal/pkg/controllers/auth.go:162.58,164.2 1 0
2019_1_undefined_penguins/internal/pkg/controllers/auth.go:168.47,170.2 1 0
2019_1_undefined_penguins/internal/pkg/controllers/profile.go:20.49,22.19 2 0
2019_1_undefined_penguins/internal/pkg/controllers/profile.go:27.2,31.16 4 0
2019_1_undefined_penguins/internal/pkg/controllers/profile.go:43.2,46.16 3 0
2019_1_undefined_penguins/internal/pkg/controllers/profile.go:50.2,51.8 2 0
2019_1_undefined_penguins/internal/pkg/controllers/profile.go:22.19,25.3 2 0
2019_1_undefined_penguins/internal/pkg/controllers/profile.go:31.16,32.62 1 0
2019_1_undefined_penguins/internal/pkg/controllers/profile.go:33.10,35.10 2 0
2019_1_undefined_penguins/internal/pkg/controllers/profile.go:36.11,39.10 3 0
2019_1_undefined_penguins/internal/pkg/controllers/profile.go:46.16,49.3 2 0
2019_1_undefined_penguins/internal/pkg/controllers/profile.go:54.60,62.16 5 0
2019_1_undefined_penguins/internal/pkg/controllers/profile.go:74.2,75.16 2 0
2019_1_undefined_penguins/internal/pkg/controllers/profile.go:80.2,88.16 5 0
2019_1_undefined_penguins/internal/pkg/controllers/profile.go:93.2,99.16 6 0
2019_1_undefined_penguins/internal/pkg/controllers/profile.go:103.2,104.8 2 0
2019_1_undefined_penguins/internal/pkg/controllers/profile.go:62.16,63.62 1 0
2019_1_undefined_penguins/internal/pkg/controllers/profile.go:64.10,66.10 2 0
2019_1_undefined_penguins/internal/pkg/controllers/profile.go:67.11,70.10 3 0
2019_1_undefined_penguins/internal/pkg/controllers/profile.go:75.16,79.3 3 0
2019_1_undefined_penguins/internal/pkg/controllers/profile.go:88.16,92.3 3 0
2019_1_undefined_penguins/internal/pkg/controllers/profile.go:99.16,102.3 2 0
2019_1_undefined_penguins/internal/pkg/controllers/profile.go:107.58,114.16 5 0
2019_1_undefined_penguins/internal/pkg/controllers/profile.go:126.2,127.16 2 0
2019_1_undefined_penguins/internal/pkg/controllers/profile.go:133.2,143.16 4 0
2019_1_undefined_penguins/internal/pkg/controllers/profile.go:148.2,163.16 9 0
2019_1_undefined_penguins/internal/pkg/controllers/profile.go:169.2,176.16 3 0
2019_1_undefined_penguins/internal/pkg/controllers/profile.go:182.2,189.16 7 0
2019_1_undefined_penguins/internal/pkg/controllers/profile.go:114.16,115.62 1 0
2019_1_undefined_penguins/internal/pkg/controllers/profile.go:116.10,118.10 2 0
2019_1_undefined_penguins/internal/pkg/controllers/profile.go:119.11,122.10 3 0
2019_1_undefined_penguins/internal/pkg/controllers/profile.go:127.16,131.3 3 0
2019_1_undefined_penguins/internal/pkg/controllers/profile.go:143.16,147.3 3 0
2019_1_undefined_penguins/internal/pkg/controllers/profile.go:163.16,167.3 3 0
2019_1_undefined_penguins/internal/pkg/controllers/profile.go:176.16,180.3 3 0
2019_1_undefined_penguins/internal/pkg/models/user.go:18.47,20.17 2 0
2019_1_undefined_penguins/internal/pkg/models/user.go:23.2,34.15 9 0
2019_1_undefined_penguins/internal/pkg/models/user.go:20.17,22.3 1 0
2019_1_undefined_penguins/internal/pkg/models/user.go:37.44,39.17 2 0
2019_1_undefined_penguins/internal/pkg/models/user.go:42.2,53.15 9 0
2019_1_undefined_penguins/internal/pkg/models/user.go:39.17,41.3 1 0
2019_1_undefined_penguins/internal/pkg/models/user.go:56.50,58.29 2 0
2019_1_undefined_penguins/internal/pkg/models/user.go:61.2,61.16 1 0
2019_1_undefined_penguins/internal/pkg/models/user.go:58.29,60.3 1 0
2019_1_undefined_penguins/internal/pkg/models/user.go:73.13,75.2 1 1
2019_1_undefined_penguins/internal/pkg/models/user.go:77.34,79.2 1 1
2019_1_undefined_penguins/internal/pkg/models/user_easyjson.go:20.100,22.17 2 0
2019_1_undefined_penguins/internal/pkg/models/user_easyjson.go:29.2,30.23 2 0
2019_1_undefined_penguins/internal/pkg/models/user_easyjson.go:48.2,49.16 2 0
2019_1_undefined_penguins/internal/pkg/models/user_easyjson.go:22.17,23.17 1 0
2019_1_undefined_penguins/internal/pkg/models/user_easyjson.go:26.3,27.9 2 0
2019_1_undefined_penguins/internal/pkg/models/user_easyjson.go:23.17,25.4 1 0
2019_1_undefined_penguins/internal/pkg/models/user_easyjson.go:30.23,33.18 3 0
2019_1_undefined_penguins/internal/pkg/models/user_easyjson.go:38.3,38.14 1 0
2019_1_undefined_penguins/internal/pkg/models/user_easyjson.go:46.3,46.17 1 0
2019_1_undefined_penguins/internal/pkg/models/user_easyjson.go:33.18,36.12 3 0
2019_1_undefined_penguins/internal/pkg/models/user_easyjson.go:39.16,40.35 1 0
2019_1_undefined_penguins/internal/pkg/models/user_easyjson.go:41.20,42.39 1 0
2019_1_undefined_penguins/internal/pkg/models/user_easyjson.go:43.11,44.22 1 0
2019_1_undefined_penguins/internal/pkg/models/user_easyjson.go:49.16,51.3 1 0
2019_1_undefined_penguins/internal/pkg/models/user_easyjson.go:53.101,57.2 4 0
2019_1_undefined_penguins/internal/pkg/models/user_easyjson.go:77.2,77.18 1 0
2019_1_undefined_penguins/internal/pkg/models/user_easyjson.go:57.2,59.12 2 0
2019_1_undefined_penguins/internal/pkg/models/user_easyjson.go:65.3,65.31 1 0
2019_1_undefined_penguins/internal/pkg/models/user_easyjson.go:59.12,62.4 2 0
2019_1_undefined_penguins/internal/pkg/models/user_easyjson.go:62.9,64.4 1 0
2019_1_undefined_penguins/internal/pkg/models/user_easyjson.go:67.2,69.12 2 0
2019_1_undefined_penguins/internal/pkg/models/user_easyjson.go:75.3,75.35 1 0
2019_1_undefined_penguins/internal/pkg/models/user_easyjson.go:69.12,72.4 2 0
2019_1_undefined_penguins/internal/pkg/models/user_easyjson.go:72.9,74.4 1 0
2019_1_undefined_penguins/internal/pkg/models/user_easyjson.go:81.48,85.2 3 0
2019_1_undefined_penguins/internal/pkg/models/user_easyjson.go:88.53,90.2 1 0
2019_1_undefined_penguins/internal/pkg/models/user_easyjson.go:93.52,97.2 3 0
2019_1_undefined_penguins/internal/pkg/models/user_easyjson.go:100.54,102.2 1 0
2019_1_undefined_penguins/internal/pkg/models/user_easyjson.go:103.106,105.17 2 0
2019_1_undefined_penguins/internal/pkg/models/user_easyjson.go:112.2,113.23 2 0
2019_1_undefined_penguins/internal/pkg/models/user_easyjson.go:131.2,132.16 2 0
2019_1_undefined_penguins/internal/pkg/models/user_easyjson.go:105.17,106.17 1 0
2019_1_undefined_penguins/internal/pkg/models/user_easyjson.go:109.3,110.9 2 0
2019_1_undefined_penguins/internal/pkg/models/user_easyjson.go:106.17,108.4 1 0
2019_1_undefined_penguins/internal/pkg/models/user_easyjson.go:113.23,116.18 3 0
2019_1_undefined_penguins/internal/pkg/models/user_easyjson.go:121.3,121.14 1 0
2019_1_undefined_penguins/internal/pkg/models/user_easyjson.go:129.3,129.17 1 0
2019_1_undefined_penguins/internal/pkg/models/user_easyjson.go:116.18,119.12 3 0
2019_1_undefined_penguins/internal/pkg/models/user_easyjson.go:122.16,123.31 1 0
2019_1_undefined_penguins/internal/pkg/models/user_easyjson.go:124.22,125.37 1 0
2019_1_undefined_penguins/internal/pkg/models/user_easyjson.go:126.11,127.22 1 0
2019_1_undefined_penguins/internal/pkg/models/user_easyjson.go:132.16,134.3 1 0
2019_1_undefined_penguins/internal/pkg/models/user_easyjson.go:136.107,140.2 4 0
2019_1_undefined_penguins/internal/pkg/models/user_easyjson.go:160.2,160.18 1 0
2019_1_undefined_penguins/internal/pkg/models/user_easyjson.go:140.2,142.12 2 0
2019_1_undefined_penguins/internal/pkg/models/user_easyjson.go:148.3,148.27 1 0
2019_1_undefined_penguins/internal/pkg/models/user_easyjson.go:142.12,145.4 2 0
2019_1_undefined_penguins/internal/pkg/models/user_easyjson.go:145.9,147.4 1 0
2019_1_undefined_penguins/internal/pkg/models/user_easyjson.go:150.2,152.12 2 0
2019_1_undefined_penguins/internal/pkg/models/user_easyjson.go:158.3,158.33 1 0
2019_1_undefined_penguins/internal/pkg/models/user_easyjson.go:152.12,155.4 2 0
2019_1_undefined_penguins/internal/pkg/models/user_easyjson.go:155.9,157.4 1 0
2019_1_undefined_penguins/internal/pkg/models/user_easyjson.go:164.53,168.2 3 0
2019_1_undefined_penguins/internal/pkg/models/user_easyjson.go:171.58,173.2 1 0
2019_1_undefined_penguins/internal/pkg/models/user_easyjson.go:176.57,180.2 3 0
2019_1_undefined_penguins/internal/pkg/models/user_easyjson.go:183.59,185.2 1 0
2019_1_undefined_penguins/internal/pkg/models/user_easyjson.go:186.106,188.17 2 0
2019_1_undefined_penguins/internal/pkg/models/user_easyjson.go:195.2,196.23 2 0
2019_1_undefined_penguins/internal/pkg/models/user_easyjson.go:226.2,227.16 2 0
2019_1_undefined_penguins/internal/pkg/models/user_easyjson.go:188.17,189.17 1 0
2019_1_undefined_penguins/internal/pkg/models/user_easyjson.go:192.3,193.9 2 0
2019_1_undefined_penguins/internal/pkg/models/user_easyjson.go:189.17,191.4 1 0
2019_1_undefined_penguins/internal/pkg/models/user_easyjson.go:196.23,199.18 3 0
2019_1_undefined_penguins/internal/pkg/models/user_easyjson.go:204.3,204.14 1 0
2019_1_undefined_penguins/internal/pkg/models/user_easyjson.go:224.3,224.17 1 0
2019_1_undefined_penguins/internal/pkg/models/user_easyjson.go:199.18,202.12 3 0
2019_1_undefined_penguins/internal/pkg/models/user_easyjson.go:205.13,206.32 1 0
2019_1_undefined_penguins/internal/pkg/models/user_easyjson.go:207.16,208.35 1 0
2019_1_undefined_penguins/internal/pkg/models/user_easyjson.go:209.16,210.35 1 0
2019_1_undefined_penguins/internal/pkg/models/user_easyjson.go:211.19,212.38 1 0
2019_1_undefined_penguins/internal/pkg/models/user_easyjson.go:213.23,214.42 1 0
2019_1_undefined_penguins/internal/pkg/models/user_easyjson.go:215.16,216.35 1 0
2019_1_undefined_penguins/internal/pkg/models/user_easyjson.go:217.18,218.37 1 0
2019_1_undefined_penguins/internal/pkg/models/user_easyjson.go:219.16,220.35 1 0
2019_1_undefined_penguins/internal/pkg/models/user_easyjson.go:221.11,222.22 1 0
2019_1_undefined_penguins/internal/pkg/models/user_easyjson.go:227.16,229.3 1 0
2019_1_undefined_penguins/internal/pkg/models/user_easyjson.go:231.107,235.2 4 0
2019_1_undefined_penguins/internal/pkg/models/user_easyjson.go:245.2,245.20 1 0
2019_1_undefined_penguins/internal/pkg/models/user_easyjson.go:255.2,255.20 1 0
2019_1_undefined_penguins/internal/pkg/models/user_easyjson.go:265.2,265.23 1 0
2019_1_undefined_penguins/internal/pkg/models/user_easyjson.go:275.2,275.27 1 0
2019_1_undefined_penguins/internal/pkg/models/user_easyjson.go:295.2,295.22 1 0
2019_1_undefined_penguins/internal/pkg/models/user_easyjson.go:315.2,315.18 1 0
2019_1_undefined_penguins/internal/pkg/models/user_easyjson.go:235.2,237.12 2 0
2019_1_undefined_penguins/internal/pkg/models/user_easyjson.go:243.3,243.28 1 0
2019_1_undefined_penguins/internal/pkg/models/user_easyjson.go:237.12,240.4 2 0
2019_1_undefined_penguins/internal/pkg/models/user_easyjson.go:240.9,242.4 1 0
2019_1_undefined_penguins/internal/pkg/models/user_easyjson.go:245.20,247.12 2 0
2019_1_undefined_penguins/internal/pkg/models/user_easyjson.go:253.3,253.31 1 0
2019_1_undefined_penguins/internal/pkg/models/user_easyjson.go:247.12,250.4 2 0
2019_1_undefined_penguins/internal/pkg/models/user_easyjson.go:250.9,252.4 1 0
2019_1_undefined_penguins/internal/pkg/models/user_easyjson.go:255.20,257.12 2 0
2019_1_undefined_penguins/internal/pkg/models/user_easyjson.go:263.3,263.31 1 0
2019_1_undefined_penguins/internal/pkg/models/user_easyjson.go:257.12,260.4 2 0
2019_1_undefined_penguins/internal/pkg/models/user_easyjson.go:260.9,262.4 1 0
2019_1_undefined_penguins/internal/pkg/models/user_easyjson.go:265.23,267.12 2 0
2019_1_undefined_penguins/internal/pkg/models/user_easyjson.go:273.3,273.34 1 0
2019_1_undefined_penguins/internal/pkg/models/user_easyjson.go:267.12,270.4 2 0
2019_1_undefined_penguins/internal/pkg/models/user_easyjson.go:270.9,272.4 1 0
2019_1_undefined_penguins/internal/pkg/models/user_easyjson.go:275.27,277.12 2 0
2019_1_undefined_penguins/internal/pkg/models/user_easyjson.go:283.3,283.38 1 0
2019_1_undefined_penguins/internal/pkg/models/user_easyjson.go:277.12,280.4 2 0
2019_1_undefined_penguins/internal/pkg/models/user_easyjson.go:280.9,282.4 1 0
2019_1_undefined_penguins/internal/pkg/models/user_easyjson.go:285.2,287.12 2 0
2019_1_undefined_penguins/internal/pkg/models/user_easyjson.go:293.3,293.31 1 0
2019_1_undefined_penguins/internal/pkg/models/user_easyjson.go:287.12,290.4 2 0
2019_1_undefined_penguins/internal/pkg/models/user_easyjson.go:290.9,292.4 1 0
2019_1_undefined_penguins/internal/pkg/models/user_easyjson.go:295.22,297.12 2 0
2019_1_undefined_penguins/internal/pkg/models/user_easyjson.go:303.3,303.33 1 0
2019_1_undefined_penguins/internal/pkg/models/user_easyjson.go:297.12,300.4 2 0
2019_1_undefined_penguins/internal/pkg/models/user_easyjson.go:300.9,302.4 1 0
2019_1_undefined_penguins/internal/pkg/models/user_easyjson.go:305.2,307.12 2 0
2019_1_undefined_penguins/internal/pkg/models/user_easyjson.go:313.3,313.31 1 0
2019_1_undefined_penguins/internal/pkg/models/user_easyjson.go:307.12,310.4 2 0
2019_1_undefined_penguins/internal/pkg/models/user_easyjson.go:310.9,312.4 1 0
2019_1_undefined_penguins/internal/pkg/models/user_easyjson.go:319.53,323.2 3 0
2019_1_undefined_penguins/internal/pkg/models/user_easyjson.go:326.58,328.2 1 0
2019_1_undefined_penguins/internal/pkg/models/user_easyjson.go:331.57,335.2 3 0
2019_1_undefined_penguins/internal/pkg/models/user_easyjson.go:338.59,340.2 1 0
2019_1_undefined_penguins/internal/pkg/helpers/logs.go:5.33,7.2 1 0
2019_1_undefined_penguins/internal/pkg/helpers/passwords.go:8.43,13.2 4 0
2019_1_undefined_penguins/internal/pkg/helpers/passwords.go:15.52,17.2 1 0
2019_1_undefined_penguins/internal/pkg/models/messages.pb.go:39.32,39.47 1 1
2019_1_undefined_penguins/internal/pkg/models/messages.pb.go:40.32,40.69 1 1
2019_1_undefined_penguins/internal/pkg/models/messages.pb.go:41.33,41.34 0 1
2019_1_undefined_penguins/internal/pkg/models/messages.pb.go:42.43,44.2 1 1
2019_1_undefined_penguins/internal/pkg/models/messages.pb.go:46.46,48.2 1 1
2019_1_undefined_penguins/internal/pkg/models/messages.pb.go:49.74,51.2 1 1
2019_1_undefined_penguins/internal/pkg/models/messages.pb.go:52.45,54.2 1 1
2019_1_undefined_penguins/internal/pkg/models/messages.pb.go:55.31,57.2 1 1
2019_1_undefined_penguins/internal/pkg/models/messages.pb.go:58.37,60.2 1 1
2019_1_undefined_penguins/internal/pkg/models/messages.pb.go:64.31,65.14 1 1
2019_1_undefined_penguins/internal/pkg/models/messages.pb.go:68.2,68.10 1 1
2019_1_undefined_penguins/internal/pkg/models/messages.pb.go:65.14,67.3 1 1
2019_1_undefined_penguins/internal/pkg/models/messages.pb.go:71.34,72.14 1 1
2019_1_undefined_penguins/internal/pkg/models/messages.pb.go:75.2,75.11 1 1
2019_1_undefined_penguins/internal/pkg/models/messages.pb.go:72.14,74.3 1 1
2019_1_undefined_penguins/internal/pkg/models/messages.pb.go:78.34,79.14 1 1
2019_1_undefined_penguins/internal/pkg/models/messages.pb.go:82.2,82.11 1 1
2019_1_undefined_penguins/internal/pkg/models/messages.pb.go:79.14,81.3 1 1
2019_1_undefined_penguins/internal/pkg/models/messages.pb.go:85.37,86.14 1 1
2019_1_undefined_penguins/internal/pkg/models/messages.pb.go:89.2,89.11 1 1
2019_1_undefined_penguins/internal/pkg/models/messages.pb.go:86.14,88.3 1 1
2019_1_undefined_penguins/internal/pkg/models/messages.pb.go:92.41,93.14 1 1
2019_1_undefined_penguins/internal/pkg/models/messages.pb.go:96.2,96.11 1 1
2019_1_undefined_penguins/internal/pkg/models/messages.pb.go:93.14,95.3 1 1
2019_1_undefined_penguins/internal/pkg/models/messages.pb.go:99.34,100.14 1 1
2019_1_undefined_penguins/internal/pkg/models/messages.pb.go:103.2,103.10 1 1
2019_1_undefined_penguins/internal/pkg/models/messages.pb.go:100.14,102.3 1 1
2019_1_undefined_penguins/internal/pkg/models/messages.pb.go:106.36,107.14 1 1
2019_1_undefined_penguins/internal/pkg/models/messages.pb.go:110.2,110.11 1 1
2019_1_undefined_penguins/internal/pkg/models/messages.pb.go:107.14,109.3 1 1
2019_1_undefined_penguins/internal/pkg/models/messages.pb.go:113.34,114.14 1 1
2019_1_undefined_penguins/internal/pkg/models/messages.pb.go:117.2,117.10 1 1
2019_1_undefined_penguins/internal/pkg/models/messages.pb.go:114.14,116.3 1 1
2019_1_undefined_penguins/internal/pkg/models/messages.pb.go:127.38,127.59 1 1
2019_1_undefined_penguins/internal/pkg/models/messages.pb.go:128.38,128.75 1 1
2019_1_undefined_penguins/internal/pkg/models/messages.pb.go:129.39,129.40 0 1
2019_1_undefined_penguins/internal/pkg/models/messages.pb.go:130.49,132.2 1 1
2019_1_undefined_penguins/internal/pkg/models/messages.pb.go:134.52,136.2 1 1
2019_1_undefined_penguins/internal/pkg/models/messages.pb.go:137.80,139.2 1 1
2019_1_undefined_penguins/internal/pkg/models/messages.pb.go:140.51,142.2 1 1
2019_1_undefined_penguins/internal/pkg/models/messages.pb.go:143.37,145.2 1 1
2019_1_undefined_penguins/internal/pkg/models/messages.pb.go:146.43,148.2 1 1
2019_1_undefined_penguins/internal/pkg/models/messages.pb.go:152.41,153.14 1 1
2019_1_undefined_penguins/internal/pkg/models/messages.pb.go:156.2,156.12 1 1
2019_1_undefined_penguins/internal/pkg/models/messages.pb.go:153.14,155.3 1 1
2019_1_undefined_penguins/internal/pkg/models/messages.pb.go:166.31,166.45 1 1
2019_1_undefined_penguins/internal/pkg/models/messages.pb.go:167.31,167.68 1 1
2019_1_undefined_penguins/internal/pkg/models/messages.pb.go:168.32,168.33 0 1
2019_1_undefined_penguins/internal/pkg/models/messages.pb.go:169.42,171.2 1 1
2019_1_undefined_penguins/internal/pkg/models/messages.pb.go:173.45,175.2 1 1
2019_1_undefined_penguins/internal/pkg/models/messages.pb.go:176.73,178.2 1 1
2019_1_undefined_penguins/internal/pkg/models/messages.pb.go:179.44,181.2 1 1
2019_1_undefined_penguins/internal/pkg/models/messages.pb.go:182.30,184.2 1 1
2019_1_undefined_penguins/internal/pkg/models/messages.pb.go:185.36,187.2 1 1
2019_1_undefined_penguins/internal/pkg/models/messages.pb.go:191.33,192.14 1 1
2019_1_undefined_penguins/internal/pkg/models/messages.pb.go:195.2,195.11 1 1
2019_1_undefined_penguins/internal/pkg/models/messages.pb.go:192.14,194.3 1 1
2019_1_undefined_penguins/internal/pkg/models/messages.pb.go:207.39,207.61 1 1
2019_1_undefined_penguins/internal/pkg/models/messages.pb.go:208.39,208.76 1 1
2019_1_undefined_penguins/internal/pkg/models/messages.pb.go:209.40,209.41 0 1
2019_1_undefined_penguins/internal/pkg/models/messages.pb.go:210.50,212.2 1 1
2019_1_undefined_penguins/internal/pkg/models/messages.pb.go:214.53,216.2 1 1
2019_1_undefined_penguins/internal/pkg/models/messages.pb.go:217.81,219.2 1 1
2019_1_undefined_penguins/internal/pkg/models/messages.pb.go:220.52,222.2 1 1
2019_1_undefined_penguins/internal/pkg/models/messages.pb.go:223.38,225.2 1 1
2019_1_undefined_penguins/internal/pkg/models/messages.pb.go:226.44,228.2 1 1
2019_1_undefined_penguins/internal/pkg/models/messages.pb.go:232.38,233.14 1 1
2019_1_undefined_penguins/internal/pkg/models/messages.pb.go:236.2,236.10 1 1
2019_1_undefined_penguins/internal/pkg/models/messages.pb.go:233.14,235.3 1 1
2019_1_undefined_penguins/internal/pkg/models/messages.pb.go:239.41,240.14 1 1
2019_1_undefined_penguins/internal/pkg/models/messages.pb.go:243.2,243.10 1 1
2019_1_undefined_penguins/internal/pkg/models/messages.pb.go:240.14,242.3 1 1
2019_1_undefined_penguins/internal/pkg/models/messages.pb.go:246.47,247.14 1 1
2019_1_undefined_penguins/internal/pkg/models/messages.pb.go:250.2,250.10 1 1
2019_1_undefined_penguins/internal/pkg/models/messages.pb.go:247.14,249.3 1 1
2019_1_undefined_penguins/internal/pkg/models/messages.pb.go:259.35,259.53 1 1
2019_1_undefined_penguins/internal/pkg/models/messages.pb.go:260.35,260.72 1 1
2019_1_undefined_penguins/internal/pkg/models/messages.pb.go:261.36,261.37 0 1
2019_1_undefined_penguins/internal/pkg/models/messages.pb.go:262.46,264.2 1 1
2019_1_undefined_penguins/internal/pkg/models/messages.pb.go:266.49,268.2 1 1
2019_1_undefined_penguins/internal/pkg/models/messages.pb.go:269.77,271.2 1 1
2019_1_undefined_penguins/internal/pkg/models/messages.pb.go:272.48,274.2 1 1
2019_1_undefined_penguins/internal/pkg/models/messages.pb.go:275.34,277.2 1 1
2019_1_undefined_penguins/internal/pkg/models/messages.pb.go:278.40,280.2 1 1
2019_1_undefined_penguins/internal/pkg/models/messages.pb.go:284.13,290.2 5 1
2019_1_undefined_penguins/internal/pkg/models/messages.pb.go:292.13,292.86 1 1
2019_1_undefined_penguins/internal/pkg/models/messages.pb.go:353.66,355.2 1 1
2019_1_undefined_penguins/internal/pkg/models/messages.pb.go:357.109,360.16 3 0
2019_1_undefined_penguins/internal/pkg/models/messages.pb.go:363.2,363.17 1 0
2019_1_undefined_penguins/internal/pkg/models/messages.pb.go:360.16,362.3 1 0
2019_1_undefined_penguins/internal/pkg/models/messages.pb.go:366.112,369.16 3 0
2019_1_undefined_penguins/internal/pkg/models/messages.pb.go:372.2,372.17 1 0
2019_1_undefined_penguins/internal/pkg/models/messages.pb.go:369.16,371.3 1 0
2019_1_undefined_penguins/internal/pkg/models/messages.pb.go:375.107,378.16 3 0
2019_1_undefined_penguins/internal/pkg/models/messages.pb.go:381.2,381.17 1 0
2019_1_undefined_penguins/internal/pkg/models/messages.pb.go:378.16,380.3 1 0
2019_1_undefined_penguins/internal/pkg/models/messages.pb.go:384.126,387.16 3 0
2019_1_undefined_penguins/internal/pkg/models/messages.pb.go:390.2,390.17 1 0
2019_1_undefined_penguins/internal/pkg/models/messages.pb.go:387.16,389.3 1 0
2019_1_undefined_penguins/internal/pkg/models/messages.pb.go:393.127,396.16 3 0
2019_1_undefined_penguins/internal/pkg/models/messages.pb.go:399.2,399.17 1 0
2019_1_undefined_penguins/internal/pkg/models/messages.pb.go:396.16,398.3 1 0
2019_1_undefined_penguins/internal/pkg/models/messages.pb.go:402.114,405.16 3 0
2019_1_undefined_penguins/internal/pkg/models/messages.pb.go:408.2,408.17 1 0
2019_1_undefined_penguins/internal/pkg/models/messages.pb.go:405.16,407.3 1 0
2019_1_undefined_penguins/internal/pkg/models/messages.pb.go:411.121,414.16 3 0
2019_1_undefined_penguins/internal/pkg/models/messages.pb.go:417.2,417.17 1 0
2019_1_undefined_penguins/internal/pkg/models/messages.pb.go:414.16,416.3 1 0
2019_1_undefined_penguins/internal/pkg/models/messages.pb.go:420.113,423.16 3 0
2019_1_undefined_penguins/internal/pkg/models/messages.pb.go:426.2,426.17 1 0
2019_1_undefined_penguins/internal/pkg/models/messages.pb.go:423.16,425.3 1 0
2019_1_undefined_penguins/internal/pkg/models/messages.pb.go:429.116,432.16 3 0
2019_1_undefined_penguins/internal/pkg/models/messages.pb.go:435.2,435.17 1 0
2019_1_undefined_penguins/internal/pkg/models/messages.pb.go:432.16,434.3 1 0
2019_1_undefined_penguins/internal/pkg/models/messages.pb.go:452.71,454.2 1 0
2019_1_undefined_penguins/internal/pkg/models/messages.pb.go:456.166,458.32 2 0
2019_1_undefined_penguins/internal/pkg/models/messages.pb.go:461.2,461.24 1 0
2019_1_undefined_penguins/internal/pkg/models/messages.pb.go:464.2,468.77 2 0
2019_1_undefined_penguins/internal/pkg/models/messages.pb.go:471.2,471.44 1 0
2019_1_undefined_penguins/internal/pkg/models/messages.pb.go:458.32,460.3 1 0
2019_1_undefined_penguins/internal/pkg/models/messages.pb.go:461.24,463.3 1 0
2019_1_undefined_penguins/internal/pkg/models/messages.pb.go:468.77,470.3 1 0
2019_1_undefined_penguins/internal/pkg/models/messages.pb.go:474.169,476.32 2 0
2019_1_undefined_penguins/internal/pkg/models/messages.pb.go:479.2,479.24 1 0
2019_1_undefined_penguins/internal/pkg/models/messages.pb.go:482.2,486.77 2 0
2019_1_undefined_penguins/internal/pkg/models/messages.pb.go:489.2,489.44 1 0
2019_1_undefined_penguins/internal/pkg/models/messages.pb.go:476.32,478.3 1 0
2019_1_undefined_penguins/internal/pkg/models/messages.pb.go:479.24,481.3 1 0
2019_1_undefined_penguins/internal/pkg/models/messages.pb.go:486.77,488.3 1 0
2019_1_undefined_penguins/internal/pkg/models/messages.pb.go:492.164,494.32 2 0
2019_1_undefined_penguins/internal/pkg/models/messages.pb.go:497.2,497.24 1 0
2019_1_undefined_penguins/internal/pkg/models/messages.pb.go:500.2,504.77 2 0
2019_1_undefined_penguins/internal/pkg/models/messages.pb.go:507.2,507.44 1 0
2019_1_undefined_penguins/internal/pkg/models/messages.pb.go:494.32,496.3 1 0
2019_1_undefined_penguins/internal/pkg/models/messages.pb.go:497.24,499.3 1 0
2019_1_undefined_penguins/internal/pkg/models/messages.pb.go:504.77,506.3 1 0
2019_1_undefined_penguins/internal/pkg/models/messages.pb.go:510.169,512.32 2 0
2019_1_undefined_penguins/internal/pkg/models/messages.pb.go:515.2,515.24 1 0
2019_1_undefined_penguins/internal/pkg/models/messages.pb.go:518.2,522.77 2 0
2019_1_undefined_penguins/internal/pkg/models/messages.pb.go:525.2,525.44 1 0
2019_1_undefined_penguins/internal/pkg/models/messages.pb.go:512.32,514.3 1 0
2019_1_undefined_penguins/internal/pkg/models/messages.pb.go:515.24,517.3 1 0
2019_1_undefined_penguins/internal/pkg/models/messages.pb.go:522.77,524.3 1 0
2019_1_undefined_penguins/internal/pkg/models/messages.pb.go:528.173,530.32 2 0
2019_1_undefined_penguins/internal/pkg/models/messages.pb.go:533.2,533.24 1 0
2019_1_undefined_penguins/internal/pkg/models/messages.pb.go:536.2,540.77 2 0
2019_1_undefined_penguins/internal/pkg/models/messages.pb.go:543.2,543.44 1 0
2019_1_undefined_penguins/internal/pkg/models/messages.pb.go:530.32,532.3 1 0
2019_1_undefined_penguins/internal/pkg/models/messages.pb.go:533.24,535.3 1 0
2019_1_undefined_penguins/internal/pkg/models/messages.pb.go:540.77,542.3 1 0
2019_1_undefined_penguins/internal/pkg/models/messages.pb.go:546.167,548.32 2 0
2019_1_undefined_penguins/internal/pkg/models/messages.pb.go:551.2,551.24 1 0
2019_1_undefined_penguins/internal/pkg/models/messages.pb.go:554.2,558.77 2 0
2019_1_undefined_penguins/internal/pkg/models/messages.pb.go:561.2,561.44 1 0
2019_1_undefined_penguins/internal/pkg/models/messages.pb.go:548.32,550.3 1 0
2019_1_undefined_penguins/internal/pkg/models/messages.pb.go:551.24,553.3 1 0
2019_1_undefined_penguins/internal/pkg/models/messages.pb.go:558.77,560.3 1 0
2019_1_undefined_penguins/internal/pkg/models/messages.pb.go:564.174,566.32 2 0
2019_1_undefined_penguins/internal/pkg/models/messages.pb.go:569.2,569.24 1 0
2019_1_undefined_penguins/internal/pkg/models/messages.pb.go:572.2,576.77 2 0
2019_1_undefined_penguins/internal/pkg/models/messages.pb.go:579.2,579.44 1 0
2019_1_undefined_penguins/internal/pkg/models/messages.pb.go:566.32,568.3 1 0
2019_1_undefined_penguins/internal/pkg/models/messages.pb.go:569.24,571.3 1 0
2019_1_undefined_penguins/internal/pkg/models/messages.pb.go:576.77,578.3 1 0
2019_1_undefined_penguins/internal/pkg/models/messages.pb.go:582.167,584.32 2 0
2019_1_undefined_penguins/internal/pkg/models/messages.pb.go:587.2,587.24 1 0
2019_1_undefined_penguins/internal/pkg/models/messages.pb.go:590.2,594.77 2 0
2019_1_undefined_penguins/internal/pkg/models/messages.pb.go:597.2,597.44 1 0
2019_1_undefined_penguins/internal/pkg/models/messages.pb.go:584.32,586.3 1 0
2019_1_undefined_penguins/internal/pkg/models/messages.pb.go:587.24,589.3 1 0
2019_1_undefined_penguins/internal/pkg/models/messages.pb.go:594.77,596.3 1 0
2019_1_undefined_penguins/internal/pkg/models/messages.pb.go:600.169,602.32 2 0
2019_1_undefined_penguins/internal/pkg/models/messages.pb.go:605.2,605.24 1 0
2019_1_undefined_penguins/internal/pkg/models/messages.pb.go:608.2,612.77 2 0
2019_1_undefined_penguins/internal/pkg/models/messages.pb.go:615.2,615.44 1 0
2019_1_undefined_penguins/internal/pkg/models/messages.pb.go:602.32,604.3 1 0
2019_1_undefined_penguins/internal/pkg/models/messages.pb.go:605.24,607.3 1 0
2019_1_undefined_penguins/internal/pkg/models/messages.pb.go:612.77,614.3 1 0
2019_1_undefined_penguins/internal/pkg/controllers/leaderboard.go:15.65,20.16 4 0
2019_1_undefined_penguins/internal/pkg/controllers/leaderboard.go:24.2,33.50 6 0
2019_1_undefined_penguins/internal/pkg/controllers/leaderboard.go:20.16,23.3 2 0
2019_1_undefined_penguins/internal/pkg/controllers/leaderboard.go:33.50,35.3 1 0
2019_1_undefined_penguins/internal/pkg/controllers/leaderboard.go:35.8,38.3 2 0
2019_1_undefined_penguins/internal/pkg/controllers/leaderboard.go:41.65,49.50 6 0
2019_1_undefined_penguins/internal/pkg/controllers/leaderboard.go:49.50,51.3 1 0
2019_1_undefined_penguins/internal/pkg/controllers/leaderboard.go:51.8,54.3 2 0
2019_1_undefined_penguins/internal/pkg/fileserver/fileserver.go:8.20,17.2 4 0
2019_1_undefined_penguins/internal/app/server/server.go:29.37,31.2 1 0
2019_1_undefined_penguins/internal/app/server/server.go:33.36,44.16 4 0
2019_1_undefined_penguins/internal/app/server/server.go:48.2,78.12 18 0
2019_1_undefined_penguins/internal/app/server/server.go:82.2,82.89 1 0
2019_1_undefined_penguins/internal/app/server/server.go:44.16,47.3 2 0
2019_1_undefined_penguins/internal/app/server/server.go:78.12,80.3 1 0
2019_1_undefined_penguins/cmd/main.go:12.13,16.45 4 0
2019_1_undefined_penguins/cmd/main.go:16.45,21.17 5 0
2019_1_undefined_penguins/cmd/main.go:21.17,23.4 1 0
2019_1_undefined_penguins/internal/pkg/models/messages.pb.go:39.32,39.47 1 0
2019_1_undefined_penguins/internal/pkg/models/messages.pb.go:40.32,40.69 1 0
2019_1_undefined_penguins/internal/pkg/models/messages.pb.go:41.33,41.34 0 0
2019_1_undefined_penguins/internal/pkg/models/messages.pb.go:42.43,44.2 1 0
2019_1_undefined_penguins/internal/pkg/models/messages.pb.go:46.46,48.2 1 0
2019_1_undefined_penguins/internal/pkg/models/messages.pb.go:49.74,51.2 1 0
2019_1_undefined_penguins/internal/pkg/models/messages.pb.go:52.45,54.2 1 0
2019_1_undefined_penguins/internal/pkg/models/messages.pb.go:55.31,57.2 1 0
2019_1_undefined_penguins/internal/pkg/models/messages.pb.go:58.37,60.2 1 0
2019_1_undefined_penguins/internal/pkg/models/messages.pb.go:64.31,65.14 1 0
2019_1_undefined_penguins/internal/pkg/models/messages.pb.go:68.2,68.10 1 0
2019_1_undefined_penguins/internal/pkg/models/messages.pb.go:65.14,67.3 1 0
2019_1_undefined_penguins/internal/pkg/models/messages.pb.go:71.34,72.14 1 0
2019_1_undefined_penguins/internal/pkg/models/messages.pb.go:75.2,75.11 1 0
2019_1_undefined_penguins/internal/pkg/models/messages.pb.go:72.14,74.3 1 0
2019_1_undefined_penguins/internal/pkg/models/messages.pb.go:78.34,79.14 1 0
2019_1_undefined_penguins/internal/pkg/models/messages.pb.go:82.2,82.11 1 0
2019_1_undefined_penguins/internal/pkg/models/messages.pb.go:79.14,81.3 1 0
2019_1_undefined_penguins/internal/pkg/models/messages.pb.go:85.37,86.14 1 0
2019_1_undefined_penguins/internal/pkg/models/messages.pb.go:89.2,89.11 1 0
2019_1_undefined_penguins/internal/pkg/models/messages.pb.go:86.14,88.3 1 0
2019_1_undefined_penguins/internal/pkg/models/messages.pb.go:92.41,93.14 1 0
2019_1_undefined_penguins/internal/pkg/models/messages.pb.go:96.2,96.11 1 0
2019_1_undefined_penguins/internal/pkg/models/messages.pb.go:93.14,95.3 1 0
2019_1_undefined_penguins/internal/pkg/models/messages.pb.go:99.34,100.14 1 0
2019_1_undefined_penguins/internal/pkg/models/messages.pb.go:103.2,103.10 1 0
2019_1_undefined_penguins/internal/pkg/models/messages.pb.go:100.14,102.3 1 0
2019_1_undefined_penguins/internal/pkg/models/messages.pb.go:106.36,107.14 1 0
2019_1_undefined_penguins/internal/pkg/models/messages.pb.go:110.2,110.11 1 0
2019_1_undefined_penguins/internal/pkg/models/messages.pb.go:107.14,109.3 1 0
2019_1_undefined_penguins/internal/pkg/models/messages.pb.go:113.34,114.14 1 0
2019_1_undefined_penguins/internal/pkg/models/messages.pb.go:117.2,117.10 1 0
2019_1_undefined_penguins/internal/pkg/models/messages.pb.go:114.14,116.3 1 0
2019_1_undefined_penguins/internal/pkg/models/messages.pb.go:127.38,127.59 1 0
2019_1_undefined_penguins/internal/pkg/models/messages.pb.go:128.38,128.75 1 0
2019_1_undefined_penguins/internal/pkg/models/messages.pb.go:129.39,129.40 0 0
2019_1_undefined_penguins/internal/pkg/models/messages.pb.go:130.49,132.2 1 0
2019_1_undefined_penguins/internal/pkg/models/messages.pb.go:134.52,136.2 1 0
2019_1_undefined_penguins/internal/pkg/models/messages.pb.go:137.80,139.2 1 0
2019_1_undefined_penguins/internal/pkg/models/messages.pb.go:140.51,142.2 1 0
2019_1_undefined_penguins/internal/pkg/models/messages.pb.go:143.37,145.2 1 0
2019_1_undefined_penguins/internal/pkg/models/messages.pb.go:146.43,148.2 1 0
2019_1_undefined_penguins/internal/pkg/models/messages.pb.go:152.41,153.14 1 0
2019_1_undefined_penguins/internal/pkg/models/messages.pb.go:156.2,156.12 1 0
2019_1_undefined_penguins/internal/pkg/models/messages.pb.go:153.14,155.3 1 0
2019_1_undefined_penguins/internal/pkg/models/messages.pb.go:166.31,166.45 1 0
2019_1_undefined_penguins/internal/pkg/models/messages.pb.go:167.31,167.68 1 0
2019_1_undefined_penguins/internal/pkg/models/messages.pb.go:168.32,168.33 0 0
2019_1_undefined_penguins/internal/pkg/models/messages.pb.go:169.42,171.2 1 0
2019_1_undefined_penguins/internal/pkg/models/messages.pb.go:173.45,175.2 1 0
2019_1_undefined_penguins/internal/pkg/models/messages.pb.go:176.73,178.2 1 0
2019_1_undefined_penguins/internal/pkg/models/messages.pb.go:179.44,181.2 1 0
2019_1_undefined_penguins/internal/pkg/models/messages.pb.go:182.30,184.2 1 0
2019_1_undefined_penguins/internal/pkg/models/messages.pb.go:185.36,187.2 1 0
2019_1_undefined_penguins/internal/pkg/models/messages.pb.go:191.33,192.14 1 0
2019_1_undefined_penguins/internal/pkg/models/messages.pb.go:195.2,195.11 1 0
2019_1_undefined_penguins/internal/pkg/models/messages.pb.go:192.14,194.3 1 0
2019_1_undefined_penguins/internal/pkg/models/messages.pb.go:207.39,207.61 1 0
2019_1_undefined_penguins/internal/pkg/models/messages.pb.go:208.39,208.76 1 0
2019_1_undefined_penguins/internal/pkg/models/messages.pb.go:209.40,209.41 0 0
2019_1_undefined_penguins/internal/pkg/models/messages.pb.go:210.50,212.2 1 0
2019_1_undefined_penguins/internal/pkg/models/messages.pb.go:214.53,216.2 1 0
2019_1_undefined_penguins/internal/pkg/models/messages.pb.go:217.81,219.2 1 0
2019_1_undefined_penguins/internal/pkg/models/messages.pb.go:220.52,222.2 1 0
2019_1_undefined_penguins/internal/pkg/models/messages.pb.go:223.38,225.2 1 0
2019_1_undefined_penguins/internal/pkg/models/messages.pb.go:226.44,228.2 1 0
2019_1_undefined_penguins/internal/pkg/models/messages.pb.go:232.38,233.14 1 0
2019_1_undefined_penguins/internal/pkg/models/messages.pb.go:236.2,236.10 1 0
2019_1_undefined_penguins/internal/pkg/models/messages.pb.go:233.14,235.3 1 0
2019_1_undefined_penguins/internal/pkg/models/messages.pb.go:239.41,240.14 1 0
2019_1_undefined_penguins/internal/pkg/models/messages.pb.go:243.2,243.10 1 0
2019_1_undefined_penguins/internal/pkg/models/messages.pb.go:240.14,242.3 1 0
2019_1_undefined_penguins/internal/pkg/models/messages.pb.go:246.47,247.14 1 0
2019_1_undefined_penguins/internal/pkg/models/messages.pb.go:250.2,250.10 1 0
2019_1_undefined_penguins/internal/pkg/models/messages.pb.go:247.14,249.3 1 0
2019_1_undefined_penguins/internal/pkg/models/messages.pb.go:259.35,259.53 1 0
2019_1_undefined_penguins/internal/pkg/models/messages.pb.go:260.35,260.72 1 0
2019_1_undefined_penguins/internal/pkg/models/messages.pb.go:261.36,261.37 0 0
2019_1_undefined_penguins/internal/pkg/models/messages.pb.go:262.46,264.2 1 0
2019_1_undefined_penguins/internal/pkg/models/messages.pb.go:266.49,268.2 1 0
2019_1_undefined_penguins/internal/pkg/models/messages.pb.go:269.77,271.2 1 0
2019_1_undefined_penguins/internal/pkg/models/messages.pb.go:272.48,274.2 1 0
2019_1_undefined_penguins/internal/pkg/models/messages.pb.go:275.34,277.2 1 0
2019_1_undefined_penguins/internal/pkg/models/messages.pb.go:278.40,280.2 1 0
2019_1_undefined_penguins/internal/pkg/models/messages.pb.go:284.13,290.2 5 1
2019_1_undefined_penguins/internal/pkg/models/messages.pb.go:292.13,292.86 1 1
2019_1_undefined_penguins/internal/pkg/models/messages.pb.go:353.66,355.2 1 0
2019_1_undefined_penguins/internal/pkg/models/messages.pb.go:357.109,360.16 3 0
2019_1_undefined_penguins/internal/pkg/models/messages.pb.go:363.2,363.17 1 0
2019_1_undefined_penguins/internal/pkg/models/messages.pb.go:360.16,362.3 1 0
2019_1_undefined_penguins/internal/pkg/models/messages.pb.go:366.112,369.16 3 0
2019_1_undefined_penguins/internal/pkg/models/messages.pb.go:372.2,372.17 1 0
2019_1_undefined_penguins/internal/pkg/models/messages.pb.go:369.16,371.3 1 0
2019_1_undefined_penguins/internal/pkg/models/messages.pb.go:375.107,378.16 3 0
2019_1_undefined_penguins/internal/pkg/models/messages.pb.go:381.2,381.17 1 0
2019_1_undefined_penguins/internal/pkg/models/messages.pb.go:378.16,380.3 1 0
2019_1_undefined_penguins/internal/pkg/models/messages.pb.go:384.126,387.16 3 0
2019_1_undefined_penguins/internal/pkg/models/messages.pb.go:390.2,390.17 1 0
2019_1_undefined_penguins/internal/pkg/models/messages.pb.go:387.16,389.3 1 0
2019_1_undefined_penguins/internal/pkg/models/messages.pb.go:393.127,396.16 3 0
2019_1_undefined_penguins/internal/pkg/models/messages.pb.go:399.2,399.17 1 0
2019_1_undefined_penguins/internal/pkg/models/messages.pb.go:396.16,398.3 1 0
2019_1_undefined_penguins/internal/pkg/models/messages.pb.go:402.114,405.16 3 0
2019_1_undefined_penguins/internal/pkg/models/messages.pb.go:408.2,408.17 1 0
2019_1_undefined_penguins/internal/pkg/models/messages.pb.go:405.16,407.3 1 0
2019_1_undefined_penguins/internal/pkg/models/messages.pb.go:411.121,414.16 3 0
2019_1_undefined_penguins/internal/pkg/models/messages.pb.go:417.2,417.17 1 0
2019_1_undefined_penguins/internal/pkg/models/messages.pb.go:414.16,416.3 1 0
2019_1_undefined_penguins/internal/pkg/models/messages.pb.go:420.113,423.16 3 0
2019_1_undefined_penguins/internal/pkg/models/messages.pb.go:426.2,426.17 1 0
2019_1_undefined_penguins/internal/pkg/models/messages.pb.go:423.16,425.3 1 0
2019_1_undefined_penguins/internal/pkg/models/messages.pb.go:429.116,432.16 3 0
2019_1_undefined_penguins/internal/pkg/models/messages.pb.go:435.2,435.17 1 0
2019_1_undefined_penguins/internal/pkg/models/messages.pb.go:432.16,434.3 1 0
2019_1_undefined_penguins/internal/pkg/models/messages.pb.go:452.71,454.2 1 0
2019_1_undefined_penguins/internal/pkg/models/messages.pb.go:456.166,458.32 2 0
2019_1_undefined_penguins/internal/pkg/models/messages.pb.go:461.2,461.24 1 0
2019_1_undefined_penguins/internal/pkg/models/messages.pb.go:464.2,468.77 2 0
2019_1_undefined_penguins/internal/pkg/models/messages.pb.go:471.2,471.44 1 0
2019_1_undefined_penguins/internal/pkg/models/messages.pb.go:458.32,460.3 1 0
2019_1_undefined_penguins/internal/pkg/models/messages.pb.go:461.24,463.3 1 0
2019_1_undefined_penguins/internal/pkg/models/messages.pb.go:468.77,470.3 1 0
2019_1_undefined_penguins/internal/pkg/models/messages.pb.go:474.169,476.32 2 0
2019_1_undefined_penguins/internal/pkg/models/messages.pb.go:479.2,479.24 1 0
2019_1_undefined_penguins/internal/pkg/models/messages.pb.go:482.2,486.77 2 0
2019_1_undefined_penguins/internal/pkg/models/messages.pb.go:489.2,489.44 1 0
2019_1_undefined_penguins/internal/pkg/models/messages.pb.go:476.32,478.3 1 0
2019_1_undefined_penguins/internal/pkg/models/messages.pb.go:479.24,481.3 1 0
2019_1_undefined_penguins/internal/pkg/models/messages.pb.go:486.77,488.3 1 0
2019_1_undefined_penguins/internal/pkg/models/messages.pb.go:492.164,494.32 2 0
2019_1_undefined_penguins/internal/pkg/models/messages.pb.go:497.2,497.24 1 0
2019_1_undefined_penguins/internal/pkg/models/messages.pb.go:500.2,504.77 2 0
2019_1_undefined_penguins/internal/pkg/models/messages.pb.go:507.2,507.44 1 0
2019_1_undefined_penguins/internal/pkg/models/messages.pb.go:494.32,496.3 1 0
2019_1_undefined_penguins/internal/pkg/models/messages.pb.go:497.24,499.3 1 0
2019_1_undefined_penguins/internal/pkg/models/messages.pb.go:504.77,506.3 1 0
2019_1_undefined_penguins/internal/pkg/models/messages.pb.go:510.169,512.32 2 0
2019_1_undefined_penguins/internal/pkg/models/messages.pb.go:515.2,515.24 1 0
2019_1_undefined_penguins/internal/pkg/models/messages.pb.go:518.2,522.77 2 0
2019_1_undefined_penguins/internal/pkg/models/messages.pb.go:525.2,525.44 1 0
2019_1_undefined_penguins/internal/pkg/models/messages.pb.go:512.32,514.3 1 0
2019_1_undefined_penguins/internal/pkg/models/messages.pb.go:515.24,517.3 1 0
2019_1_undefined_penguins/internal/pkg/models/messages.pb.go:522.77,524.3 1 0
2019_1_undefined_penguins/internal/pkg/models/messages.pb.go:528.173,530.32 2 0
2019_1_undefined_penguins/internal/pkg/models/messages.pb.go:533.2,533.24 1 0
2019_1_undefined_penguins/internal/pkg/models/messages.pb.go:536.2,540.77 2 0
2019_1_undefined_penguins/internal/pkg/models/messages.pb.go:543.2,543.44 1 0
2019_1_undefined_penguins/internal/pkg/models/messages.pb.go:530.32,532.3 1 0
2019_1_undefined_penguins/internal/pkg/models/messages.pb.go:533.24,535.3 1 0
2019_1_undefined_penguins/internal/pkg/models/messages.pb.go:540.77,542.3 1 0
2019_1_undefined_penguins/internal/pkg/models/messages.pb.go:546.167,548.32 2 0
2019_1_undefined_penguins/internal/pkg/models/messages.pb.go:551.2,551.24 1 0
2019_1_undefined_penguins/internal/pkg/models/messages.pb.go:554.2,558.77 2 0
2019_1_undefined_penguins/internal/pkg/models/messages.pb.go:561.2,561.44 1 0
2019_1_undefined_penguins/internal/pkg/models/messages.pb.go:548.32,550.3 1 0
2019_1_undefined_penguins/internal/pkg/models/messages.pb.go:551.24,553.3 1 0
2019_1_undefined_penguins/internal/pkg/models/messages.pb.go:558.77,560.3 1 0
2019_1_undefined_penguins/internal/pkg/models/messages.pb.go:564.174,566.32 2 0
2019_1_undefined_penguins/internal/pkg/models/messages.pb.go:569.2,569.24 1 0
2019_1_undefined_penguins/internal/pkg/models/messages.pb.go:572.2,576.77 2 0
2019_1_undefined_penguins/internal/pkg/models/messages.pb.go:579.2,579.44 1 0
2019_1_undefined_penguins/internal/pkg/models/messages.pb.go:566.32,568.3 1 0
2019_1_undefined_penguins/internal/pkg/models/messages.pb.go:569.24,571.3 1 0
2019_1_undefined_penguins/internal/pkg/models/messages.pb.go:576.77,578.3 1 0
2019_1_undefined_penguins/internal/pkg/models/messages.pb.go:582.167,584.32 2 0
2019_1_undefined_penguins/internal/pkg/models/messages.pb.go:587.2,587.24 1 0
2019_1_undefined_penguins/internal/pkg/models/messages.pb.go:590.2,594.77 2 0
2019_1_undefined_penguins/internal/pkg/models/messages.pb.go:597.2,597.44 1 0
2019_1_undefined_penguins/internal/pkg/models/messages.pb.go:584.32,586.3 1 0
2019_1_undefined_penguins/internal/pkg/models/messages.pb.go:587.24,589.3 1 0
2019_1_undefined_penguins/internal/pkg/models/messages.pb.go:594.77,596.3 1 0
2019_1_undefined_penguins/internal/pkg/models/messages.pb.go:600.169,602.32 2 0
2019_1_undefined_penguins/internal/pkg/models/messages.pb.go:605.2,605.24 1 0
2019_1_undefined_penguins/internal/pkg/models/messages.pb.go:608.2,612.77 2 0
2019_1_undefined_penguins/internal/pkg/models/messages.pb.go:615.2,615.44 1 0
2019_1_undefined_penguins/internal/pkg/models/messages.pb.go:602.32,604.3 1 0
2019_1_undefined_penguins/internal/pkg/models/messages.pb.go:605.24,607.3 1 0
2019_1_undefined_penguins/internal/pkg/models/messages.pb.go:612.77,614.3 1 0
2019_1_undefined_penguins/internal/pkg/models/user_easyjson.go:20.100,22.17 2 0
2019_1_undefined_penguins/internal/pkg/models/user_easyjson.go:29.2,30.23 2 0
2019_1_undefined_penguins/internal/pkg/models/user_easyjson.go:48.2,49.16 2 0
2019_1_undefined_penguins/internal/pkg/models/user_easyjson.go:22.17,23.17 1 0
2019_1_undefined_penguins/internal/pkg/models/user_easyjson.go:26.3,27.9 2 0
2019_1_undefined_penguins/internal/pkg/models/user_easyjson.go:23.17,25.4 1 0
2019_1_undefined_penguins/internal/pkg/models/user_easyjson.go:30.23,33.18 3 0
2019_1_undefined_penguins/internal/pkg/models/user_easyjson.go:38.3,38.14 1 0
2019_1_undefined_penguins/internal/pkg/models/user_easyjson.go:46.3,46.17 1 0
2019_1_undefined_penguins/internal/pkg/models/user_easyjson.go:33.18,36.12 3 0
2019_1_undefined_penguins/internal/pkg/models/user_easyjson.go:39.16,40.35 1 0
2019_1_undefined_penguins/internal/pkg/models/user_easyjson.go:41.20,42.39 1 0
2019_1_undefined_penguins/internal/pkg/models/user_easyjson.go:43.11,44.22 1 0
2019_1_undefined_penguins/internal/pkg/models/user_easyjson.go:49.16,51.3 1 0
2019_1_undefined_penguins/internal/pkg/models/user_easyjson.go:53.101,57.2 4 0
2019_1_undefined_penguins/internal/pkg/models/user_easyjson.go:77.2,77.18 1 0
2019_1_undefined_penguins/internal/pkg/models/user_easyjson.go:57.2,59.12 2 0
2019_1_undefined_penguins/internal/pkg/models/user_easyjson.go:65.3,65.31 1 0
2019_1_undefined_penguins/internal/pkg/models/user_easyjson.go:59.12,62.4 2 0
2019_1_undefined_penguins/internal/pkg/models/user_easyjson.go:62.9,64.4 1 0
2019_1_undefined_penguins/internal/pkg/models/user_easyjson.go:67.2,69.12 2 0
2019_1_undefined_penguins/internal/pkg/models/user_easyjson.go:75.3,75.35 1 0
2019_1_undefined_penguins/internal/pkg/models/user_easyjson.go:69.12,72.4 2 0
2019_1_undefined_penguins/internal/pkg/models/user_easyjson.go:72.9,74.4 1 0
2019_1_undefined_penguins/internal/pkg/models/user_easyjson.go:81.48,85.2 3 0
2019_1_undefined_penguins/internal/pkg/models/user_easyjson.go:88.53,90.2 1 0
2019_1_undefined_penguins/internal/pkg/models/user_easyjson.go:93.52,97.2 3 0
2019_1_undefined_penguins/internal/pkg/models/user_easyjson.go:100.54,102.2 1 0
2019_1_undefined_penguins/internal/pkg/models/user_easyjson.go:103.106,105.17 2 0
2019_1_undefined_penguins/internal/pkg/models/user_easyjson.go:112.2,113.23 2 0
2019_1_undefined_penguins/internal/pkg/models/user_easyjson.go:131.2,132.16 2 0
2019_1_undefined_penguins/internal/pkg/models/user_easyjson.go:105.17,106.17 1 0
2019_1_undefined_penguins/internal/pkg/models/user_easyjson.go:109.3,110.9 2 0
2019_1_undefined_penguins/internal/pkg/models/user_easyjson.go:106.17,108.4 1 0
2019_1_undefined_penguins/internal/pkg/models/user_easyjson.go:113.23,116.18 3 0
2019_1_undefined_penguins/internal/pkg/models/user_easyjson.go:121.3,121.14 1 0
2019_1_undefined_penguins/internal/pkg/models/user_easyjson.go:129.3,129.17 1 0
2019_1_undefined_penguins/internal/pkg/models/user_easyjson.go:116.18,119.12 3 0
2019_1_undefined_penguins/internal/pkg/models/user_easyjson.go:122.16,123.31 1 0
2019_1_undefined_penguins/internal/pkg/models/user_easyjson.go:124.22,125.37 1 0
2019_1_undefined_penguins/internal/pkg/models/user_easyjson.go:126.11,127.22 1 0
2019_1_undefined_penguins/internal/pkg/models/user_easyjson.go:132.16,134.3 1 0
2019_1_undefined_penguins/internal/pkg/models/user_easyjson.go:136.107,140.2 4 0
2019_1_undefined_penguins/internal/pkg/models/user_easyjson.go:160.2,160.18 1 0
2019_1_undefined_penguins/internal/pkg/models/user_easyjson.go:140.2,142.12 2 0
2019_1_undefined_penguins/internal/pkg/models/user_easyjson.go:148.3,148.27 1 0
2019_1_undefined_penguins/internal/pkg/models/user_easyjson.go:142.12,145.4 2 0
2019_1_undefined_penguins/internal/pkg/models/user_easyjson.go:145.9,147.4 1 0
2019_1_undefined_penguins/internal/pkg/models/user_easyjson.go:150.2,152.12 2 0
2019_1_undefined_penguins/internal/pkg/models/user_easyjson.go:158.3,158.33 1 0
2019_1_undefined_penguins/internal/pkg/models/user_easyjson.go:152.12,155.4 2 0
2019_1_undefined_penguins/internal/pkg/models/user_easyjson.go:155.9,157.4 1 0
2019_1_undefined_penguins/internal/pkg/models/user_easyjson.go:164.53,168.2 3 0
2019_1_undefined_penguins/internal/pkg/models/user_easyjson.go:171.58,173.2 1 0
2019_1_undefined_penguins/internal/pkg/models/user_easyjson.go:176.57,180.2 3 0
2019_1_undefined_penguins/internal/pkg/models/user_easyjson.go:183.59,185.2 1 0
2019_1_undefined_penguins/internal/pkg/models/user_easyjson.go:186.106,188.17 2 0
2019_1_undefined_penguins/internal/pkg/models/user_easyjson.go:195.2,196.23 2 0
2019_1_undefined_penguins/internal/pkg/models/user_easyjson.go:226.2,227.16 2 0
2019_1_undefined_penguins/internal/pkg/models/user_easyjson.go:188.17,189.17 1 0
2019_1_undefined_penguins/internal/pkg/models/user_easyjson.go:192.3,193.9 2 0
2019_1_undefined_penguins/internal/pkg/models/user_easyjson.go:189.17,191.4 1 0
2019_1_undefined_penguins/internal/pkg/models/user_easyjson.go:196.23,199.18 3 0
2019_1_undefined_penguins/internal/pkg/models/user_easyjson.go:204.3,204.14 1 0
2019_1_undefined_penguins/internal/pkg/models/user_easyjson.go:224.3,224.17 1 0
2019_1_undefined_penguins/internal/pkg/models/user_easyjson.go:199.18,202.12 3 0
2019_1_undefined_penguins/internal/pkg/models/user_easyjson.go:205.13,206.32 1 0
2019_1_undefined_penguins/internal/pkg/models/user_easyjson.go:207.16,208.35 1 0
2019_1_undefined_penguins/internal/pkg/models/user_easyjson.go:209.16,210.35 1 0
2019_1_undefined_penguins/internal/pkg/models/user_easyjson.go:211.19,212.38 1 0
2019_1_undefined_penguins/internal/pkg/models/user_easyjson.go:213.23,214.42 1 0
2019_1_undefined_penguins/internal/pkg/models/user_easyjson.go:215.16,216.35 1 0
2019_1_undefined_penguins/internal/pkg/models/user_easyjson.go:217.18,218.37 1 0
2019_1_undefined_penguins/internal/pkg/models/user_easyjson.go:219.16,220.35 1 0
2019_1_undefined_penguins/internal/pkg/models/user_easyjson.go:221.11,222.22 1 0
2019_1_undefined_penguins/internal/pkg/models/user_easyjson.go:227.16,229.3 1 0
2019_1_undefined_penguins/internal/pkg/models/user_easyjson.go:231.107,235.2 4 0
2019_1_undefined_penguins/internal/pkg/models/user_easyjson.go:245.2,245.20 1 0
2019_1_undefined_penguins/internal/pkg/models/user_easyjson.go:255.2,255.20 1 0
2019_1_undefined_penguins/internal/pkg/models/user_easyjson.go:265.2,265.23 1 0
2019_1_undefined_penguins/internal/pkg/models/user_easyjson.go:275.2,275.27 1 0
2019_1_undefined_penguins/internal/pkg/models/user_easyjson.go:295.2,295.22 1 0
2019_1_undefined_penguins/internal/pkg/models/user_easyjson.go:315.2,315.18 1 0
2019_1_undefined_penguins/internal/pkg/models/user_easyjson.go:235.2,237.12 2 0
2019_1_undefined_penguins/internal/pkg/models/user_easyjson.go:243.3,243.28 1 0
2019_1_undefined_penguins/internal/pkg/models/user_easyjson.go:237.12,240.4 2 0
2019_1_undefined_penguins/internal/pkg/models/user_easyjson.go:240.9,242.4 1 0
2019_1_undefined_penguins/internal/pkg/models/user_easyjson.go:245.20,247.12 2 0
2019_1_undefined_penguins/internal/pkg/models/user_easyjson.go:253.3,253.31 1 0
2019_1_undefined_penguins/internal/pkg/models/user_easyjson.go:247.12,250.4 2 0
2019_1_undefined_penguins/internal/pkg/models/user_easyjson.go:250.9,252.4 1 0
2019_1_undefined_penguins/internal/pkg/models/user_easyjson.go:255.20,257.12 2 0
2019_1_undefined_penguins/internal/pkg/models/user_easyjson.go:263.3,263.31 1 0
2019_1_undefined_penguins/internal/pkg/models/user_easyjson.go:257.12,260.4 2 0
2019_1_undefined_penguins/internal/pkg/models/user_easyjson.go:260.9,262.4 1 0
2019_1_undefined_penguins/internal/pkg/models/user_easyjson.go:265.23,267.12 2 0
2019_1_undefined_penguins/internal/pkg/models/user_easyjson.go:273.3,273.34 1 0
2019_1_undefined_penguins/internal/pkg/models/user_easyjson.go:267.12,270.4 2 0
2019_1_undefined_penguins/internal/pkg/models/user_easyjson.go:270.9,272.4 1 0
2019_1_undefined_penguins/internal/pkg/models/user_easyjson.go:275.27,277.12 2 0
2019_1_undefined_penguins/internal/pkg/models/user_easyjson.go:283.3,283.38 1 0
2019_1_undefined_penguins/internal/pkg/models/user_easyjson.go:277.12,280.4 2 0
2019_1_undefined_penguins/internal/pkg/models/user_easyjson.go:280.9,282.4 1 0
2019_1_undefined_penguins/internal/pkg/models/user_easyjson.go:285.2,287.12 2 0
2019_1_undefined_penguins/internal/pkg/models/user_easyjson.go:293.3,293.31 1 0
2019_1_undefined_penguins/internal/pkg/models/user_easyjson.go:287.12,290.4 2 0
2019_1_undefined_penguins/internal/pkg/models/user_easyjson.go:290.9,292.4 1 0
2019_1_undefined_penguins/internal/pkg/models/user_easyjson.go:295.22,297.12 2 0
2019_1_undefined_penguins/internal/pkg/models/user_easyjson.go:303.3,303.33 1 0
2019_1_undefined_penguins/internal/pkg/models/user_easyjson.go:297.12,300.4 2 0
2019_1_undefined_penguins/internal/pkg/models/user_easyjson.go:300.9,302.4 1 0
2019_1_undefined_penguins/internal/pkg/models/user_easyjson.go:305.2,307.12 2 0
2019_1_undefined_penguins/internal/pkg/models/user_easyjson.go:313.3,313.31 1 0
2019_1_undefined_penguins/internal/pkg/models/user_easyjson.go:307.12,310.4 2 0
2019_1_undefined_penguins/internal/pkg/models/user_easyjson.go:310.9,312.4 1 0
2019_1_undefined_penguins/internal/pkg/models/user_easyjson.go:319.53,323.2 3 0
2019_1_undefined_penguins/internal/pkg/models/user_easyjson.go:326.58,328.2 1 0
2019_1_undefined_penguins/internal/pkg/models/user_easyjson.go:331.57,335.2 3 0
2019_1_undefined_penguins/internal/pkg/models/user_easyjson.go:338.59,340.2 1 0
2019_1_undefined_penguins/cmd/main.go:12.13,16.45 4 0
2019_1_undefined_penguins/cmd/main.go:16.45,21.17 5 0
2019_1_undefined_penguins/cmd/main.go:21.17,23.4 1 0
2019_1_undefined_penguins/internal/pkg/controllers/auth.go:17.53,19.16 2 0
2019_1_undefined_penguins/internal/pkg/controllers/auth.go:24.2,30.16 5 0
2019_1_undefined_penguins/internal/pkg/controllers/auth.go:34.2,39.16 5 0
2019_1_undefined_penguins/internal/pkg/controllers/auth.go:57.2,69.16 5 0
2019_1_undefined_penguins/internal/pkg/controllers/auth.go:74.2,75.16 2 0
2019_1_undefined_penguins/internal/pkg/controllers/auth.go:19.16,22.3 2 0
2019_1_undefined_penguins/internal/pkg/controllers/auth.go:30.16,33.3 2 0
2019_1_undefined_penguins/internal/pkg/controllers/auth.go:39.16,40.62 1 0
2019_1_undefined_penguins/internal/pkg/controllers/auth.go:41.10,43.10 2 0
2019_1_undefined_penguins/internal/pkg/controllers/auth.go:44.10,46.10 2 0
2019_1_undefined_penguins/internal/pkg/controllers/auth.go:47.10,49.10 2 0
2019_1_undefined_penguins/internal/pkg/controllers/auth.go:50.11,53.10 3 0
2019_1_undefined_penguins/internal/pkg/controllers/auth.go:69.16,72.3 2 0
2019_1_undefined_penguins/internal/pkg/controllers/auth.go:78.53,80.16 2 0
2019_1_undefined_penguins/internal/pkg/controllers/auth.go:85.2,92.16 5 0
2019_1_undefined_penguins/internal/pkg/controllers/auth.go:98.2,103.16 5 0
2019_1_undefined_penguins/internal/pkg/controllers/auth.go:127.2,140.16 6 0
2019_1_undefined_penguins/internal/pkg/controllers/auth.go:145.2,146.16 2 0
2019_1_undefined_penguins/internal/pkg/controllers/auth.go:80.16,84.3 3 0
2019_1_undefined_penguins/internal/pkg/controllers/auth.go:92.16,96.3 3 0
2019_1_undefined_penguins/internal/pkg/controllers/auth.go:103.16,104.62 1 0
2019_1_undefined_penguins/internal/pkg/controllers/auth.go:105.10,107.10 2 0
2019_1_undefined_penguins/internal/pkg/controllers/auth.go:108.10,110.10 2 0
2019_1_undefined_penguins/internal/pkg/controllers/auth.go:111.10,113.10 2 0
2019_1_undefined_penguins/internal/pkg/controllers/auth.go:114.10,116.10 2 0
2019_1_undefined_penguins/internal/pkg/controllers/auth.go:117.11,119.10 2 0
2019_1_undefined_penguins/internal/pkg/controllers/auth.go:120.11,123.10 3 0
2019_1_undefined_penguins/internal/pkg/controllers/auth.go:140.16,143.3 2 0
2019_1_undefined_penguins/internal/pkg/controllers/auth.go:149.54,151.16 2 0
2019_1_undefined_penguins/internal/pkg/controllers/auth.go:157.2,159.30 3 0
2019_1_undefined_penguins/internal/pkg/controllers/auth.go:151.16,155.3 3 0
2019_1_undefined_penguins/internal/pkg/controllers/auth.go:162.58,164.2 1 0
2019_1_undefined_penguins/internal/pkg/controllers/auth.go:168.47,170.2 1 0
2019_1_undefined_penguins/internal/pkg/controllers/leaderboard.go:15.65,20.16 4 0
2019_1_undefined_penguins/internal/pkg/controllers/leaderboard.go:24.2,33.50 6 0
2019_1_undefined_penguins/internal/pkg/controllers/leaderboard.go:20.16,23.3 2 0
2019_1_undefined_penguins/internal/pkg/controllers/leaderboard.go:33.50,35.3 1 0
2019_1_undefined_penguins/internal/pkg/controllers/leaderboard.go:35.8,38.3 2 0
2019_1_undefined_penguins/internal/pkg/controllers/leaderboard.go:41.65,49.50 6 0
2019_1_undefined_penguins/internal/pkg/controllers/leaderboard.go:49.50,51.3 1 0
2019_1_undefined_penguins/internal/pkg/controllers/leaderboard.go:51.8,54.3 2 0
2019_1_undefined_penguins/internal/pkg/helpers/passwords.go:8.43,13.2 4 1
2019_1_undefined_penguins/internal/pkg/helpers/passwords.go:15.52,17.2 1 1
2019_1_undefined_penguins/internal/pkg/models/user.go:18.47,20.17 2 0
2019_1_undefined_penguins/internal/pkg/models/user.go:23.2,34.15 9 0
2019_1_undefined_penguins/internal/pkg/models/user.go:20.17,22.3 1 0
2019_1_undefined_penguins/internal/pkg/models/user.go:37.44,39.17 2 0
2019_1_undefined_penguins/internal/pkg/models/user.go:42.2,53.15 9 0
2019_1_undefined_penguins/internal/pkg/models/user.go:39.17,41.3 1 0
2019_1_undefined_penguins/internal/pkg/models/user.go:56.50,58.29 2 0
2019_1_undefined_penguins/internal/pkg/models/user.go:61.2,61.16 1 0
2019_1_undefined_penguins/internal/pkg/models/user.go:58.29,60.3 1 0
2019_1_undefined_penguins/internal/pkg/models/user.go:73.13,75.2 1 1
2019_1_undefined_penguins/internal/pkg/models/user.go:77.34,79.2 1 0
2019_1_undefined_penguins/internal/pkg/controllers/profile.go:20.49,22.19 2 0
2019_1_undefined_penguins/internal/pkg/controllers/profile.go:27.2,31.16 4 0
2019_1_undefined_penguins/internal/pkg/controllers/profile.go:43.2,46.16 3 0
2019_1_undefined_penguins/internal/pkg/controllers/profile.go:50.2,51.8 2 0
2019_1_undefined_penguins/internal/pkg/controllers/profile.go:22.19,25.3 2 0
2019_1_undefined_penguins/internal/pkg/controllers/profile.go:31.16,32.62 1 0
2019_1_undefined_penguins/internal/pkg/controllers/profile.go:33.10,35.10 2 0
2019_1_undefined_penguins/internal/pkg/controllers/profile.go:36.11,39.10 3 0
2019_1_undefined_penguins/internal/pkg/controllers/profile.go:46.16,49.3 2 0
2019_1_undefined_penguins/internal/pkg/controllers/profile.go:54.60,62.16 5 0
2019_1_undefined_penguins/internal/pkg/controllers/profile.go:74.2,75.16 2 0
2019_1_undefined_penguins/internal/pkg/controllers/profile.go:80.2,88.16 5 0
2019_1_undefined_penguins/internal/pkg/controllers/profile.go:93.2,99.16 6 0
2019_1_undefined_penguins/internal/pkg/controllers/profile.go:103.2,104.8 2 0
2019_1_undefined_penguins/internal/pkg/controllers/profile.go:62.16,63.62 1 0
2019_1_undefined_penguins/internal/pkg/controllers/profile.go:64.10,66.10 2 0
2019_1_undefined_penguins/internal/pkg/controllers/profile.go:67.11,70.10 3 0
2019_1_undefined_penguins/internal/pkg/controllers/profile.go:75.16,79.3 3 0
2019_1_undefined_penguins/internal/pkg/controllers/profile.go:88.16,92.3 3 0
2019_1_undefined_penguins/internal/pkg/controllers/profile.go:99.16,102.3 2 0
2019_1_undefined_penguins/internal/pkg/controllers/profile.go:107.58,114.16 5 0
2019_1_undefined_penguins/internal/pkg/controllers/profile.go:126.2,127.16 2 0
2019_1_undefined_penguins/internal/pkg/controllers/profile.go:133.2,143.16 4 0
2019_1_undefined_penguins/internal/pkg/controllers/profile.go:148.2,163.16 9 0
2019_1_undefined_penguins/internal/pkg/controllers/profile.go:169.2,176.16 3 0
2019_1_undefined_penguins/internal/pkg/controllers/profile.go:182.2,189.16 7 0
2019_1_undefined_penguins/internal/pkg/controllers/profile.go:114.16,115.62 1 0
2019_1_undefined_penguins/internal/pkg/controllers/profile.go:116.10,118.10 2 0
2019_1_undefined_penguins/internal/pkg/controllers/profile.go:119.11,122.10 3 0
2019_1_undefined_penguins/internal/pkg/controllers/profile.go:127.16,131.3 3 0
2019_1_undefined_penguins/internal/pkg/controllers/profile.go:143.16,147.3 3 0
2019_1_undefined_penguins/internal/pkg/controllers/profile.go:163.16,167.3 3 0
2019_1_undefined_penguins/internal/pkg/controllers/profile.go:176.16,180.3 3 0
2019_1_undefined_penguins/internal/pkg/middleware/middleware.go:21.53,22.71 1 0
2019_1_undefined_penguins/internal/pkg/middleware/middleware.go:22.71,31.28 6 0
2019_1_undefined_penguins/internal/pkg/middleware/middleware.go:35.3,35.23 1 0
2019_1_undefined_penguins/internal/pkg/middleware/middleware.go:31.28,33.4 1 0
2019_1_undefined_penguins/internal/pkg/middleware/middleware.go:39.54,40.71 1 0
2019_1_undefined_penguins/internal/pkg/middleware/middleware.go:40.71,41.16 1 0
2019_1_undefined_penguins/internal/pkg/middleware/middleware.go:47.3,47.23 1 0
2019_1_undefined_penguins/internal/pkg/middleware/middleware.go:41.16,42.36 1 0
2019_1_undefined_penguins/internal/pkg/middleware/middleware.go:42.36,45.5 2 0
2019_1_undefined_penguins/internal/pkg/middleware/middleware.go:51.53,52.71 1 0
2019_1_undefined_penguins/internal/pkg/middleware/middleware.go:52.71,53.28 1 0
2019_1_undefined_penguins/internal/pkg/middleware/middleware.go:57.3,59.39 2 0
2019_1_undefined_penguins/internal/pkg/middleware/middleware.go:64.3,64.85 1 0
2019_1_undefined_penguins/internal/pkg/middleware/middleware.go:73.3,73.66 1 0
2019_1_undefined_penguins/internal/pkg/middleware/middleware.go:78.3,78.23 1 0
2019_1_undefined_penguins/internal/pkg/middleware/middleware.go:53.28,56.4 2 0
2019_1_undefined_penguins/internal/pkg/middleware/middleware.go:59.39,62.4 2 0
2019_1_undefined_penguins/internal/pkg/middleware/middleware.go:64.85,65.59 1 0
2019_1_undefined_penguins/internal/pkg/middleware/middleware.go:70.4,70.22 1 0
2019_1_undefined_penguins/internal/pkg/middleware/middleware.go:65.59,69.5 3 0
2019_1_undefined_penguins/internal/pkg/middleware/middleware.go:73.66,77.4 3 0
2019_1_undefined_penguins/internal/pkg/middleware/middleware.go:82.59,83.71 1 0
2019_1_undefined_penguins/internal/pkg/middleware/middleware.go:83.71,90.3 3 0
2019_1_undefined_penguins/internal/pkg/middleware/middleware.go:93.60,95.2 1 0
2019_1_undefined_penguins/internal/pkg/middleware/middleware.go:97.42,100.2 2 0
2019_1_undefined_penguins/internal/pkg/middleware/middleware.go:102.50,103.17 1 0
2019_1_undefined_penguins/internal/pkg/middleware/middleware.go:107.2,108.15 2 0
2019_1_undefined_penguins/internal/pkg/middleware/middleware.go:103.17,105.3 1 0
2019_1_undefined_penguins/internal/pkg/middleware/middleware.go:111.39,113.2 1 0
2019_1_undefined_penguins/internal/app/server/server.go:29.37,31.2 1 0
2019_1_undefined_penguins/internal/app/server/server.go:33.36,44.16 4 0
2019_1_undefined_penguins/internal/app/server/server.go:48.2,78.12 18 0
2019_1_undefined_penguins/internal/app/server/server.go:82.2,82.89 1 0
2019_1_undefined_penguins/internal/app/server/server.go:44.16,47.3 2 0
2019_1_undefined_penguins/internal/app/server/server.go:78.12,80.3 1 0
2019_1_undefined_penguins/internal/pkg/helpers/cookies.go:10.64,20.2 2 0
2019_1_undefined_penguins/internal/pkg/helpers/logs.go:5.33,7.2 1 1
2019_1_undefined_penguins/internal/pkg/fileserver/fileserver.go:8.20,17.2 4 0
2019_1_undefined_penguins/internal/pkg/models/user_easyjson.go:20.100,22.17 2 0
2019_1_undefined_penguins/internal/pkg/models/user_easyjson.go:29.2,30.23 2 0
2019_1_undefined_penguins/internal/pkg/models/user_easyjson.go:48.2,49.16 2 0
2019_1_undefined_penguins/internal/pkg/models/user_easyjson.go:22.17,23.17 1 0
2019_1_undefined_penguins/internal/pkg/models/user_easyjson.go:26.3,27.9 2 0
2019_1_undefined_penguins/internal/pkg/models/user_easyjson.go:23.17,25.4 1 0
2019_1_undefined_penguins/internal/pkg/models/user_easyjson.go:30.23,33.18 3 0
2019_1_undefined_penguins/internal/pkg/models/user_easyjson.go:38.3,38.14 1 0
2019_1_undefined_penguins/internal/pkg/models/user_easyjson.go:46.3,46.17 1 0
2019_1_undefined_penguins/internal/pkg/models/user_easyjson.go:33.18,36.12 3 0
2019_1_undefined_penguins/internal/pkg/models/user_easyjson.go:39.16,40.35 1 0
2019_1_undefined_penguins/internal/pkg/models/user_easyjson.go:41.20,42.39 1 0
2019_1_undefined_penguins/internal/pkg/models/user_easyjson.go:43.11,44.22 1 0
2019_1_undefined_penguins/internal/pkg/models/user_easyjson.go:49.16,51.3 1 0
2019_1_undefined_penguins/internal/pkg/models/user_easyjson.go:53.101,57.2 4 0
2019_1_undefined_penguins/internal/pkg/models/user_easyjson.go:77.2,77.18 1 0
2019_1_undefined_penguins/internal/pkg/models/user_easyjson.go:57.2,59.12 2 0
2019_1_undefined_penguins/internal/pkg/models/user_easyjson.go:65.3,65.31 1 0
2019_1_undefined_penguins/internal/pkg/models/user_easyjson.go:59.12,62.4 2 0
2019_1_undefined_penguins/internal/pkg/models/user_easyjson.go:62.9,64.4 1 0
2019_1_undefined_penguins/internal/pkg/models/user_easyjson.go:67.2,69.12 2 0
2019_1_undefined_penguins/internal/pkg/models/user_easyjson.go:75.3,75.35 1 0
2019_1_undefined_penguins/internal/pkg/models/user_easyjson.go:69.12,72.4 2 0
2019_1_undefined_penguins/internal/pkg/models/user_easyjson.go:72.9,74.4 1 0
2019_1_undefined_penguins/internal/pkg/models/user_easyjson.go:81.48,85.2 3 0
2019_1_undefined_penguins/internal/pkg/models/user_easyjson.go:88.53,90.2 1 0
2019_1_undefined_penguins/internal/pkg/models/user_easyjson.go:93.52,97.2 3 0
2019_1_undefined_penguins/internal/pkg/models/user_easyjson.go:100.54,102.2 1 0
2019_1_undefined_penguins/internal/pkg/models/user_easyjson.go:103.106,105.17 2 0
2019_1_undefined_penguins/internal/pkg/models/user_easyjson.go:112.2,113.23 2 0
2019_1_undefined_penguins/internal/pkg/models/user_easyjson.go:131.2,132.16 2 0
2019_1_undefined_penguins/internal/pkg/models/user_easyjson.go:105.17,106.17 1 0
2019_1_undefined_penguins/internal/pkg/models/user_easyjson.go:109.3,110.9 2 0
2019_1_undefined_penguins/internal/pkg/models/user_easyjson.go:106.17,108.4 1 0
2019_1_undefined_penguins/internal/pkg/models/user_easyjson.go:113.23,116.18 3 0
2019_1_undefined_penguins/internal/pkg/models/user_easyjson.go:121.3,121.14 1 0
2019_1_undefined_penguins/internal/pkg/models/user_easyjson.go:129.3,129.17 1 0
2019_1_undefined_penguins/internal/pkg/models/user_easyjson.go:116.18,119.12 3 0
2019_1_undefined_penguins/internal/pkg/models/user_easyjson.go:122.16,123.31 1 0
2019_1_undefined_penguins/internal/pkg/models/user_easyjson.go:124.22,125.37 1 0
2019_1_undefined_penguins/internal/pkg/models/user_easyjson.go:126.11,127.22 1 0
2019_1_undefined_penguins/internal/pkg/models/user_easyjson.go:132.16,134.3 1 0
2019_1_undefined_penguins/internal/pkg/models/user_easyjson.go:136.107,140.2 4 0
2019_1_undefined_penguins/internal/pkg/models/user_easyjson.go:160.2,160.18 1 0
2019_1_undefined_penguins/internal/pkg/models/user_easyjson.go:140.2,142.12 2 0
2019_1_undefined_penguins/internal/pkg/models/user_easyjson.go:148.3,148.27 1 0
2019_1_undefined_penguins/internal/pkg/models/user_easyjson.go:142.12,145.4 2 0
2019_1_undefined_penguins/internal/pkg/models/user_easyjson.go:145.9,147.4 1 0
2019_1_undefined_penguins/internal/pkg/models/user_easyjson.go:150.2,152.12 2 0
2019_1_undefined_penguins/internal/pkg/models/user_easyjson.go:158.3,158.33 1 0
2019_1_undefined_penguins/internal/pkg/models/user_easyjson.go:152.12,155.4 2 0
2019_1_undefined_penguins/internal/pkg/models/user_easyjson.go:155.9,157.4 1 0
2019_1_undefined_penguins/internal/pkg/models/user_easyjson.go:164.53,168.2 3 0
2019_1_undefined_penguins/internal/pkg/models/user_easyjson.go:171.58,173.2 1 0
2019_1_undefined_penguins/internal/pkg/models/user_easyjson.go:176.57,180.2 3 0
2019_1_undefined_penguins/internal/pkg/models/user_easyjson.go:183.59,185.2 1 0
2019_1_undefined_penguins/internal/pkg/models/user_easyjson.go:186.106,188.17 2 0
2019_1_undefined_penguins/internal/pkg/models/user_easyjson.go:195.2,196.23 2 0
2019_1_undefined_penguins/internal/pkg/models/user_easyjson.go:226.2,227.16 2 0
2019_1_undefined_penguins/internal/pkg/models/user_easyjson.go:188.17,189.17 1 0
2019_1_undefined_penguins/internal/pkg/models/user_easyjson.go:192.3,193.9 2 0
2019_1_undefined_penguins/internal/pkg/models/user_easyjson.go:189.17,191.4 1 0
2019_1_undefined_penguins/internal/pkg/models/user_easyjson.go:196.23,199.18 3 0
2019_1_undefined_penguins/internal/pkg/models/user_easyjson.go:204.3,204.14 1 0
2019_1_undefined_penguins/internal/pkg/models/user_easyjson.go:224.3,224.17 1 0
2019_1_undefined_penguins/internal/pkg/models/user_easyjson.go:199.18,202.12 3 0
2019_1_undefined_penguins/internal/pkg/models/user_easyjson.go:205.13,206.32 1 0
2019_1_undefined_penguins/internal/pkg/models/user_easyjson.go:207.16,208.35 1 0
2019_1_undefined_penguins/internal/pkg/models/user_easyjson.go:209.16,210.35 1 0
2019_1_undefined_penguins/internal/pkg/models/user_easyjson.go:211.19,212.38 1 0
2019_1_undefined_penguins/internal/pkg/models/user_easyjson.go:213.23,214.42 1 0
2019_1_undefined_penguins/internal/pkg/models/user_easyjson.go:215.16,216.35 1 0
2019_1_undefined_penguins/internal/pkg/models/user_easyjson.go:217.18,218.37 1 0
2019_1_undefined_penguins/internal/pkg/models/user_easyjson.go:219.16,220.35 1 0
2019_1_undefined_penguins/internal/pkg/models/user_easyjson.go:221.11,222.22 1 0
2019_1_undefined_penguins/internal/pkg/models/user_easyjson.go:227.16,229.3 1 0
2019_1_undefined_penguins/internal/pkg/models/user_easyjson.go:231.107,235.2 4 0
2019_1_undefined_penguins/internal/pkg/models/user_easyjson.go:245.2,245.20 1 0
2019_1_undefined_penguins/internal/pkg/models/user_easyjson.go:255.2,255.20 1 0
2019_1_undefined_penguins/internal/pkg/models/user_easyjson.go:265.2,265.23 1 0
2019_1_undefined_penguins/internal/pkg/models/user_easyjson.go:275.2,275.27 1 0
2019_1_undefined_penguins/internal/pkg/models/user_easyjson.go:295.2,295.22 1 0
2019_1_undefined_penguins/internal/pkg/models/user_easyjson.go:315.2,315.18 1 0
2019_1_undefined_penguins/internal/pkg/models/user_easyjson.go:235.2,237.12 2 0
2019_1_undefined_penguins/internal/pkg/models/user_easyjson.go:243.3,243.28 1 0
2019_1_undefined_penguins/internal/pkg/models/user_easyjson.go:237.12,240.4 2 0
2019_1_undefined_penguins/internal/pkg/models/user_easyjson.go:240.9,242.4 1 0
2019_1_undefined_penguins/internal/pkg/models/user_easyjson.go:245.20,247.12 2 0
2019_1_undefined_penguins/internal/pkg/models/user_easyjson.go:253.3,253.31 1 0
2019_1_undefined_penguins/internal/pkg/models/user_easyjson.go:247.12,250.4 2 0
2019_1_undefined_penguins/internal/pkg/models/user_easyjson.go:250.9,252.4 1 0
2019_1_undefined_penguins/internal/pkg/models/user_easyjson.go:255.20,257.12 2 0
2019_1_undefined_penguins/internal/pkg/models/user_easyjson.go:263.3,263.31 1 0
2019_1_undefined_penguins/internal/pkg/models/user_easyjson.go:257.12,260.4 2 0
2019_1_undefined_penguins/internal/pkg/models/user_easyjson.go:260.9,262.4 1 0
2019_1_undefined_penguins/internal/pkg/models/user_easyjson.go:265.23,267.12 2 0
2019_1_undefined_penguins/internal/pkg/models/user_easyjson.go:273.3,273.34 1 0
2019_1_undefined_penguins/internal/pkg/models/user_easyjson.go:267.12,270.4 2 0
2019_1_undefined_penguins/internal/pkg/models/user_easyjson.go:270.9,272.4 1 0
2019_1_undefined_penguins/internal/pkg/models/user_easyjson.go:275.27,277.12 2 0
2019_1_undefined_penguins/internal/pkg/models/user_easyjson.go:283.3,283.38 1 0
2019_1_undefined_penguins/internal/pkg/models/user_easyjson.go:277.12,280.4 2 0
2019_1_undefined_penguins/internal/pkg/models/user_easyjson.go:280.9,282.4 1 0
2019_1_undefined_penguins/internal/pkg/models/user_easyjson.go:285.2,287.12 2 0
2019_1_undefined_penguins/internal/pkg/models/user_easyjson.go:293.3,293.31 1 0
2019_1_undefined_penguins/internal/pkg/models/user_easyjson.go:287.12,290.4 2 0
2019_1_undefined_penguins/internal/pkg/models/user_easyjson.go:290.9,292.4 1 0
2019_1_undefined_penguins/internal/pkg/models/user_easyjson.go:295.22,297.12 2 0
2019_1_undefined_penguins/internal/pkg/models/user_easyjson.go:303.3,303.33 1 0
2019_1_undefined_penguins/internal/pkg/models/user_easyjson.go:297.12,300.4 2 0
2019_1_undefined_penguins/internal/pkg/models/user_easyjson.go:300.9,302.4 1 0
2019_1_undefined_penguins/internal/pkg/models/user_easyjson.go:305.2,307.12 2 0
2019_1_undefined_penguins/internal/pkg/models/user_easyjson.go:313.3,313.31 1 0
2019_1_undefined_penguins/internal/pkg/models/user_easyjson.go:307.12,310.4 2 0
2019_1_undefined_penguins/internal/pkg/models/user_easyjson.go:310.9,312.4 1 0
2019_1_undefined_penguins/internal/pkg/models/user_easyjson.go:319.53,323.2 3 0
2019_1_undefined_penguins/internal/pkg/models/user_easyjson.go:326.58,328.2 1 0
2019_1_undefined_penguins/internal/pkg/models/user_easyjson.go:331.57,335.2 3 0
2019_1_undefined_penguins/internal/pkg/models/user_easyjson.go:338.59,340.2 1 0
2019_1_undefined_penguins/internal/pkg/helpers/passwords.go:8.43,13.2 4 0
2019_1_undefined_penguins/internal/pkg/helpers/passwords.go:15.52,17.2 1 0
2019_1_undefined_penguins/internal/pkg/controllers/leaderboard.go:15.65,20.16 4 0
2019_1_undefined_penguins/internal/pkg/controllers/leaderboard.go:24.2,33.50 6 0
2019_1_undefined_penguins/internal/pkg/controllers/leaderboard.go:20.16,23.3 2 0
2019_1_undefined_penguins/internal/pkg/controllers/leaderboard.go:33.50,35.3 1 0
2019_1_undefined_penguins/internal/pkg/controllers/leaderboard.go:35.8,38.3 2 0
2019_1_undefined_penguins/internal/pkg/controllers/leaderboard.go:41.65,49.50 6 0
2019_1_undefined_penguins/internal/pkg/controllers/leaderboard.go:49.50,51.3 1 0
2019_1_undefined_penguins/internal/pkg/controllers/leaderboard.go:51.8,54.3 2 0
2019_1_undefined_penguins/internal/pkg/middleware/middleware.go:21.53,22.71 1 0
2019_1_undefined_penguins/internal/pkg/middleware/middleware.go:22.71,31.28 6 0
2019_1_undefined_penguins/internal/pkg/middleware/middleware.go:35.3,35.23 1 0
2019_1_undefined_penguins/internal/pkg/middleware/middleware.go:31.28,33.4 1 0
2019_1_undefined_penguins/internal/pkg/middleware/middleware.go:39.54,40.71 1 0
2019_1_undefined_penguins/internal/pkg/middleware/middleware.go:40.71,41.16 1 0
2019_1_undefined_penguins/internal/pkg/middleware/middleware.go:47.3,47.23 1 0
2019_1_undefined_penguins/internal/pkg/middleware/middleware.go:41.16,42.36 1 0
2019_1_undefined_penguins/internal/pkg/middleware/middleware.go:42.36,45.5 2 0
2019_1_undefined_penguins/internal/pkg/middleware/middleware.go:51.53,52.71 1 0
2019_1_undefined_penguins/internal/pkg/middleware/middleware.go:52.71,53.28 1 0
2019_1_undefined_penguins/internal/pkg/middleware/middleware.go:57.3,59.39 2 0
2019_1_undefined_penguins/internal/pkg/middleware/middleware.go:64.3,64.85 1 0
2019_1_undefined_penguins/internal/pkg/middleware/middleware.go:73.3,73.66 1 0
2019_1_undefined_penguins/internal/pkg/middleware/middleware.go:78.3,78.23 1 0
2019_1_undefined_penguins/internal/pkg/middleware/middleware.go:53.28,56.4 2 0
2019_1_undefined_penguins/internal/pkg/middleware/middleware.go:59.39,62.4 2 0
2019_1_undefined_penguins/internal/pkg/middleware/middleware.go:64.85,65.59 1 0
2019_1_undefined_penguins/internal/pkg/middleware/middleware.go:70.4,70.22 1 0
2019_1_undefined_penguins/internal/pkg/middleware/middleware.go:65.59,69.5 3 0
2019_1_undefined_penguins/internal/pkg/middleware/middleware.go:73.66,77.4 3 0
2019_1_undefined_penguins/internal/pkg/middleware/middleware.go:82.59,83.71 1 0
2019_1_undefined_penguins/internal/pkg/middleware/middleware.go:83.71,90.3 3 0
2019_1_undefined_penguins/internal/pkg/middleware/middleware.go:93.60,95.2 1 0
2019_1_undefined_penguins/internal/pkg/middleware/middleware.go:97.42,100.2 2 0
2019_1_undefined_penguins/internal/pkg/middleware/middleware.go:102.50,103.17 1 0
2019_1_undefined_penguins/internal/pkg/middleware/middleware.go:107.2,108.15 2 0
2019_1_undefined_penguins/internal/pkg/middleware/middleware.go:103.17,105.3 1 0
2019_1_undefined_penguins/internal/pkg/middleware/middleware.go:111.39,113.2 1 0
2019_1_undefined_penguins/internal/app/server/server.go:29.37,31.2 1 0
2019_1_undefined_penguins/internal/app/server/server.go:33.36,44.16 4 0
2019_1_undefined_penguins/internal/app/server/server.go:48.2,78.12 18 0
2019_1_undefined_penguins/internal/app/server/server.go:82.2,82.89 1 0
2019_1_undefined_penguins/internal/app/server/server.go:44.16,47.3 2 0
2019_1_undefined_penguins/internal/app/server/server.go:78.12,80.3 1 0
2019_1_undefined_penguins/internal/pkg/helpers/cookies.go:10.64,20.2 2 0
2019_1_undefined_penguins/internal/pkg/models/messages.pb.go:39.32,39.47 1 0
2019_1_undefined_penguins/internal/pkg/models/messages.pb.go:40.32,40.69 1 0
2019_1_undefined_penguins/internal/pkg/models/messages.pb.go:41.33,41.34 0 0
2019_1_undefined_penguins/internal/pkg/models/messages.pb.go:42.43,44.2 1 0
2019_1_undefined_penguins/internal/pkg/models/messages.pb.go:46.46,48.2 1 0
2019_1_undefined_penguins/internal/pkg/models/messages.pb.go:49.74,51.2 1 0
2019_1_undefined_penguins/internal/pkg/models/messages.pb.go:52.45,54.2 1 0
2019_1_undefined_penguins/internal/pkg/models/messages.pb.go:55.31,57.2 1 0
[...]
2019_1_undefined_penguins/internal/pkg/models/messages.pb.go:117.2,117.10 1 0
2019_1_undefined_penguins/internal/pkg/models/messages.pb.go:114.14,116.3 1 0
2019_1_undefined_penguins/internal/pkg/models/messages.pb.go:127.38,127.59 1 1
2019_1_undefined_penguins/internal/pkg/models/messages.pb.go:128.38,128.75 1 1
2019_1_undefined_penguins/internal/pkg/models/messages.pb.go:129.39,129.40 0 0
2019_1_undefined_penguins/internal/pkg/models/messages.pb.go:130.49,132.2 1 0
2019_1_undefined_penguins/internal/pkg/models/messages.pb.go:134.52,136.2 1 1
2019_1_undefined_penguins/internal/pkg/models/messages.pb.go:137.80,139.2 1 0
2019_1_undefined_penguins/internal/pkg/models/messages.pb.go:140.51,142.2 1 0
2019_1_undefined_penguins/internal/pkg/models/messages.pb.go:143.37,145.2 1 0
2019_1_undefined_penguins/internal/pkg/models/messages.pb.go:146.43,148.2 1 0
2019_1_undefined_penguins/internal/pkg/models/messages.pb.go:152.41,153.14 1 0
2019_1_undefined_penguins/internal/pkg/models/messages.pb.go:156.2,156.12 1 0
2019_1_undefined_penguins/internal/pkg/models/messages.pb.go:153.14,155.3 1 0
2019_1_undefined_penguins/internal/pkg/models/messages.pb.go:166.31,166.45 1 1
2019_1_undefined_penguins/internal/pkg/models/messages.pb.go:167.31,167.68 1 0
2019_1_undefined_penguins/internal/pkg/models/messages.pb.go:168.32,168.33 0 0
2019_1_undefined_penguins/internal/pkg/models/messages.pb.go:169.42,171.2 1 0
2019_1_undefined_penguins/internal/pkg/models/messages.pb.go:173.45,175.2 1 1
2019_1_undefined_penguins/internal/pkg/models/messages.pb.go:176.73,178.2 1 1
2019_1_undefined_penguins/internal/pkg/models/messages.pb.go:179.44,181.2 1 0
2019_1_undefined_penguins/internal/pkg/models/messages.pb.go:182.30,184.2 1 1
2019_1_undefined_penguins/internal/pkg/models/messages.pb.go:185.36,187.2 1 0
2019_1_undefined_penguins/internal/pkg/models/messages.pb.go:191.33,192.14 1 0
2019_1_undefined_penguins/internal/pkg/models/messages.pb.go:195.2,195.11 1 0
2019_1_undefined_penguins/internal/pkg/models/messages.pb.go:192.14,194.3 1 0
2019_1_undefined_penguins/internal/pkg/models/messages.pb.go:207.39,207.61 1 1
2019_1_undefined_penguins/internal/pkg/models/messages.pb.go:208.39,208.76 1 0
2019_1_undefined_penguins/internal/pkg/models/messages.pb.go:209.40,209.41 0 0
2019_1_undefined_penguins/internal/pkg/models/messages.pb.go:210.50,212.2 1 0
2019_1_undefined_penguins/internal/pkg/models/messages.pb.go:214.53,216.2 1 1
2019_1_undefined_penguins/internal/pkg/models/messages.pb.go:217.81,219.2 1 1
2019_1_undefined_penguins/internal/pkg/models/messages.pb.go:220.52,222.2 1 0
2019_1_undefined_penguins/internal/pkg/models/messages.pb.go:223.38,225.2 1 1
2019_1_undefined_penguins/internal/pkg/models/messages.pb.go:226.44,228.2 1 0
2019_1_undefined_penguins/internal/pkg/models/messages.pb.go:232.38,233.14 1 0
2019_1_undefined_penguins/internal/pkg/models/messages.pb.go:236.2,236.10 1 0
2019_1_undefined_penguins/internal/pkg/models/messages.pb.go:233.14,235.3 1 0
2019_1_undefined_penguins/internal/pkg/models/messages.pb.go:239.41,240.14 1 0
2019_1_undefined_penguins/internal/pkg/models/messages.pb.go:243.2,243.10 1 0
2019_1_undefined_penguins/internal/pkg/models/messages.pb.go:240.14,242.3 1 0
2019_1_undefined_penguins/internal/pkg/models/messages.pb.go:246.47,247.14 1 0
2019_1_undefined_penguins/internal/pkg/models/messages.pb.go:250.2,250.10 1 0
2019_1_undefined_penguins/internal/pkg/models/messages.pb.go:247.14,249.3 1 0
2019_1_undefined_penguins/internal/pkg/models/messages.pb.go:259.35,259.53 1 0
2019_1_undefined_penguins/internal/pkg/models/messages.pb.go:260.35,260.72 1 0
2019_1_undefined_penguins/internal/pkg/models/messages.pb.go:261.36,261.37 0 0
2019_1_undefined_penguins/internal/pkg/models/messages.pb.go:262.46,264.2 1 0
2019_1_undefined_penguins/internal/pkg/models/messages.pb.go:266.49,268.2 1 0
2019_1_undefined_penguins/internal/pkg/models/messages.pb.go:269.77,271.2 1 1
2019_1_undefined_penguins/internal/pkg/models/messages.pb.go:272.48,274.2 1 0
2019_1_undefined_penguins/internal/pkg/models/messages.pb.go:275.34,277.2 1 1
2019_1_undefined_penguins/internal/pkg/models/messages.pb.go:278.40,280.2 1 0
2019_1_undefined_penguins/internal/pkg/models/messages.pb.go:284.13,290.2 5 1
2019_1_undefined_penguins/internal/pkg/models/messages.pb.go:292.13,292.86 1 1
2019_1_undefined_penguins/internal/pkg/models/messages.pb.go:353.66,355.2 1 1
2019_1_undefined_penguins/internal/pkg/models/messages.pb.go:357.109,360.16 3 1
2019_1_undefined_penguins/internal/pkg/models/messages.pb.go:363.2,363.17 1 1
2019_1_undefined_penguins/internal/pkg/models/messages.pb.go:360.16,362.3 1 0
2019_1_undefined_penguins/internal/pkg/models/messages.pb.go:366.112,369.16 3 1
2019_1_undefined_penguins/internal/pkg/models/messages.pb.go:372.2,372.17 1 0
2019_1_undefined_penguins/internal/pkg/models/messages.pb.go:369.16,371.3 1 1
2019_1_undefined_penguins/internal/pkg/models/messages.pb.go:375.107,378.16 3 1
2019_1_undefined_penguins/internal/pkg/models/messages.pb.go:381.2,381.17 1 1
2019_1_undefined_penguins/internal/pkg/models/messages.pb.go:378.16,380.3 1 0
2019_1_undefined_penguins/internal/pkg/models/messages.pb.go:384.126,387.16 3 1
2019_1_undefined_penguins/internal/pkg/models/messages.pb.go:390.2,390.17 1 1
2019_1_undefined_penguins/internal/pkg/models/messages.pb.go:387.16,389.3 1 0
2019_1_undefined_penguins/internal/pkg/models/messages.pb.go:393.127,396.16 3 1
2019_1_undefined_penguins/internal/pkg/models/messages.pb.go:399.2,399.17 1 1
2019_1_undefined_penguins/internal/pkg/models/messages.pb.go:396.16,398.3 1 0
2019_1_undefined_penguins/internal/pkg/models/messages.pb.go:402.114,405.16 3 1
2019_1_undefined_penguins/internal/pkg/models/messages.pb.go:408.2,408.17 1 0
2019_1_undefined_penguins/internal/pkg/models/messages.pb.go:405.16,407.3 1 1
2019_1_undefined_penguins/internal/pkg/models/messages.pb.go:411.121,414.16 3 0
2019_1_undefined_penguins/internal/pkg/models/messages.pb.go:417.2,417.17 1 0
2019_1_undefined_penguins/internal/pkg/models/messages.pb.go:414.16,416.3 1 0
2019_1_undefined_penguins/internal/pkg/models/messages.pb.go:420.113,423.16 3 0
2019_1_undefined_penguins/internal/pkg/models/messages.pb.go:426.2,426.17 1 0
2019_1_undefined_penguins/internal/pkg/models/messages.pb.go:423.16,425.3 1 0
2019_1_undefined_penguins/internal/pkg/models/messages.pb.go:429.116,432.16 3 0
2019_1_undefined_penguins/internal/pkg/models/messages.pb.go:435.2,435.17 1 0
2019_1_undefined_penguins/internal/pkg/models/messages.pb.go:432.16,434.3 1 0
2019_1_undefined_penguins/internal/pkg/models/messages.pb.go:452.71,454.2 1 0
2019_1_undefined_penguins/internal/pkg/models/messages.pb.go:456.166,458.32 2 0
2019_1_undefined_penguins/internal/pkg/models/messages.pb.go:461.2,461.24 1 0
2019_1_undefined_penguins/internal/pkg/models/messages.pb.go:464.2,468.77 2 0
2019_1_undefined_penguins/internal/pkg/models/messages.pb.go:471.2,471.44 1 0
2019_1_undefined_penguins/internal/pkg/models/messages.pb.go:458.32,460.3 1 0
2019_1_undefined_penguins/internal/pkg/models/messages.pb.go:461.24,463.3 1 0
2019_1_undefined_penguins/internal/pkg/models/messages.pb.go:468.77,470.3 1 0
2019_1_undefined_penguins/internal/pkg/models/messages.pb.go:474.169,476.32 2 0
2019_1_undefined_penguins/internal/pkg/models/messages.pb.go:479.2,479.24 1 0
2019_1_undefined_penguins/internal/pkg/models/messages.pb.go:482.2,486.77 2 0
2019_1_undefined_penguins/internal/pkg/models/messages.pb.go:489.2,489.44 1 0
2019_1_undefined_penguins/internal/pkg/models/messages.pb.go:476.32,478.3 1 0
2019_1_undefined_penguins/internal/pkg/models/messages.pb.go:479.24,481.3 1 0
2019_1_undefined_penguins/internal/pkg/models/messages.pb.go:486.77,488.3 1 0
2019_1_undefined_penguins/internal/pkg/models/messages.pb.go:492.164,494.32 2 0
2019_1_undefined_penguins/internal/pkg/models/messages.pb.go:497.2,497.24 1 0
2019_1_undefined_penguins/internal/pkg/models/messages.pb.go:500.2,504.77 2 0
2019_1_undefined_penguins/internal/pkg/models/messages.pb.go:507.2,507.44 1 0
2019_1_undefined_penguins/internal/pkg/models/messages.pb.go:494.32,496.3 1 0
2019_1_undefined_penguins/internal/pkg/models/messages.pb.go:497.24,499.3 1 0
2019_1_undefined_penguins/internal/pkg/models/messages.pb.go:504.77,506.3 1 0
2019_1_undefined_penguins/internal/pkg/models/messages.pb.go:510.169,512.32 2 0
2019_1_undefined_penguins/internal/pkg/models/messages.pb.go:515.2,515.24 1 0
2019_1_undefined_penguins/internal/pkg/models/messages.pb.go:518.2,522.77 2 0
2019_1_undefined_penguins/internal/pkg/models/messages.pb.go:525.2,525.44 1 0
2019_1_undefined_penguins/internal/pkg/models/messages.pb.go:512.32,514.3 1 0
2019_1_undefined_penguins/internal/pkg/models/messages.pb.go:515.24,517.3 1 0
2019_1_undefined_penguins/internal/pkg/models/messages.pb.go:522.77,524.3 1 0
2019_1_undefined_penguins/internal/pkg/models/messages.pb.go:528.173,530.32 2 0
2019_1_undefined_penguins/internal/pkg/models/messages.pb.go:533.2,533.24 1 0
2019_1_undefined_penguins/internal/pkg/models/messages.pb.go:536.2,540.77 2 0
2019_1_undefined_penguins/internal/pkg/models/messages.pb.go:543.2,543.44 1 0
2019_1_undefined_penguins/internal/pkg/models/messages.pb.go:530.32,532.3 1 0
2019_1_undefined_penguins/internal/pkg/models/messages.pb.go:533.24,535.3 1 0
2019_1_undefined_penguins/internal/pkg/models/messages.pb.go:540.77,542.3 1 0
2019_1_undefined_penguins/internal/pkg/models/messages.pb.go:546.167,548.32 2 0
2019_1_undefined_penguins/internal/pkg/models/messages.pb.go:551.2,551.24 1 0
2019_1_undefined_penguins/internal/pkg/models/messages.pb.go:554.2,558.77 2 0
2019_1_undefined_penguins/internal/pkg/models/messages.pb.go:561.2,561.44 1 0
2019_1_undefined_penguins/internal/pkg/models/messages.pb.go:548.32,550.3 1 0
2019_1_undefined_penguins/internal/pkg/models/messages.pb.go:551.24,553.3 1 0
2019_1_undefined_penguins/internal/pkg/models/messages.pb.go:558.77,560.3 1 0
2019_1_undefined_penguins/internal/pkg/models/messages.pb.go:564.174,566.32 2 0
2019_1_undefined_penguins/internal/pkg/models/messages.pb.go:569.2,569.24 1 0
2019_1_undefined_penguins/internal/pkg/models/messages.pb.go:572.2,576.77 2 0
2019_1_undefined_penguins/internal/pkg/models/messages.pb.go:579.2,579.44 1 0
2019_1_undefined_penguins/internal/pkg/models/messages.pb.go:566.32,568.3 1 0
2019_1_undefined_penguins/internal/pkg/models/messages.pb.go:569.24,571.3 1 0
2019_1_undefined_penguins/internal/pkg/models/messages.pb.go:576.77,578.3 1 0
2019_1_undefined_penguins/internal/pkg/models/messages.pb.go:582.167,584.32 2 0
2019_1_undefined_penguins/internal/pkg/models/messages.pb.go:587.2,587.24 1 0
2019_1_undefined_penguins/internal/pkg/models/messages.pb.go:590.2,594.77 2 0
2019_1_undefined_penguins/internal/pkg/models/messages.pb.go:597.2,597.44 1 0
2019_1_undefined_penguins/internal/pkg/models/messages.pb.go:584.32,586.3 1 0
2019_1_undefined_penguins/internal/pkg/models/messages.pb.go:587.24,589.3 1 0
2019_1_undefined_penguins/internal/pkg/models/messages.pb.go:594.77,596.3 1 0
2019_1_undefined_penguins/internal/pkg/models/messages.pb.go:600.169,602.32 2 0
2019_1_undefined_penguins/internal/pkg/models/messages.pb.go:605.2,605.24 1 0
2019_1_undefined_penguins/internal/pkg/models/messages.pb.go:608.2,612.77 2 0
2019_1_undefined_penguins/internal/pkg/models/messages.pb.go:615.2,615.44 1 0
2019_1_undefined_penguins/internal/pkg/models/messages.pb.go:602.32,604.3 1 0
2019_1_undefined_penguins/internal/pkg/models/messages.pb.go:605.24,607.3 1 0
2019_1_undefined_penguins/internal/pkg/models/messages.pb.go:612.77,614.3 1 0
2019_1_undefined_penguins/internal/app/server/server.go:29.37,31.2 1 0
2019_1_undefined_penguins/internal/app/server/server.go:33.36,44.16 4 0
2019_1_undefined_penguins/internal/app/server/server.go:48.2,78.12 18 0
2019_1_undefined_penguins/internal/app/server/server.go:82.2,82.89 1 0
2019_1_undefined_penguins/internal/app/server/server.go:44.16,47.3 2 0
2019_1_undefined_penguins/internal/app/server/server.go:78.12,80.3 1 0
2019_1_undefined_penguins/internal/pkg/controllers/profile.go:20.49,22.19 2 1
2019_1_undefined_penguins/internal/pkg/controllers/profile.go:27.2,31.16 4 1
2019_1_undefined_penguins/internal/pkg/controllers/profile.go:43.2,46.16 3 1
2019_1_undefined_penguins/internal/pkg/controllers/profile.go:50.2,51.8 2 1
2019_1_undefined_penguins/internal/pkg/controllers/profile.go:22.19,25.3 2 0
2019_1_undefined_penguins/internal/pkg/controllers/profile.go:31.16,32.62 1 0
2019_1_undefined_penguins/internal/pkg/controllers/profile.go:33.10,35.10 2 0
2019_1_undefined_penguins/internal/pkg/controllers/profile.go:36.11,39.10 3 0
2019_1_undefined_penguins/internal/pkg/controllers/profile.go:46.16,49.3 2 0
2019_1_undefined_penguins/internal/pkg/controllers/profile.go:54.60,62.16 5 1
2019_1_undefined_penguins/internal/pkg/controllers/profile.go:74.2,75.16 2 1
2019_1_undefined_penguins/internal/pkg/controllers/profile.go:80.2,88.16 5 1
2019_1_undefined_penguins/internal/pkg/controllers/profile.go:93.2,99.16 6 1
2019_1_undefined_penguins/internal/pkg/controllers/profile.go:103.2,104.8 2 1
2019_1_undefined_penguins/internal/pkg/controllers/profile.go:62.16,63.62 1 0
2019_1_undefined_penguins/internal/pkg/controllers/profile.go:64.10,66.10 2 0
2019_1_undefined_penguins/internal/pkg/controllers/profile.go:67.11,70.10 3 0
2019_1_undefined_penguins/internal/pkg/controllers/profile.go:75.16,79.3 3 0
2019_1_undefined_penguins/internal/pkg/controllers/profile.go:88.16,92.3 3 0
2019_1_undefined_penguins/internal/pkg/controllers/profile.go:99.16,102.3 2 0
2019_1_undefined_penguins/internal/pkg/controllers/profile.go:107.58,114.16 5 1
2019_1_undefined_penguins/internal/pkg/controllers/profile.go:126.2,127.16 2 1
2019_1_undefined_penguins/internal/pkg/controllers/profile.go:133.2,143.16 4 0
2019_1_undefined_penguins/internal/pkg/controllers/profile.go:148.2,163.16 9 0
2019_1_undefined_penguins/internal/pkg/controllers/profile.go:169.2,176.16 3 0
2019_1_undefined_penguins/internal/pkg/controllers/profile.go:182.2,189.16 7 0
2019_1_undefined_penguins/internal/pkg/controllers/profile.go:114.16,115.62 1 0
2019_1_undefined_penguins/internal/pkg/controllers/profile.go:116.10,118.10 2 0
2019_1_undefined_penguins/internal/pkg/controllers/profile.go:119.11,122.10 3 0
2019_1_undefined_penguins/internal/pkg/controllers/profile.go:127.16,131.3 3 1
2019_1_undefined_penguins/internal/pkg/controllers/profile.go:143.16,147.3 3 0
2019_1_undefined_penguins/internal/pkg/controllers/profile.go:163.16,167.3 3 0
2019_1_undefined_penguins/internal/pkg/controllers/profile.go:176.16,180.3 3 0
2019_1_undefined_penguins/internal/pkg/middleware/middleware.go:21.53,22.71 1 0
2019_1_undefined_penguins/internal/pkg/middleware/middleware.go:22.71,31.28 6 0
2019_1_undefined_penguins/internal/pkg/middleware/middleware.go:35.3,35.23 1 0
2019_1_undefined_penguins/internal/pkg/middleware/middleware.go:31.28,33.4 1 0
2019_1_undefined_penguins/internal/pkg/middleware/middleware.go:39.54,40.71 1 0
2019_1_undefined_penguins/internal/pkg/middleware/middleware.go:40.71,41.16 1 0
2019_1_undefined_penguins/internal/pkg/middleware/middleware.go:47.3,47.23 1 0
2019_1_undefined_penguins/internal/pkg/middleware/middleware.go:41.16,42.36 1 0
2019_1_undefined_penguins/internal/pkg/middleware/middleware.go:42.36,45.5 2 0
2019_1_undefined_penguins/internal/pkg/middleware/middleware.go:51.53,52.71 1 0
2019_1_undefined_penguins/internal/pkg/middleware/middleware.go:52.71,53.28 1 0
2019_1_undefined_penguins/internal/pkg/middleware/middleware.go:57.3,59.39 2 0
2019_1_undefined_penguins/internal/pkg/middleware/middleware.go:64.3,64.85 1 0
2019_1_undefined_penguins/internal/pkg/middleware/middleware.go:73.3,73.66 1 0
2019_1_undefined_penguins/internal/pkg/middleware/middleware.go:78.3,78.23 1 0
2019_1_undefined_penguins/internal/pkg/middleware/middleware.go:53.28,56.4 2 0
2019_1_undefined_penguins/internal/pkg/middleware/middleware.go:59.39,62.4 2 0
2019_1_undefined_penguins/internal/pkg/middleware/middleware.go:64.85,65.59 1 0
2019_1_undefined_penguins/internal/pkg/middleware/middleware.go:70.4,70.22 1 0
2019_1_undefined_penguins/internal/pkg/middleware/middleware.go:65.59,69.5 3 0
2019_1_undefined_penguins/internal/pkg/middleware/middleware.go:73.66,77.4 3 0
2019_1_undefined_penguins/internal/pkg/middleware/middleware.go:82.59,83.71 1 0
2019_1_undefined_penguins/internal/pkg/middleware/middleware.go:83.71,90.3 3 0
2019_1_undefined_penguins/internal/pkg/middleware/middleware.go:93.60,95.2 1 0
2019_1_undefined_penguins/internal/pkg/middleware/middleware.go:97.42,100.2 2 0
2019_1_undefined_penguins/internal/pkg/middleware/middleware.go:102.50,103.17 1 0
2019_1_undefined_penguins/internal/pkg/middleware/middleware.go:107.2,108.15 2 0
2019_1_undefined_penguins/internal/pkg/middleware/middleware.go:103.17,105.3 1 0
2019_1_undefined_penguins/internal/pkg/middleware/middleware.go:111.39,113.2 1 0
2019_1_undefined_penguins/internal/pkg/controllers/auth.go:17.53,19.16 2 1
2019_1_undefined_penguins/internal/pkg/controllers/auth.go:24.2,30.16 5 1
2019_1_undefined_penguins/internal/pkg/controllers/auth.go:34.2,39.16 5 1
2019_1_undefined_penguins/internal/pkg/controllers/auth.go:57.2,69.16 5 1
2019_1_undefined_penguins/internal/pkg/controllers/auth.go:74.2,75.16 2 1
2019_1_undefined_penguins/internal/pkg/controllers/auth.go:19.16,22.3 2 0
2019_1_undefined_penguins/internal/pkg/controllers/auth.go:30.16,33.3 2 0
2019_1_undefined_penguins/internal/pkg/controllers/auth.go:39.16,40.62 1 0
2019_1_undefined_penguins/internal/pkg/controllers/auth.go:41.10,43.10 2 0
2019_1_undefined_penguins/internal/pkg/controllers/auth.go:44.10,46.10 2 0
2019_1_undefined_penguins/internal/pkg/controllers/auth.go:47.10,49.10 2 0
2019_1_undefined_penguins/internal/pkg/controllers/auth.go:50.11,53.10 3 0
2019_1_undefined_penguins/internal/pkg/controllers/auth.go:69.16,72.3 2 0
2019_1_undefined_penguins/internal/pkg/controllers/auth.go:78.53,80.16 2 1
2019_1_undefined_penguins/internal/pkg/controllers/auth.go:85.2,92.16 5 1
2019_1_undefined_penguins/internal/pkg/controllers/auth.go:98.2,103.16 5 1
2019_1_undefined_penguins/internal/pkg/controllers/auth.go:127.2,140.16 6 0
2019_1_undefined_penguins/internal/pkg/controllers/auth.go:145.2,146.16 2 0
2019_1_undefined_penguins/internal/pkg/controllers/auth.go:80.16,84.3 3 0
2019_1_undefined_penguins/internal/pkg/controllers/auth.go:92.16,96.3 3 1
2019_1_undefined_penguins/internal/pkg/controllers/auth.go:103.16,104.62 1 1
2019_1_undefined_penguins/internal/pkg/controllers/auth.go:105.10,107.10 2 0
2019_1_undefined_penguins/internal/pkg/controllers/auth.go:108.10,110.10 2 0
2019_1_undefined_penguins/internal/pkg/controllers/auth.go:111.10,113.10 2 1
2019_1_undefined_penguins/internal/pkg/controllers/auth.go:114.10,116.10 2 0
2019_1_undefined_penguins/internal/pkg/controllers/auth.go:117.11,119.10 2 0
2019_1_undefined_penguins/internal/pkg/controllers/auth.go:120.11,123.10 3 0
2019_1_undefined_penguins/internal/pkg/controllers/auth.go:140.16,143.3 2 0
2019_1_undefined_penguins/internal/pkg/controllers/auth.go:149.54,151.16 2 1
2019_1_undefined_penguins/internal/pkg/controllers/auth.go:157.2,159.30 3 1
2019_1_undefined_penguins/internal/pkg/controllers/auth.go:151.16,155.3 3 1
2019_1_undefined_penguins/internal/pkg/controllers/auth.go:162.58,164.2 1 1
2019_1_undefined_penguins/internal/pkg/controllers/auth.go:168.47,170.2 1 0
2019_1_undefined_penguins/internal/pkg/controllers/leaderboard.go:15.65,20.16 4 1
2019_1_undefined_penguins/internal/pkg/controllers/leaderboard.go:24.2,33.50 6 1
2019_1_undefined_penguins/internal/pkg/controllers/leaderboard.go:20.16,23.3 2 1
2019_1_undefined_penguins/internal/pkg/controllers/leaderboard.go:33.50,35.3 1 0
2019_1_undefined_penguins/internal/pkg/controllers/leaderboard.go:35.8,38.3 2 1
2019_1_undefined_penguins/internal/pkg/controllers/leaderboard.go:41.65,49.50 6 1
2019_1_undefined_penguins/internal/pkg/controllers/leaderboard.go:49.50,51.3 1 0
2019_1_undefined_penguins/internal/pkg/controllers/leaderboard.go:51.8,54.3 2 1
